2026-04-07 19:43:14,698 [INFO] Activator:176 - 


2026-04-07 19:43:14,699 [INFO] Activator:177 - !SESSION log4j initialized
2026-04-07 19:43:15,743 [INFO] LogOutputStream:77 - [STDOUT_REDIRECT] 
2026-04-07 19:43:16,626 [INFO] ApplicationProperties:184 - Using Application install path: /opt/st/stm32cubeide_1.19.0/plugins/com.st.stm32cube.common.mx_6.15.0.202507011659
2026-04-07 19:43:16,635 [INFO] DbMcusXml:78 - Set database path to: /opt/st/stm32cubeide_1.19.0/plugins/com.st.stm32cube.common.mx_6.15.0.202507011659//db//mcu/
2026-04-07 19:43:16,636 [INFO] ApiDb:274 - Set plugin database path to: /opt/st/stm32cubeide_1.19.0/plugins/com.st.stm32cube.common.mx_6.15.0.202507011659//db//plugins/boardmanager/
2026-04-07 19:43:16,636 [WARN] ApiDb:259 - Overriding images path with different value:  => /opt/st/stm32cubeide_1.19.0/plugins/com.st.stm32cube.common.mx_6.15.0.202507011659//db//plugins/mcufinder/images/
2026-04-07 19:43:16,637 [INFO] ApiDb:250 - Set database path to: /home/bcomerfo/.stmcufinder/plugins/mcufinder//mcu/
2026-04-07 19:43:16,638 [INFO] DbMcusAds:125 - Set database path to: /home/bcomerfo/.stmcufinder/plugins/mcufinder//mcu/
2026-04-07 19:43:16,639 [INFO] CrossReferenceDbSqlite:203 - Set database path to: /home/bcomerfo/.stmcufinder/plugins/mcufinder//mcu/cs/
2026-04-07 19:43:16,702 [INFO] RulesReader:64 - Compatibility file has been processed (317 Rules)
2026-04-07 19:43:16,734 [INFO] DbMcusXml:78 - Set database path to: /opt/st/stm32cubeide_1.19.0/plugins/com.st.stm32cube.common.mx_6.15.0.202507011659//db//mcu/
2026-04-07 19:43:16,734 [INFO] ApiDb:274 - Set plugin database path to: /opt/st/stm32cubeide_1.19.0/plugins/com.st.stm32cube.common.mx_6.15.0.202507011659//db//plugins/boardmanager/
2026-04-07 19:43:16,734 [INFO] ApiDb:261 - Set plugin images path to: /opt/st/stm32cubeide_1.19.0/plugins/com.st.stm32cube.common.mx_6.15.0.202507011659//db//plugins/mcufinder/images/
2026-04-07 19:43:16,734 [WARN] DbFile:41 - Overriding database path with different value: /home/bcomerfo/.stmcufinder/plugins/mcufinder/ => /home/bcomerfo/.stmcufinder/plugins/mcufinder
2026-04-07 19:43:16,734 [INFO] ApiDb:250 - Set database path to: /home/bcomerfo/.stmcufinder/plugins/mcufinder//mcu/
2026-04-07 19:43:16,734 [WARN] DbFile:41 - Overriding database path with different value: /home/bcomerfo/.stmcufinder/plugins/mcufinder/ => /home/bcomerfo/.stmcufinder/plugins/mcufinder
2026-04-07 19:43:16,734 [INFO] DbMcusAds:125 - Set database path to: /home/bcomerfo/.stmcufinder/plugins/mcufinder//mcu/
2026-04-07 19:43:16,734 [WARN] DbFile:41 - Overriding database path with different value: /home/bcomerfo/.stmcufinder/plugins/mcufinder/ => /home/bcomerfo/.stmcufinder/plugins/mcufinder
2026-04-07 19:43:16,734 [WARN] DbFile:41 - Overriding database path with different value: /home/bcomerfo/.stmcufinder/plugins/mcufinder/ => /home/bcomerfo/.stmcufinder/plugins/mcufinder
2026-04-07 19:43:16,734 [INFO] CrossReferenceDbSqlite:203 - Set database path to: /home/bcomerfo/.stmcufinder/plugins/mcufinder//mcu/cs/
2026-04-07 19:43:16,769 [INFO] MainPanel:274 - HeapMemory: 268435456
2026-04-07 19:43:16,825 [INFO] DbMcusXml:78 - Set database path to: /opt/st/stm32cubeide_1.19.0/plugins/com.st.stm32cube.common.mx_6.15.0.202507011659//db//mcu/
2026-04-07 19:43:16,826 [INFO] ApiDb:274 - Set plugin database path to: /opt/st/stm32cubeide_1.19.0/plugins/com.st.stm32cube.common.mx_6.15.0.202507011659//db//plugins/boardmanager/
2026-04-07 19:43:16,826 [INFO] ApiDb:261 - Set plugin images path to: /opt/st/stm32cubeide_1.19.0/plugins/com.st.stm32cube.common.mx_6.15.0.202507011659//db//plugins/mcufinder/images/
2026-04-07 19:43:16,826 [WARN] DbFile:41 - Overriding database path with different value: /home/bcomerfo/.stmcufinder/plugins/mcufinder/ => /home/bcomerfo/.stmcufinder/plugins/mcufinder
2026-04-07 19:43:16,826 [INFO] ApiDb:250 - Set database path to: /home/bcomerfo/.stmcufinder/plugins/mcufinder//mcu/
2026-04-07 19:43:16,826 [WARN] DbFile:41 - Overriding database path with different value: /home/bcomerfo/.stmcufinder/plugins/mcufinder/ => /home/bcomerfo/.stmcufinder/plugins/mcufinder
2026-04-07 19:43:16,826 [INFO] DbMcusAds:125 - Set database path to: /home/bcomerfo/.stmcufinder/plugins/mcufinder//mcu/
2026-04-07 19:43:16,826 [WARN] DbFile:41 - Overriding database path with different value: /home/bcomerfo/.stmcufinder/plugins/mcufinder/ => /home/bcomerfo/.stmcufinder/plugins/mcufinder
2026-04-07 19:43:16,826 [WARN] DbFile:41 - Overriding database path with different value: /home/bcomerfo/.stmcufinder/plugins/mcufinder/ => /home/bcomerfo/.stmcufinder/plugins/mcufinder
2026-04-07 19:43:16,826 [INFO] CrossReferenceDbSqlite:203 - Set database path to: /home/bcomerfo/.stmcufinder/plugins/mcufinder//mcu/cs/
2026-04-07 19:43:16,835 [INFO] ApplicationProperties:184 - Using Application install path: /opt/st/stm32cubeide_1.19.0/plugins/com.st.stm32cube.common.mx_6.15.0.202507011659
2026-04-07 19:43:16,836 [INFO] PluginManage:196 - Search for loadable plugins [exclusion list=, ]
2026-04-07 19:43:16,836 [INFO] PluginManage:310 - Check plugin analytics
2026-04-07 19:43:16,913 [INFO] AnalyticsPlugin:253 - Accepted Software Licenses: 
2026-04-07 19:43:16,913 [INFO] AnalyticsPlugin:255 - Accepted CMSIS Pack Licenses: 
2026-04-07 19:43:16,913 [INFO] AnalyticsPlugin:257 - Accepted Firmware Licenses: FW.G4.1.6.0,FW.L4.1.18.0
2026-04-07 19:43:16,914 [INFO] PluginManage:359 - Loaded plugin analytics (category:tool,tabindex:-1)
2026-04-07 19:43:16,914 [INFO] PluginManage:310 - Check plugin cadmodel
2026-04-07 19:43:16,916 [INFO] CADModel:105 - Init CAD model plugin
2026-04-07 19:43:16,916 [INFO] PluginManage:359 - Loaded plugin cadmodel (category:power,tabindex:5)
2026-04-07 19:43:16,916 [INFO] PluginManage:310 - Check plugin clock
2026-04-07 19:43:16,920 [INFO] PluginManage:359 - Loaded plugin clock (category:base,tabindex:2)
2026-04-07 19:43:16,920 [INFO] PluginManage:310 - Check plugin ddr
2026-04-07 19:43:16,921 [INFO] PluginManage:359 - Loaded plugin ddr (category:tool,tabindex:6)
2026-04-07 19:43:16,921 [INFO] PluginManage:310 - Check plugin filemanager
2026-04-07 19:43:17,006 [INFO] PluginManage:359 - Loaded plugin filemanager (category:base,tabindex:10)
2026-04-07 19:43:17,006 [INFO] PluginManage:310 - Check plugin ipmanager
2026-04-07 19:43:17,009 [INFO] PluginManage:359 - Loaded plugin ipmanager (category:base,tabindex:5)
2026-04-07 19:43:17,009 [INFO] PluginManage:310 - Check plugin lpbam
2026-04-07 19:43:17,018 [INFO] PluginManage:359 - Loaded plugin lpbam (category:base,tabindex:0)
2026-04-07 19:43:17,018 [INFO] PluginManage:310 - Check plugin memorymap
2026-04-07 19:43:17,026 [INFO] PluginManage:359 - Loaded plugin memorymap (category:base,tabindex:4)
2026-04-07 19:43:17,026 [INFO] PluginManage:310 - Check plugin pinoutandconfiguration
2026-04-07 19:43:17,030 [INFO] PluginManage:359 - Loaded plugin pinoutandconfiguration (category:base,tabindex:1)
2026-04-07 19:43:17,030 [INFO] PluginManage:310 - Check plugin pinoutconfig
2026-04-07 19:43:17,084 [WARN] SupportedApi:132 - Cannot load RTOS API schema: s4s-elt-must-match.1: The content of 'definitions' must match (annotation?, (simpleType | complexType)?, (unique | key | keyref)*)). A problem was found starting at: attribute.
2026-04-07 19:43:17,141 [INFO] PluginManage:359 - Loaded plugin pinoutconfig (category:base,tabindex:0)
2026-04-07 19:43:17,141 [INFO] PluginManage:310 - Check plugin power
2026-04-07 19:43:17,144 [INFO] PluginManage:359 - Loaded plugin power (category:power,tabindex:4)
2026-04-07 19:43:17,145 [INFO] PluginManage:310 - Check plugin projectmanager
2026-04-07 19:43:17,153 [INFO] PluginManage:359 - Loaded plugin projectmanager (category:projectmanager,tabindex:4)
2026-04-07 19:43:17,153 [INFO] PluginManage:310 - Check plugin rif
2026-04-07 19:43:17,157 [INFO] PluginManage:359 - Loaded plugin rif (category:base,tabindex:3)
2026-04-07 19:43:17,157 [INFO] PluginManage:310 - Check plugin thirdparty
2026-04-07 19:43:17,209 [INFO] PluginManage:359 - Loaded plugin thirdparty (category:base,tabindex:-1)
2026-04-07 19:43:17,210 [INFO] PluginManage:310 - Check plugin tools
2026-04-07 19:43:17,209 [WARN] IntegrityCheckThread:84 - waiting for thirdparty lock release [integrity check]
2026-04-07 19:43:17,210 [INFO] IntegrityCheckThread:86 - entering critical section [integrity check]
2026-04-07 19:43:17,210 [INFO] ThirdPartyUpdaterWithRetryManager:70 - Updater plugin not ready yet. [1/15]
2026-04-07 19:43:17,211 [INFO] PluginManage:359 - Loaded plugin tools (category:base,tabindex:7)
2026-04-07 19:43:17,211 [INFO] PluginManage:310 - Check plugin tutovideos
2026-04-07 19:43:17,305 [INFO] PluginManage:359 - Loaded plugin tutovideos (category:base,tabindex:-1)
2026-04-07 19:43:17,305 [INFO] PluginManage:310 - Check plugin updater
2026-04-07 19:43:17,320 [INFO] PluginManage:359 - Loaded plugin updater (category:base,tabindex:12)
2026-04-07 19:43:17,320 [INFO] PluginManage:310 - Check plugin userauth
2026-04-07 19:43:17,322 [INFO] UserAuth:118 - Init User Auth plugin
2026-04-07 19:43:17,322 [INFO] PluginManage:359 - Loaded plugin userauth (category:base,tabindex:14)
2026-04-07 19:43:17,322 [INFO] PluginManage:283 - PluginManage : Loaded plugins [18]
2026-04-07 19:43:17,460 [INFO] PinOutPanel:1589 - setPackage(No Configuration,No Configuration)
2026-04-07 19:43:17,498 [INFO] CADModel:165 - CPN selected for project level
2026-04-07 19:43:17,498 [INFO] CADModel:114 - Register for checkConnection events
2026-04-07 19:43:17,503 [INFO] IPUIPlugin:80 - create IPUIPlugin
2026-04-07 19:43:17,503 [INFO] PluginManager:220 - loadIPPluginJar : add tim
2026-04-07 19:43:17,507 [INFO] IPUIPlugin:80 - create IPUIPlugin
2026-04-07 19:43:17,507 [INFO] PluginManager:220 - loadIPPluginJar : add mdma
2026-04-07 19:43:17,508 [INFO] IPUIPlugin:80 - create IPUIPlugin
2026-04-07 19:43:17,508 [INFO] PluginManager:220 - loadIPPluginJar : add fatfs
2026-04-07 19:43:17,512 [INFO] IPUIPlugin:80 - create IPUIPlugin
2026-04-07 19:43:17,512 [INFO] PluginManager:220 - loadIPPluginJar : add linkedlist
2026-04-07 19:43:17,514 [INFO] IPUIPlugin:80 - create IPUIPlugin
2026-04-07 19:43:17,514 [INFO] PluginManager:220 - loadIPPluginJar : add openamp
2026-04-07 19:43:17,515 [INFO] IPUIPlugin:80 - create IPUIPlugin
2026-04-07 19:43:17,515 [INFO] PluginManager:220 - loadIPPluginJar : add radio
2026-04-07 19:43:17,518 [INFO] IPUIPlugin:80 - create IPUIPlugin
2026-04-07 19:43:17,518 [INFO] PluginManager:220 - loadIPPluginJar : add touchsensing
2026-04-07 19:43:17,520 [INFO] IPUIPlugin:80 - create IPUIPlugin
2026-04-07 19:43:17,520 [INFO] PluginManager:220 - loadIPPluginJar : add tracer_emb
2026-04-07 19:43:17,521 [INFO] IPUIPlugin:80 - create IPUIPlugin
2026-04-07 19:43:17,522 [INFO] PluginManager:220 - loadIPPluginJar : add extmemmanager
2026-04-07 19:43:17,524 [INFO] IPUIPlugin:80 - create IPUIPlugin
2026-04-07 19:43:17,524 [INFO] PluginManager:220 - loadIPPluginJar : add opamp
2026-04-07 19:43:17,525 [INFO] IPUIPlugin:80 - create IPUIPlugin
2026-04-07 19:43:17,525 [INFO] PluginManager:220 - loadIPPluginJar : add can
2026-04-07 19:43:17,526 [INFO] IPUIPlugin:80 - create IPUIPlugin
2026-04-07 19:43:17,526 [INFO] PluginManager:220 - loadIPPluginJar : add tsc
2026-04-07 19:43:17,527 [INFO] IPUIPlugin:80 - create IPUIPlugin
2026-04-07 19:43:17,527 [INFO] PluginManager:220 - loadIPPluginJar : add pdm2pcm
2026-04-07 19:43:17,528 [INFO] IPUIPlugin:80 - create IPUIPlugin
2026-04-07 19:43:17,528 [INFO] PluginManager:220 - loadIPPluginJar : add spi
2026-04-07 19:43:17,530 [INFO] IPUIPlugin:80 - create IPUIPlugin
2026-04-07 19:43:17,530 [INFO] PluginManager:220 - loadIPPluginJar : add hash
2026-04-07 19:43:17,533 [INFO] IPUIPlugin:80 - create IPUIPlugin
2026-04-07 19:43:17,533 [INFO] PluginManager:220 - loadIPPluginJar : add stm32_wpan
2026-04-07 19:43:17,534 [INFO] IPUIPlugin:80 - create IPUIPlugin
2026-04-07 19:43:17,535 [INFO] PluginManager:220 - loadIPPluginJar : add dma3
2026-04-07 19:43:17,535 [INFO] IPUIPlugin:80 - create IPUIPlugin
2026-04-07 19:43:17,535 [INFO] PluginManager:220 - loadIPPluginJar : add quadspi
2026-04-07 19:43:17,537 [INFO] IPUIPlugin:80 - create IPUIPlugin
2026-04-07 19:43:17,537 [INFO] PluginManager:220 - loadIPPluginJar : add usbx
2026-04-07 19:43:17,538 [INFO] IPUIPlugin:80 - create IPUIPlugin
2026-04-07 19:43:17,538 [INFO] PluginManager:220 - loadIPPluginJar : add ucpd
2026-04-07 19:43:17,539 [INFO] IPUIPlugin:80 - create IPUIPlugin
2026-04-07 19:43:17,539 [INFO] PluginManager:220 - loadIPPluginJar : add i2c
2026-04-07 19:43:17,541 [INFO] IPUIPlugin:80 - create IPUIPlugin
2026-04-07 19:43:17,541 [INFO] PluginManager:220 - loadIPPluginJar : add ipddr
2026-04-07 19:43:17,542 [INFO] IPUIPlugin:80 - create IPUIPlugin
2026-04-07 19:43:17,543 [INFO] PluginManager:220 - loadIPPluginJar : add ltdc
2026-04-07 19:43:17,543 [INFO] IPUIPlugin:80 - create IPUIPlugin
2026-04-07 19:43:17,544 [INFO] PluginManager:220 - loadIPPluginJar : add comp
2026-04-07 19:43:17,545 [INFO] IPUIPlugin:80 - create IPUIPlugin
2026-04-07 19:43:17,545 [INFO] PluginManager:220 - loadIPPluginJar : add genericplugin
2026-04-07 19:43:17,548 [INFO] IPUIPlugin:80 - create IPUIPlugin
2026-04-07 19:43:17,548 [INFO] PluginManager:220 - loadIPPluginJar : add adc
2026-04-07 19:43:17,549 [INFO] IPUIPlugin:80 - create IPUIPlugin
2026-04-07 19:43:17,549 [INFO] PluginManager:220 - loadIPPluginJar : add aes
2026-04-07 19:43:17,550 [INFO] IPUIPlugin:80 - create IPUIPlugin
2026-04-07 19:43:17,551 [INFO] PluginManager:220 - loadIPPluginJar : add ddr_ctrl_phy
2026-04-07 19:43:17,554 [INFO] IPUIPlugin:80 - create IPUIPlugin
2026-04-07 19:43:17,555 [INFO] PluginManager:220 - loadIPPluginJar : add plateformsettings
2026-04-07 19:43:17,557 [INFO] IPUIPlugin:80 - create IPUIPlugin
2026-04-07 19:43:17,557 [INFO] PluginManager:220 - loadIPPluginJar : add resmgrutility
2026-04-07 19:43:17,558 [INFO] IPUIPlugin:80 - create IPUIPlugin
2026-04-07 19:43:17,558 [INFO] PluginManager:220 - loadIPPluginJar : add dfsdm
2026-04-07 19:43:17,559 [INFO] IPUIPlugin:80 - create IPUIPlugin
2026-04-07 19:43:17,559 [INFO] PluginManager:220 - loadIPPluginJar : add i2s
2026-04-07 19:43:17,560 [INFO] IPUIPlugin:80 - create IPUIPlugin
2026-04-07 19:43:17,560 [INFO] PluginManager:220 - loadIPPluginJar : add gfxmmu
2026-04-07 19:43:17,561 [INFO] IPUIPlugin:80 - create IPUIPlugin
2026-04-07 19:43:17,562 [INFO] PluginManager:220 - loadIPPluginJar : add gpio
2026-04-07 19:43:17,564 [INFO] IPUIPlugin:80 - create IPUIPlugin
2026-04-07 19:43:17,564 [INFO] PluginManager:220 - loadIPPluginJar : add gic
2026-04-07 19:43:17,565 [INFO] IPUIPlugin:80 - create IPUIPlugin
2026-04-07 19:43:17,565 [INFO] PluginManager:220 - loadIPPluginJar : add usart
2026-04-07 19:43:17,566 [INFO] IPUIPlugin:80 - create IPUIPlugin
2026-04-07 19:43:17,567 [INFO] PluginManager:220 - loadIPPluginJar : add gtzc
2026-04-07 19:43:17,570 [INFO] IPUIPlugin:80 - create IPUIPlugin
2026-04-07 19:43:17,570 [INFO] PluginManager:220 - loadIPPluginJar : add fmc
2026-04-07 19:43:17,571 [INFO] IPUIPlugin:80 - create IPUIPlugin
2026-04-07 19:43:17,571 [INFO] PluginManager:220 - loadIPPluginJar : add ts
2026-04-07 19:43:17,573 [INFO] IPUIPlugin:80 - create IPUIPlugin
2026-04-07 19:43:17,573 [INFO] PluginManager:220 - loadIPPluginJar : add nvic
2026-04-07 19:43:17,574 [INFO] IPUIPlugin:80 - create IPUIPlugin
2026-04-07 19:43:17,574 [INFO] PluginManager:220 - loadIPPluginJar : add lorawan
2026-04-07 19:43:17,575 [INFO] IPUIPlugin:80 - create IPUIPlugin
2026-04-07 19:43:17,575 [INFO] PluginManager:220 - loadIPPluginJar : add i3c
2026-04-07 19:43:17,576 [INFO] IPUIPlugin:80 - create IPUIPlugin
2026-04-07 19:43:17,576 [INFO] PluginManager:220 - loadIPPluginJar : add cryp
2026-04-07 19:43:17,577 [INFO] IPUIPlugin:80 - create IPUIPlugin
2026-04-07 19:43:17,577 [INFO] PluginManager:220 - loadIPPluginJar : add sai
2026-04-07 19:43:17,579 [INFO] IPUIPlugin:80 - create IPUIPlugin
2026-04-07 19:43:17,580 [INFO] PluginManager:220 - loadIPPluginJar : add freertos
2026-04-07 19:43:17,583 [INFO] IPUIPlugin:80 - create IPUIPlugin
2026-04-07 19:43:17,583 [INFO] PluginManager:220 - loadIPPluginJar : add dma
2026-04-07 19:43:17,674 [FATAL] Updater:351 - Updater called before beeing initialized
2026-04-07 19:43:17,715 [INFO] RulesReader:64 - Compatibility file has been processed (317 Rules)
2026-04-07 19:43:17,731 [INFO] RulesReader:64 - Compatibility file has been processed (317 Rules)
2026-04-07 19:43:17,738 [INFO] CADModel:165 - CPN selected for project level
2026-04-07 19:43:17,739 [INFO] CADModel:114 - Register for checkConnection events
2026-04-07 19:43:17,739 [FATAL] Updater:351 - Updater called before beeing initialized
2026-04-07 19:43:17,739 [ERROR] CADModel:125 - Updater not yet initialized, retry later 
2026-04-07 19:43:17,804 [FATAL] Updater:351 - Updater called before beeing initialized
2026-04-07 19:43:17,805 [INFO] CADModel:165 - CPN selected for project level
2026-04-07 19:43:17,805 [INFO] CADModel:114 - Register for checkConnection events
2026-04-07 19:43:17,805 [FATAL] Updater:351 - Updater called before beeing initialized
2026-04-07 19:43:17,806 [ERROR] CADModel:125 - Updater not yet initialized, retry later 
2026-04-07 19:43:17,807 [FATAL] Updater:351 - Updater called before beeing initialized
2026-04-07 19:43:17,856 [FATAL] Updater:351 - Updater called before beeing initialized
2026-04-07 19:43:17,858 [INFO] DbMcusAds:53 - JSON generation date=Thu Mar 05 09:32:52 EST 2026 (1772721172890)
2026-04-07 19:43:17,859 [FATAL] Updater:351 - Updater called before beeing initialized
2026-04-07 19:43:17,878 [WARN] DetailPanel:346 - Failed to get advertising image, set to default
2026-04-07 19:43:17,924 [FATAL] Updater:351 - Updater called before beeing initialized
2026-04-07 19:43:17,925 [FATAL] Updater:351 - Updater called before beeing initialized
2026-04-07 19:43:17,925 [FATAL] Updater:351 - Updater called before beeing initialized
2026-04-07 19:43:17,925 [WARN] DetailPanel:346 - Failed to get advertising image, set to default
2026-04-07 19:43:17,926 [FATAL] Updater:351 - Updater called before beeing initialized
2026-04-07 19:43:17,942 [ERROR] Updater:1198 - MainUpdater not yet initialized. External WinMGr cannot be set.
2026-04-07 19:43:17,942 [INFO] Updater:1134 - Updater Version found : 6.15.0
2026-04-07 19:43:17,951 [INFO] ApplicationProperties:184 - Using Application install path: /opt/st/stm32cubeide_1.19.0/plugins/com.st.stm32cube.common.mx_6.15.0.202507011659
2026-04-07 19:43:17,958 [ERROR] LogOutputStream:75 - [STDERR_REDIRECT] Apr 07, 2026 7:43:17 PM java.util.prefs.FileSystemPreferences$2 run
2026-04-07 19:43:17,958 [ERROR] LogOutputStream:75 - [STDERR_REDIRECT] WARNING: Could not create system preferences directory. System preferences are unusable.
2026-04-07 19:43:17,958 [ERROR] LogOutputStream:75 - [STDERR_REDIRECT] 
2026-04-07 19:43:18,078 [INFO] MainUpdater:2872 - connection check result : 10
2026-04-07 19:43:18,078 [INFO] MainUpdater:289 - Updater Check For Update Now.
2026-04-07 19:43:18,078 [INFO] MicroXplorer:498 - Change Database Version : DB.6.0.150
2026-04-07 19:43:18,080 [INFO] McuFinderGlobals:63 - Set McuFinder mode to 2 (CubeIDE integrated)
2026-04-07 19:43:18,081 [INFO] UserAuth:487 - Internet connection configuration mode: 1
2026-04-07 19:43:18,089 [INFO] JxBrowserEngine:152 - Initiate JxBrowser Engine with user profile folder
2026-04-07 19:43:18,229 [INFO] CheckServerUpdateThread:120 - End of CheckServer Thread
2026-04-07 19:43:18,496 [INFO] WebApp:169 - Instantiating new browser for Auth
2026-04-07 19:43:18,884 [INFO] WebApp:463 - Apply proxy settings
2026-04-07 19:43:18,884 [INFO] WebApp:548 - Chromium requires no authentication
2026-04-07 19:43:18,888 [INFO] WebApp:491 - Direct internet connection detected
2026-04-07 19:43:18,899 [INFO] WebApp:900 - Register for checkConnection events
2026-04-07 19:43:18,900 [INFO] WebApp:463 - Apply proxy settings
2026-04-07 19:43:18,900 [INFO] WebApp:548 - Chromium requires no authentication
2026-04-07 19:43:18,900 [INFO] WebApp:491 - Direct internet connection detected
2026-04-07 19:43:18,970 [INFO] WebApp:225 - Starting web application
2026-04-07 19:43:18,970 [INFO] WebApp:593 - Web application path used /opt/st/stm32cubeide_1.19.0/plugins/com.st.stm32cube.common.mx_6.15.0.202507011659/db/plugins/mcufinder/reactClient1/index.html
2026-04-07 19:43:19,022 [INFO] UserAuth:487 - Internet connection configuration mode: 1
2026-04-07 19:43:19,095 [INFO] WebApp:191 - Connection restablished
2026-04-07 19:43:20,295 [WARN] PackLoader:240 - Cannot read IP mode file for STMicroelectronics.X-CUBE-AZRTOS-H7.3.5.0
2026-04-07 19:43:20,308 [WARN] PackLoader:240 - Cannot read IP mode file for STMicroelectronics.FP-SNS-MOTENVWB1.1.4.0
2026-04-07 19:43:20,313 [WARN] PackLoader:240 - Cannot read IP mode file for STMicroelectronics.FP-ATR-ASTRA1.2.0.2
2026-04-07 19:43:20,318 [WARN] PackLoader:240 - Cannot read IP mode file for STMicroelectronics.X-CUBE-SMBUS.2.1.0
2026-04-07 19:43:20,338 [WARN] PackLoader:240 - Cannot read IP mode file for STMicroelectronics.X-CUBE-AZRTOS-F7.1.1.0
2026-04-07 19:43:20,343 [WARN] PackLoader:240 - Cannot read IP mode file for Cesanta.I-CUBE-Mongoose.7.19.0
2026-04-07 19:43:20,347 [WARN] PackLoader:240 - Cannot read IP mode file for STMicroelectronics.FP-SNS-MOTENV1.5.1.0
2026-04-07 19:43:20,352 [WARN] PackLoader:240 - Cannot read IP mode file for WES.I-CUBE-Cesium.1.4.0
2026-04-07 19:43:20,369 [WARN] PackLoader:240 - Cannot read IP mode file for Infineon.AIROC-Wi-Fi-Bluetooth-STM32.1.7.1
2026-04-07 19:43:20,391 [WARN] PackLoader:240 - Cannot read IP mode file for STMicroelectronics.X-CUBE-AZRTOS-H7.3.4.0
2026-04-07 19:43:20,398 [WARN] PackLoader:240 - Cannot read IP mode file for STMicroelectronics.X-CUBE-DISPLAY.3.0.0
2026-04-07 19:43:20,404 [WARN] PackLoader:240 - Cannot read IP mode file for STMicroelectronics.X-CUBE-NFC10.1.0.0
2026-04-07 19:43:20,406 [WARN] PackLoader:240 - Cannot read IP mode file for STMicroelectronics.X-CUBE-ST60.1.1.0
2026-04-07 19:43:20,408 [WARN] PackLoader:240 - Cannot read IP mode file for emotas.I-CUBE-CANOPEN.1.3.0
2026-04-07 19:43:20,410 [WARN] PackLoader:240 - Cannot read IP mode file for STMicroelectronics.X-CUBE-GNSS1.7.1.0
2026-04-07 19:43:20,414 [WARN] PackLoader:240 - Cannot read IP mode file for STMicroelectronics.FP-SNS-STBOX1.2.1.0
2026-04-07 19:43:20,416 [WARN] PackLoader:240 - Cannot read IP mode file for STMicroelectronics.FP-SNS-SMARTAG2.1.2.0
2026-04-07 19:43:20,418 [WARN] PackLoader:240 - Cannot read IP mode file for STMicroelectronics.FP-SNS-FLIGHT1.5.1.0
2026-04-07 19:43:20,421 [INFO] LogOutputStream:77 - [STDOUT_REDIRECT] 1 : Invalid condition id : UX_CORESTACK_Condition cause : null
2026-04-07 19:43:20,422 [INFO] LogOutputStream:77 - [STDOUT_REDIRECT] 1 : Invalid condition id : UX_CORESTACK_Condition cause : null
2026-04-07 19:43:20,422 [INFO] LogOutputStream:77 - [STDOUT_REDIRECT] 1 : Invalid condition id : UX_CORESTACK_Condition cause : null
2026-04-07 19:43:20,422 [INFO] LogOutputStream:77 - [STDOUT_REDIRECT] 1 : Invalid condition id : UX_CORESTACK_Condition cause : null
2026-04-07 19:43:20,422 [INFO] LogOutputStream:77 - [STDOUT_REDIRECT] 1 : Invalid condition id : UX_CORESTACK_Condition cause : null
2026-04-07 19:43:20,423 [WARN] PackLoader:240 - Cannot read IP mode file for STMicroelectronics.X-CUBE-AZRTOS-WL.2.0.0
2026-04-07 19:43:20,425 [WARN] PackLoader:240 - Cannot read IP mode file for STMicroelectronics.FP-SNS-MOTENV1.5.0.0
2026-04-07 19:43:20,433 [WARN] PackLoader:240 - Cannot read IP mode file for STMicroelectronics.X-CUBE-AZRTOS-H7RS.1.2.0
2026-04-07 19:43:20,436 [WARN] PackLoader:240 - Cannot read IP mode file for STMicroelectronics.X-CUBE-BLE2.3.3.0
2026-04-07 19:43:20,444 [WARN] PackLoader:240 - Cannot read IP mode file for STMicroelectronics.X-CUBE-NFC9.1.0.0
2026-04-07 19:43:20,446 [WARN] PackLoader:240 - Cannot read IP mode file for wolfSSL.I-CUBE-wolfSSL.5.8.2
2026-04-07 19:43:20,448 [WARN] PackLoader:240 - Cannot read IP mode file for STMicroelectronics.X-CUBE-BLE1.7.1.0
2026-04-07 19:43:20,449 [WARN] PackLoader:240 - Cannot read IP mode file for wolfSSL.I-CUBE-wolfMQTT.1.19.2
2026-04-07 19:43:20,451 [WARN] PackLoader:240 - Cannot read IP mode file for STMicroelectronics.X-CUBE-EEPRMA1.5.2.0
2026-04-07 19:43:20,454 [WARN] PackLoader:240 - Cannot read IP mode file for STMicroelectronics.X-CUBE-ST67W61.1.1.0
2026-04-07 19:43:20,460 [WARN] PackLoader:240 - Cannot read IP mode file for STMicroelectronics.X-CUBE-AZRTOS-G0.1.1.0
2026-04-07 19:43:20,463 [WARN] PackLoader:240 - Cannot read IP mode file for STMicroelectronics.X-CUBE-SAFEA1.1.2.2
2026-04-07 19:43:20,466 [WARN] PackLoader:240 - Cannot read IP mode file for STMicroelectronics.X-CUBE-NFC4.3.0.0
2026-04-07 19:43:20,469 [WARN] PackLoader:240 - Cannot read IP mode file for EmbeddedOffice.I-CUBE-FS-RTOS.1.0.1
2026-04-07 19:43:20,472 [WARN] PackLoader:240 - Cannot read IP mode file for STMicroelectronics.X-CUBE-WB05N.2.0.0
2026-04-07 19:43:20,473 [WARN] PackLoader:240 - Cannot read IP mode file for wolfSSL.I-CUBE-wolfTPM.3.8.0
2026-04-07 19:43:20,475 [WARN] PackLoader:240 - Cannot read IP mode file for STMicroelectronics.X-CUBE-TCPP.4.2.0
2026-04-07 19:43:20,477 [WARN] PackLoader:240 - Cannot read IP mode file for RealThread.X-CUBE-RT-Thread_Nano.4.1.1
2026-04-07 19:43:20,478 [WARN] PackLoader:240 - Cannot read IP mode file for STMicroelectronics.FP-ATR-SIGFOX1.3.2.0
2026-04-07 19:43:20,480 [WARN] PackLoader:240 - Cannot read IP mode file for ITTIA_DB.I-CUBE-ITTIADB.8.9.0
2026-04-07 19:43:20,483 [WARN] PackLoader:240 - Cannot read IP mode file for STMicroelectronics.X-CUBE-NFC6.3.2.0
2026-04-07 19:43:20,485 [WARN] PackLoader:240 - Cannot read IP mode file for STMicroelectronics.X-CUBE-AI.10.2.0
2026-04-07 19:43:20,498 [WARN] PackLoader:240 - Cannot read IP mode file for SEGGER.I-CUBE-embOS.1.3.1
2026-04-07 19:43:20,537 [WARN] PackLoader:240 - Cannot read IP mode file for STMicroelectronics.X-CUBE-ALGOBUILD.1.4.0
2026-04-07 19:43:20,569 [WARN] PackLoader:240 - Cannot read IP mode file for STMicroelectronics.X-CUBE-MEMS1.11.3.0
2026-04-07 19:43:20,626 [WARN] PackLoader:240 - Cannot read IP mode file for STMicroelectronics.X-CUBE-PM33A1.1.0.0
2026-04-07 19:43:20,635 [WARN] PackLoader:240 - Cannot read IP mode file for STMicroelectronics.X-CUBE-AZRTOS-F4.1.1.0
2026-04-07 19:43:20,638 [WARN] PackLoader:240 - Cannot read IP mode file for STMicroelectronics.X-CUBE-ISPU.2.1.0
2026-04-07 19:43:20,643 [WARN] PackLoader:240 - Cannot read IP mode file for STMicroelectronics.X-CUBE-IPS.3.2.0
2026-04-07 19:43:20,646 [WARN] PackLoader:240 - Cannot read IP mode file for STMicroelectronics.eDS-WB_DPC_TT-BIDIR.2.1.1
2026-04-07 19:43:20,648 [WARN] PackLoader:240 - Cannot read IP mode file for STMicroelectronics.X-CUBE-NFC12.1.0.0
2026-04-07 19:43:20,654 [WARN] PackLoader:240 - Cannot read IP mode file for STMicroelectronics.X-CUBE-AZRTOS-L5.2.0.0
2026-04-07 19:43:20,658 [WARN] PackLoader:240 - Cannot read IP mode file for STMicroelectronics.X-CUBE-NFC6.3.1.0
2026-04-07 19:43:20,660 [WARN] PackLoader:240 - Cannot read IP mode file for STMicroelectronics.eDS-WB_DPC_VIENNA.1.2.0
2026-04-07 19:43:20,661 [WARN] PackLoader:240 - Cannot read IP mode file for STMicroelectronics.eDS-WB_DPC_3PH2L-BIDIR.1.1.1
2026-04-07 19:43:20,663 [WARN] PackLoader:240 - Cannot read IP mode file for STMicroelectronics.X-CUBE-FREERTOS.1.3.1
2026-04-07 19:43:20,665 [WARN] PackLoader:240 - Cannot read IP mode file for STMicroelectronics.X-CUBE-TOUCHGFX.4.26.0
2026-04-07 19:43:20,666 [WARN] PackLoader:240 - Cannot read IP mode file for STMicroelectronics.X-CUBE-TOUCHGFX.4.26.1
2026-04-07 19:43:20,667 [WARN] PackLoader:240 - Cannot read IP mode file for STMicroelectronics.FP-SNS-STAIOTCFT.1.0.0
2026-04-07 19:43:20,670 [WARN] PackLoader:240 - Cannot read IP mode file for STMicroelectronics.X-CUBE-DPower.1.3.0
2026-04-07 19:43:20,678 [WARN] ConditionMgr:438 - getConditionDescription Invalid condition id : LAN8742 Phy interface Condition cause : null
2026-04-07 19:43:20,679 [WARN] PackLoader:240 - Cannot read IP mode file for STMicroelectronics.X-CUBE-AZRTOS-L4.2.0.0
2026-04-07 19:43:20,679 [WARN] ConditionMgr:1044 - genDependencies : Invalid condition id : LAN8742 Phy interface Condition cause : null
2026-04-07 19:43:20,679 [WARN] ConditionMgr:1044 - genDependencies : Invalid condition id : LAN8742 Phy interface Condition cause : null
2026-04-07 19:43:20,680 [WARN] ConditionMgr:1044 - genDependencies : Invalid condition id : LAN8742 Phy interface Condition cause : null
2026-04-07 19:43:20,682 [WARN] PackLoader:240 - Cannot read IP mode file for STMicroelectronics.X-CUBE-SFXS2LP1.4.0.0
2026-04-07 19:43:20,685 [WARN] PackLoader:240 - Cannot read IP mode file for STMicroelectronics.X-CUBE-WB05N.2.1.0
2026-04-07 19:43:20,687 [WARN] PackLoader:240 - Cannot read IP mode file for STMicroelectronics.X-CUBE-ST67W61.1.2.0
2026-04-07 19:43:20,692 [WARN] PackLoader:240 - Cannot read IP mode file for STMicroelectronics.X-CUBE-BLEMGR.4.1.0
2026-04-07 19:43:20,698 [WARN] ConditionMgr:438 - getConditionDescription Invalid condition id : UX DEVICE CLASS RTOS Condition cause : null
2026-04-07 19:43:20,698 [WARN] ConditionMgr:438 - getConditionDescription Invalid condition id : UX DEVICE CLASS RTOS Condition cause : null
2026-04-07 19:43:20,699 [WARN] PackLoader:240 - Cannot read IP mode file for STMicroelectronics.X-CUBE-AZRTOS-WB.2.0.0
2026-04-07 19:43:20,699 [WARN] ConditionMgr:1044 - genDependencies : Invalid condition id : UX DEVICE CLASS RTOS Condition cause : null
2026-04-07 19:43:20,699 [WARN] ConditionMgr:1044 - genDependencies : Invalid condition id : UX DEVICE CLASS RTOS Condition cause : null
2026-04-07 19:43:20,700 [WARN] ConditionMgr:1044 - genDependencies : Invalid condition id : UX DEVICE CLASS RTOS Condition cause : null
2026-04-07 19:43:20,700 [WARN] ConditionMgr:1044 - genDependencies : Invalid condition id : UX DEVICE CLASS RTOS Condition cause : null
2026-04-07 19:43:20,700 [WARN] ConditionMgr:1044 - genDependencies : Invalid condition id : UX DEVICE CLASS RTOS Condition cause : null
2026-04-07 19:43:20,702 [WARN] PackLoader:240 - Cannot read IP mode file for STMicroelectronics.X-CUBE-GNSS1.7.0.1
2026-04-07 19:43:20,703 [WARN] ConditionMgr:438 - getConditionDescription Invalid condition id : Cortex-A Device cause : null
2026-04-07 19:43:20,707 [WARN] ConditionMgr:1044 - genDependencies : Invalid condition id : Cortex-A Device cause : null
2026-04-07 19:43:20,707 [WARN] ConditionMgr:1044 - genDependencies : Invalid condition id : Cortex-A Device cause : null
2026-04-07 19:43:20,707 [WARN] ConditionMgr:1044 - genDependencies : Invalid condition id : Cortex-A Device cause : null
2026-04-07 19:43:20,709 [WARN] PackLoader:240 - Cannot read IP mode file for STMicroelectronics.X-CUBE-STSE01.2.0.0
2026-04-07 19:43:20,717 [WARN] PackLoader:240 - Cannot read IP mode file for STMicroelectronics.X-CUBE-SUBG2.5.0.0
2026-04-07 19:43:20,728 [WARN] PackLoader:240 - Cannot read IP mode file for STMicroelectronics.X-CUBE-AZRTOS-H7RS.1.1.0
2026-04-07 19:43:20,734 [WARN] PackLoader:240 - Cannot read IP mode file for STMicroelectronics.X-CUBE-AZRTOS-G4.2.0.0
2026-04-07 19:43:20,736 [WARN] PackLoader:240 - Cannot read IP mode file for wolfSSL.I-CUBE-wolfSSH.1.4.20
2026-04-07 19:43:20,738 [WARN] PackLoader:240 - Cannot read IP mode file for STMicroelectronics.X-CUBE-NFC7.2.0.0
2026-04-07 19:43:20,740 [WARN] PackLoader:240 - Cannot read IP mode file for STMicroelectronics.X-CUBE-ALS.1.0.2
2026-04-07 19:43:20,743 [WARN] PackLoader:240 - Cannot read IP mode file for STMicroelectronics.X-CUBE-STSE01.1.0.0
2026-04-07 19:43:20,747 [WARN] PackLoader:240 - Cannot read IP mode file for STMicroelectronics.X-CUBE-TOF1.3.4.3
2026-04-07 19:43:20,752 [INFO] ThirdParty:978 - Integrity check success = true
2026-04-07 19:43:20,752 [INFO] IntegrityCheckThread:100 - exiting critical section [integrity check]
2026-04-07 19:43:20,752 [INFO] IntegrityCheckThread:103 - End integrity checks thread
2026-04-07 19:43:46,089 [ERROR] LogOutputStream:75 - [STDERR_REDIRECT] Apr 07, 2026 7:43:46 PM java.util.prefs.FileSystemPreferences checkLockFile0ErrorCode
2026-04-07 19:43:46,089 [ERROR] LogOutputStream:75 - [STDERR_REDIRECT] WARNING: Could not lock System prefs. Unix error code 2.
2026-04-07 19:43:46,089 [ERROR] LogOutputStream:75 - [STDERR_REDIRECT] 
2026-04-07 19:43:46,089 [ERROR] LogOutputStream:75 - [STDERR_REDIRECT] Apr 07, 2026 7:43:46 PM java.util.prefs.FileSystemPreferences syncWorld
2026-04-07 19:43:46,089 [ERROR] LogOutputStream:75 - [STDERR_REDIRECT] WARNING: Couldn't flush system prefs: java.util.prefs.BackingStoreException: Couldn't get file lock.
2026-04-07 19:43:46,089 [ERROR] LogOutputStream:75 - [STDERR_REDIRECT] 
2026-04-07 19:44:12,017 [ERROR] LogOutputStream:75 - [STDERR_REDIRECT] 
2026-04-07 19:48:31,306 [INFO] Activator:176 - 


2026-04-07 19:48:31,307 [INFO] Activator:177 - !SESSION log4j initialized
2026-04-07 19:48:32,431 [INFO] LogOutputStream:77 - [STDOUT_REDIRECT] 
2026-04-07 19:48:33,381 [INFO] ApplicationProperties:184 - Using Application install path: /opt/st/stm32cubeide_1.19.0/plugins/com.st.stm32cube.common.mx_6.15.0.202507011659
2026-04-07 19:48:33,391 [INFO] DbMcusXml:78 - Set database path to: /opt/st/stm32cubeide_1.19.0/plugins/com.st.stm32cube.common.mx_6.15.0.202507011659//db//mcu/
2026-04-07 19:48:33,391 [INFO] ApiDb:274 - Set plugin database path to: /opt/st/stm32cubeide_1.19.0/plugins/com.st.stm32cube.common.mx_6.15.0.202507011659//db//plugins/boardmanager/
2026-04-07 19:48:33,391 [WARN] ApiDb:259 - Overriding images path with different value:  => /opt/st/stm32cubeide_1.19.0/plugins/com.st.stm32cube.common.mx_6.15.0.202507011659//db//plugins/mcufinder/images/
2026-04-07 19:48:33,393 [INFO] ApiDb:250 - Set database path to: /home/bcomerfo/.stmcufinder/plugins/mcufinder//mcu/
2026-04-07 19:48:33,393 [INFO] DbMcusAds:125 - Set database path to: /home/bcomerfo/.stmcufinder/plugins/mcufinder//mcu/
2026-04-07 19:48:33,394 [INFO] CrossReferenceDbSqlite:203 - Set database path to: /home/bcomerfo/.stmcufinder/plugins/mcufinder//mcu/cs/
2026-04-07 19:48:33,451 [INFO] RulesReader:64 - Compatibility file has been processed (317 Rules)
2026-04-07 19:48:33,481 [INFO] DbMcusXml:78 - Set database path to: /opt/st/stm32cubeide_1.19.0/plugins/com.st.stm32cube.common.mx_6.15.0.202507011659//db//mcu/
2026-04-07 19:48:33,481 [INFO] ApiDb:274 - Set plugin database path to: /opt/st/stm32cubeide_1.19.0/plugins/com.st.stm32cube.common.mx_6.15.0.202507011659//db//plugins/boardmanager/
2026-04-07 19:48:33,481 [INFO] ApiDb:261 - Set plugin images path to: /opt/st/stm32cubeide_1.19.0/plugins/com.st.stm32cube.common.mx_6.15.0.202507011659//db//plugins/mcufinder/images/
2026-04-07 19:48:33,482 [WARN] DbFile:41 - Overriding database path with different value: /home/bcomerfo/.stmcufinder/plugins/mcufinder/ => /home/bcomerfo/.stmcufinder/plugins/mcufinder
2026-04-07 19:48:33,482 [INFO] ApiDb:250 - Set database path to: /home/bcomerfo/.stmcufinder/plugins/mcufinder//mcu/
2026-04-07 19:48:33,482 [WARN] DbFile:41 - Overriding database path with different value: /home/bcomerfo/.stmcufinder/plugins/mcufinder/ => /home/bcomerfo/.stmcufinder/plugins/mcufinder
2026-04-07 19:48:33,482 [INFO] DbMcusAds:125 - Set database path to: /home/bcomerfo/.stmcufinder/plugins/mcufinder//mcu/
2026-04-07 19:48:33,482 [WARN] DbFile:41 - Overriding database path with different value: /home/bcomerfo/.stmcufinder/plugins/mcufinder/ => /home/bcomerfo/.stmcufinder/plugins/mcufinder
2026-04-07 19:48:33,482 [WARN] DbFile:41 - Overriding database path with different value: /home/bcomerfo/.stmcufinder/plugins/mcufinder/ => /home/bcomerfo/.stmcufinder/plugins/mcufinder
2026-04-07 19:48:33,482 [INFO] CrossReferenceDbSqlite:203 - Set database path to: /home/bcomerfo/.stmcufinder/plugins/mcufinder//mcu/cs/
2026-04-07 19:48:33,511 [INFO] MainPanel:274 - HeapMemory: 268435456
2026-04-07 19:48:33,563 [INFO] DbMcusXml:78 - Set database path to: /opt/st/stm32cubeide_1.19.0/plugins/com.st.stm32cube.common.mx_6.15.0.202507011659//db//mcu/
2026-04-07 19:48:33,563 [INFO] ApiDb:274 - Set plugin database path to: /opt/st/stm32cubeide_1.19.0/plugins/com.st.stm32cube.common.mx_6.15.0.202507011659//db//plugins/boardmanager/
2026-04-07 19:48:33,564 [INFO] ApiDb:261 - Set plugin images path to: /opt/st/stm32cubeide_1.19.0/plugins/com.st.stm32cube.common.mx_6.15.0.202507011659//db//plugins/mcufinder/images/
2026-04-07 19:48:33,564 [WARN] DbFile:41 - Overriding database path with different value: /home/bcomerfo/.stmcufinder/plugins/mcufinder/ => /home/bcomerfo/.stmcufinder/plugins/mcufinder
2026-04-07 19:48:33,564 [INFO] ApiDb:250 - Set database path to: /home/bcomerfo/.stmcufinder/plugins/mcufinder//mcu/
2026-04-07 19:48:33,564 [WARN] DbFile:41 - Overriding database path with different value: /home/bcomerfo/.stmcufinder/plugins/mcufinder/ => /home/bcomerfo/.stmcufinder/plugins/mcufinder
2026-04-07 19:48:33,564 [INFO] DbMcusAds:125 - Set database path to: /home/bcomerfo/.stmcufinder/plugins/mcufinder//mcu/
2026-04-07 19:48:33,564 [WARN] DbFile:41 - Overriding database path with different value: /home/bcomerfo/.stmcufinder/plugins/mcufinder/ => /home/bcomerfo/.stmcufinder/plugins/mcufinder
2026-04-07 19:48:33,564 [WARN] DbFile:41 - Overriding database path with different value: /home/bcomerfo/.stmcufinder/plugins/mcufinder/ => /home/bcomerfo/.stmcufinder/plugins/mcufinder
2026-04-07 19:48:33,564 [INFO] CrossReferenceDbSqlite:203 - Set database path to: /home/bcomerfo/.stmcufinder/plugins/mcufinder//mcu/cs/
2026-04-07 19:48:33,571 [INFO] ApplicationProperties:184 - Using Application install path: /opt/st/stm32cubeide_1.19.0/plugins/com.st.stm32cube.common.mx_6.15.0.202507011659
2026-04-07 19:48:33,572 [INFO] PluginManage:196 - Search for loadable plugins [exclusion list=, ]
2026-04-07 19:48:33,573 [INFO] PluginManage:310 - Check plugin analytics
2026-04-07 19:48:33,644 [INFO] AnalyticsPlugin:253 - Accepted Software Licenses: 
2026-04-07 19:48:33,644 [INFO] AnalyticsPlugin:255 - Accepted CMSIS Pack Licenses: 
2026-04-07 19:48:33,644 [INFO] AnalyticsPlugin:257 - Accepted Firmware Licenses: FW.G4.1.6.0,FW.L4.1.18.0
2026-04-07 19:48:33,645 [INFO] PluginManage:359 - Loaded plugin analytics (category:tool,tabindex:-1)
2026-04-07 19:48:33,645 [INFO] PluginManage:310 - Check plugin cadmodel
2026-04-07 19:48:33,647 [INFO] CADModel:105 - Init CAD model plugin
2026-04-07 19:48:33,647 [INFO] PluginManage:359 - Loaded plugin cadmodel (category:power,tabindex:5)
2026-04-07 19:48:33,647 [INFO] PluginManage:310 - Check plugin clock
2026-04-07 19:48:33,651 [INFO] PluginManage:359 - Loaded plugin clock (category:base,tabindex:2)
2026-04-07 19:48:33,651 [INFO] PluginManage:310 - Check plugin ddr
2026-04-07 19:48:33,652 [INFO] PluginManage:359 - Loaded plugin ddr (category:tool,tabindex:6)
2026-04-07 19:48:33,652 [INFO] PluginManage:310 - Check plugin filemanager
2026-04-07 19:48:33,729 [INFO] PluginManage:359 - Loaded plugin filemanager (category:base,tabindex:10)
2026-04-07 19:48:33,729 [INFO] PluginManage:310 - Check plugin ipmanager
2026-04-07 19:48:33,732 [INFO] PluginManage:359 - Loaded plugin ipmanager (category:base,tabindex:5)
2026-04-07 19:48:33,732 [INFO] PluginManage:310 - Check plugin lpbam
2026-04-07 19:48:33,736 [INFO] PluginManage:359 - Loaded plugin lpbam (category:base,tabindex:0)
2026-04-07 19:48:33,736 [INFO] PluginManage:310 - Check plugin memorymap
2026-04-07 19:48:33,742 [INFO] PluginManage:359 - Loaded plugin memorymap (category:base,tabindex:4)
2026-04-07 19:48:33,742 [INFO] PluginManage:310 - Check plugin pinoutandconfiguration
2026-04-07 19:48:33,745 [INFO] PluginManage:359 - Loaded plugin pinoutandconfiguration (category:base,tabindex:1)
2026-04-07 19:48:33,745 [INFO] PluginManage:310 - Check plugin pinoutconfig
2026-04-07 19:48:33,802 [WARN] SupportedApi:132 - Cannot load RTOS API schema: s4s-elt-must-match.1: The content of 'definitions' must match (annotation?, (simpleType | complexType)?, (unique | key | keyref)*)). A problem was found starting at: attribute.
2026-04-07 19:48:33,875 [INFO] PluginManage:359 - Loaded plugin pinoutconfig (category:base,tabindex:0)
2026-04-07 19:48:33,875 [INFO] PluginManage:310 - Check plugin power
2026-04-07 19:48:33,879 [INFO] PluginManage:359 - Loaded plugin power (category:power,tabindex:4)
2026-04-07 19:48:33,879 [INFO] PluginManage:310 - Check plugin projectmanager
2026-04-07 19:48:33,888 [INFO] PluginManage:359 - Loaded plugin projectmanager (category:projectmanager,tabindex:4)
2026-04-07 19:48:33,888 [INFO] PluginManage:310 - Check plugin rif
2026-04-07 19:48:33,892 [INFO] PluginManage:359 - Loaded plugin rif (category:base,tabindex:3)
2026-04-07 19:48:33,892 [INFO] PluginManage:310 - Check plugin thirdparty
2026-04-07 19:48:33,942 [INFO] PluginManage:359 - Loaded plugin thirdparty (category:base,tabindex:-1)
2026-04-07 19:48:33,943 [INFO] PluginManage:310 - Check plugin tools
2026-04-07 19:48:33,942 [WARN] IntegrityCheckThread:84 - waiting for thirdparty lock release [integrity check]
2026-04-07 19:48:33,943 [INFO] IntegrityCheckThread:86 - entering critical section [integrity check]
2026-04-07 19:48:33,943 [INFO] ThirdPartyUpdaterWithRetryManager:70 - Updater plugin not ready yet. [1/15]
2026-04-07 19:48:33,944 [INFO] PluginManage:359 - Loaded plugin tools (category:base,tabindex:7)
2026-04-07 19:48:33,944 [INFO] PluginManage:310 - Check plugin tutovideos
2026-04-07 19:48:34,034 [INFO] PluginManage:359 - Loaded plugin tutovideos (category:base,tabindex:-1)
2026-04-07 19:48:34,034 [INFO] PluginManage:310 - Check plugin updater
2026-04-07 19:48:34,048 [INFO] PluginManage:359 - Loaded plugin updater (category:base,tabindex:12)
2026-04-07 19:48:34,049 [INFO] PluginManage:310 - Check plugin userauth
2026-04-07 19:48:34,050 [INFO] UserAuth:118 - Init User Auth plugin
2026-04-07 19:48:34,051 [INFO] PluginManage:359 - Loaded plugin userauth (category:base,tabindex:14)
2026-04-07 19:48:34,051 [INFO] PluginManage:283 - PluginManage : Loaded plugins [18]
2026-04-07 19:48:34,138 [INFO] PinOutPanel:1589 - setPackage(No Configuration,No Configuration)
2026-04-07 19:48:34,175 [INFO] CADModel:165 - CPN selected for project level
2026-04-07 19:48:34,175 [INFO] CADModel:114 - Register for checkConnection events
2026-04-07 19:48:34,179 [INFO] IPUIPlugin:80 - create IPUIPlugin
2026-04-07 19:48:34,179 [INFO] PluginManager:220 - loadIPPluginJar : add tim
2026-04-07 19:48:34,182 [INFO] IPUIPlugin:80 - create IPUIPlugin
2026-04-07 19:48:34,182 [INFO] PluginManager:220 - loadIPPluginJar : add mdma
2026-04-07 19:48:34,183 [INFO] IPUIPlugin:80 - create IPUIPlugin
2026-04-07 19:48:34,183 [INFO] PluginManager:220 - loadIPPluginJar : add fatfs
2026-04-07 19:48:34,186 [INFO] IPUIPlugin:80 - create IPUIPlugin
2026-04-07 19:48:34,186 [INFO] PluginManager:220 - loadIPPluginJar : add linkedlist
2026-04-07 19:48:34,187 [INFO] IPUIPlugin:80 - create IPUIPlugin
2026-04-07 19:48:34,187 [INFO] PluginManager:220 - loadIPPluginJar : add openamp
2026-04-07 19:48:34,187 [INFO] IPUIPlugin:80 - create IPUIPlugin
2026-04-07 19:48:34,188 [INFO] PluginManager:220 - loadIPPluginJar : add radio
2026-04-07 19:48:34,190 [INFO] IPUIPlugin:80 - create IPUIPlugin
2026-04-07 19:48:34,190 [INFO] PluginManager:220 - loadIPPluginJar : add touchsensing
2026-04-07 19:48:34,190 [INFO] IPUIPlugin:80 - create IPUIPlugin
2026-04-07 19:48:34,190 [INFO] PluginManager:220 - loadIPPluginJar : add tracer_emb
2026-04-07 19:48:34,191 [INFO] IPUIPlugin:80 - create IPUIPlugin
2026-04-07 19:48:34,191 [INFO] PluginManager:220 - loadIPPluginJar : add extmemmanager
2026-04-07 19:48:34,193 [INFO] IPUIPlugin:80 - create IPUIPlugin
2026-04-07 19:48:34,193 [INFO] PluginManager:220 - loadIPPluginJar : add opamp
2026-04-07 19:48:34,194 [INFO] IPUIPlugin:80 - create IPUIPlugin
2026-04-07 19:48:34,194 [INFO] PluginManager:220 - loadIPPluginJar : add can
2026-04-07 19:48:34,194 [INFO] IPUIPlugin:80 - create IPUIPlugin
2026-04-07 19:48:34,194 [INFO] PluginManager:220 - loadIPPluginJar : add tsc
2026-04-07 19:48:34,195 [INFO] IPUIPlugin:80 - create IPUIPlugin
2026-04-07 19:48:34,195 [INFO] PluginManager:220 - loadIPPluginJar : add pdm2pcm
2026-04-07 19:48:34,196 [INFO] IPUIPlugin:80 - create IPUIPlugin
2026-04-07 19:48:34,196 [INFO] PluginManager:220 - loadIPPluginJar : add spi
2026-04-07 19:48:34,197 [INFO] IPUIPlugin:80 - create IPUIPlugin
2026-04-07 19:48:34,197 [INFO] PluginManager:220 - loadIPPluginJar : add hash
2026-04-07 19:48:34,199 [INFO] IPUIPlugin:80 - create IPUIPlugin
2026-04-07 19:48:34,200 [INFO] PluginManager:220 - loadIPPluginJar : add stm32_wpan
2026-04-07 19:48:34,200 [INFO] IPUIPlugin:80 - create IPUIPlugin
2026-04-07 19:48:34,200 [INFO] PluginManager:220 - loadIPPluginJar : add dma3
2026-04-07 19:48:34,201 [INFO] IPUIPlugin:80 - create IPUIPlugin
2026-04-07 19:48:34,201 [INFO] PluginManager:220 - loadIPPluginJar : add quadspi
2026-04-07 19:48:34,202 [INFO] IPUIPlugin:80 - create IPUIPlugin
2026-04-07 19:48:34,202 [INFO] PluginManager:220 - loadIPPluginJar : add usbx
2026-04-07 19:48:34,203 [INFO] IPUIPlugin:80 - create IPUIPlugin
2026-04-07 19:48:34,203 [INFO] PluginManager:220 - loadIPPluginJar : add ucpd
2026-04-07 19:48:34,204 [INFO] IPUIPlugin:80 - create IPUIPlugin
2026-04-07 19:48:34,204 [INFO] PluginManager:220 - loadIPPluginJar : add i2c
2026-04-07 19:48:34,205 [INFO] IPUIPlugin:80 - create IPUIPlugin
2026-04-07 19:48:34,205 [INFO] PluginManager:220 - loadIPPluginJar : add ipddr
2026-04-07 19:48:34,205 [INFO] IPUIPlugin:80 - create IPUIPlugin
2026-04-07 19:48:34,205 [INFO] PluginManager:220 - loadIPPluginJar : add ltdc
2026-04-07 19:48:34,206 [INFO] IPUIPlugin:80 - create IPUIPlugin
2026-04-07 19:48:34,206 [INFO] PluginManager:220 - loadIPPluginJar : add comp
2026-04-07 19:48:34,207 [INFO] IPUIPlugin:80 - create IPUIPlugin
2026-04-07 19:48:34,207 [INFO] PluginManager:220 - loadIPPluginJar : add genericplugin
2026-04-07 19:48:34,209 [INFO] IPUIPlugin:80 - create IPUIPlugin
2026-04-07 19:48:34,209 [INFO] PluginManager:220 - loadIPPluginJar : add adc
2026-04-07 19:48:34,210 [INFO] IPUIPlugin:80 - create IPUIPlugin
2026-04-07 19:48:34,210 [INFO] PluginManager:220 - loadIPPluginJar : add aes
2026-04-07 19:48:34,211 [INFO] IPUIPlugin:80 - create IPUIPlugin
2026-04-07 19:48:34,211 [INFO] PluginManager:220 - loadIPPluginJar : add ddr_ctrl_phy
2026-04-07 19:48:34,214 [INFO] IPUIPlugin:80 - create IPUIPlugin
2026-04-07 19:48:34,215 [INFO] PluginManager:220 - loadIPPluginJar : add plateformsettings
2026-04-07 19:48:34,216 [INFO] IPUIPlugin:80 - create IPUIPlugin
2026-04-07 19:48:34,216 [INFO] PluginManager:220 - loadIPPluginJar : add resmgrutility
2026-04-07 19:48:34,217 [INFO] IPUIPlugin:80 - create IPUIPlugin
2026-04-07 19:48:34,217 [INFO] PluginManager:220 - loadIPPluginJar : add dfsdm
2026-04-07 19:48:34,218 [INFO] IPUIPlugin:80 - create IPUIPlugin
2026-04-07 19:48:34,218 [INFO] PluginManager:220 - loadIPPluginJar : add i2s
2026-04-07 19:48:34,218 [INFO] IPUIPlugin:80 - create IPUIPlugin
2026-04-07 19:48:34,218 [INFO] PluginManager:220 - loadIPPluginJar : add gfxmmu
2026-04-07 19:48:34,220 [INFO] IPUIPlugin:80 - create IPUIPlugin
2026-04-07 19:48:34,220 [INFO] PluginManager:220 - loadIPPluginJar : add gpio
2026-04-07 19:48:34,222 [INFO] IPUIPlugin:80 - create IPUIPlugin
2026-04-07 19:48:34,222 [INFO] PluginManager:220 - loadIPPluginJar : add gic
2026-04-07 19:48:34,223 [INFO] IPUIPlugin:80 - create IPUIPlugin
2026-04-07 19:48:34,223 [INFO] PluginManager:220 - loadIPPluginJar : add usart
2026-04-07 19:48:34,224 [INFO] IPUIPlugin:80 - create IPUIPlugin
2026-04-07 19:48:34,224 [INFO] PluginManager:220 - loadIPPluginJar : add gtzc
2026-04-07 19:48:34,225 [INFO] IPUIPlugin:80 - create IPUIPlugin
2026-04-07 19:48:34,225 [INFO] PluginManager:220 - loadIPPluginJar : add fmc
2026-04-07 19:48:34,226 [INFO] IPUIPlugin:80 - create IPUIPlugin
2026-04-07 19:48:34,226 [INFO] PluginManager:220 - loadIPPluginJar : add ts
2026-04-07 19:48:34,227 [INFO] IPUIPlugin:80 - create IPUIPlugin
2026-04-07 19:48:34,227 [INFO] PluginManager:220 - loadIPPluginJar : add nvic
2026-04-07 19:48:34,228 [INFO] IPUIPlugin:80 - create IPUIPlugin
2026-04-07 19:48:34,228 [INFO] PluginManager:220 - loadIPPluginJar : add lorawan
2026-04-07 19:48:34,229 [INFO] IPUIPlugin:80 - create IPUIPlugin
2026-04-07 19:48:34,229 [INFO] PluginManager:220 - loadIPPluginJar : add i3c
2026-04-07 19:48:34,230 [INFO] IPUIPlugin:80 - create IPUIPlugin
2026-04-07 19:48:34,230 [INFO] PluginManager:220 - loadIPPluginJar : add cryp
2026-04-07 19:48:34,231 [INFO] IPUIPlugin:80 - create IPUIPlugin
2026-04-07 19:48:34,231 [INFO] PluginManager:220 - loadIPPluginJar : add sai
2026-04-07 19:48:34,233 [INFO] IPUIPlugin:80 - create IPUIPlugin
2026-04-07 19:48:34,233 [INFO] PluginManager:220 - loadIPPluginJar : add freertos
2026-04-07 19:48:34,236 [INFO] IPUIPlugin:80 - create IPUIPlugin
2026-04-07 19:48:34,236 [INFO] PluginManager:220 - loadIPPluginJar : add dma
2026-04-07 19:48:34,324 [FATAL] Updater:351 - Updater called before beeing initialized
2026-04-07 19:48:34,349 [INFO] RulesReader:64 - Compatibility file has been processed (317 Rules)
2026-04-07 19:48:34,354 [INFO] RulesReader:64 - Compatibility file has been processed (317 Rules)
2026-04-07 19:48:34,358 [INFO] CADModel:165 - CPN selected for project level
2026-04-07 19:48:34,358 [INFO] CADModel:114 - Register for checkConnection events
2026-04-07 19:48:34,358 [FATAL] Updater:351 - Updater called before beeing initialized
2026-04-07 19:48:34,358 [ERROR] CADModel:125 - Updater not yet initialized, retry later 
2026-04-07 19:48:34,417 [FATAL] Updater:351 - Updater called before beeing initialized
2026-04-07 19:48:34,418 [INFO] CADModel:165 - CPN selected for project level
2026-04-07 19:48:34,418 [INFO] CADModel:114 - Register for checkConnection events
2026-04-07 19:48:34,418 [FATAL] Updater:351 - Updater called before beeing initialized
2026-04-07 19:48:34,418 [ERROR] CADModel:125 - Updater not yet initialized, retry later 
2026-04-07 19:48:34,420 [FATAL] Updater:351 - Updater called before beeing initialized
2026-04-07 19:48:34,462 [FATAL] Updater:351 - Updater called before beeing initialized
2026-04-07 19:48:34,464 [INFO] DbMcusAds:53 - JSON generation date=Thu Mar 05 09:32:52 EST 2026 (1772721172890)
2026-04-07 19:48:34,465 [FATAL] Updater:351 - Updater called before beeing initialized
2026-04-07 19:48:34,481 [WARN] DetailPanel:346 - Failed to get advertising image, set to default
2026-04-07 19:48:34,527 [FATAL] Updater:351 - Updater called before beeing initialized
2026-04-07 19:48:34,528 [FATAL] Updater:351 - Updater called before beeing initialized
2026-04-07 19:48:34,528 [FATAL] Updater:351 - Updater called before beeing initialized
2026-04-07 19:48:34,528 [WARN] DetailPanel:346 - Failed to get advertising image, set to default
2026-04-07 19:48:34,528 [FATAL] Updater:351 - Updater called before beeing initialized
2026-04-07 19:48:34,544 [ERROR] Updater:1198 - MainUpdater not yet initialized. External WinMGr cannot be set.
2026-04-07 19:48:34,544 [INFO] Updater:1134 - Updater Version found : 6.15.0
2026-04-07 19:48:34,554 [INFO] ApplicationProperties:184 - Using Application install path: /opt/st/stm32cubeide_1.19.0/plugins/com.st.stm32cube.common.mx_6.15.0.202507011659
2026-04-07 19:48:34,560 [ERROR] LogOutputStream:75 - [STDERR_REDIRECT] Apr 07, 2026 7:48:34 PM java.util.prefs.FileSystemPreferences$2 run
2026-04-07 19:48:34,560 [ERROR] LogOutputStream:75 - [STDERR_REDIRECT] WARNING: Could not create system preferences directory. System preferences are unusable.
2026-04-07 19:48:34,560 [ERROR] LogOutputStream:75 - [STDERR_REDIRECT] 
2026-04-07 19:48:34,691 [INFO] MainUpdater:2872 - connection check result : 10
2026-04-07 19:48:34,692 [INFO] MainUpdater:289 - Updater Check For Update Now.
2026-04-07 19:48:34,692 [INFO] MicroXplorer:498 - Change Database Version : DB.6.0.150
2026-04-07 19:48:34,695 [INFO] McuFinderGlobals:63 - Set McuFinder mode to 2 (CubeIDE integrated)
2026-04-07 19:48:34,695 [INFO] UserAuth:487 - Internet connection configuration mode: 1
2026-04-07 19:48:34,703 [INFO] JxBrowserEngine:152 - Initiate JxBrowser Engine with user profile folder
2026-04-07 19:48:34,829 [INFO] CheckServerUpdateThread:120 - End of CheckServer Thread
2026-04-07 19:48:35,078 [INFO] WebApp:169 - Instantiating new browser for Auth
2026-04-07 19:48:35,453 [INFO] WebApp:463 - Apply proxy settings
2026-04-07 19:48:35,453 [INFO] WebApp:548 - Chromium requires no authentication
2026-04-07 19:48:35,458 [INFO] WebApp:491 - Direct internet connection detected
2026-04-07 19:48:35,468 [INFO] WebApp:900 - Register for checkConnection events
2026-04-07 19:48:35,468 [INFO] WebApp:463 - Apply proxy settings
2026-04-07 19:48:35,468 [INFO] WebApp:548 - Chromium requires no authentication
2026-04-07 19:48:35,469 [INFO] WebApp:491 - Direct internet connection detected
2026-04-07 19:48:35,536 [INFO] WebApp:225 - Starting web application
2026-04-07 19:48:35,536 [INFO] WebApp:593 - Web application path used /opt/st/stm32cubeide_1.19.0/plugins/com.st.stm32cube.common.mx_6.15.0.202507011659/db/plugins/mcufinder/reactClient1/index.html
2026-04-07 19:48:35,590 [INFO] UserAuth:487 - Internet connection configuration mode: 1
2026-04-07 19:48:35,619 [INFO] WebApp:191 - Connection restablished
2026-04-07 19:48:37,028 [WARN] PackLoader:240 - Cannot read IP mode file for STMicroelectronics.X-CUBE-AZRTOS-H7.3.5.0
2026-04-07 19:48:37,034 [WARN] PackLoader:240 - Cannot read IP mode file for STMicroelectronics.FP-SNS-MOTENVWB1.1.4.0
2026-04-07 19:48:37,036 [WARN] PackLoader:240 - Cannot read IP mode file for STMicroelectronics.FP-ATR-ASTRA1.2.0.2
2026-04-07 19:48:37,039 [WARN] PackLoader:240 - Cannot read IP mode file for STMicroelectronics.X-CUBE-SMBUS.2.1.0
2026-04-07 19:48:37,050 [WARN] PackLoader:240 - Cannot read IP mode file for STMicroelectronics.X-CUBE-AZRTOS-F7.1.1.0
2026-04-07 19:48:37,055 [WARN] PackLoader:240 - Cannot read IP mode file for Cesanta.I-CUBE-Mongoose.7.19.0
2026-04-07 19:48:37,057 [WARN] PackLoader:240 - Cannot read IP mode file for STMicroelectronics.FP-SNS-MOTENV1.5.1.0
2026-04-07 19:48:37,067 [WARN] PackLoader:240 - Cannot read IP mode file for WES.I-CUBE-Cesium.1.4.0
2026-04-07 19:48:37,078 [WARN] PackLoader:240 - Cannot read IP mode file for Infineon.AIROC-Wi-Fi-Bluetooth-STM32.1.7.1
2026-04-07 19:48:37,091 [WARN] PackLoader:240 - Cannot read IP mode file for STMicroelectronics.X-CUBE-AZRTOS-H7.3.4.0
2026-04-07 19:48:37,096 [WARN] PackLoader:240 - Cannot read IP mode file for STMicroelectronics.X-CUBE-DISPLAY.3.0.0
2026-04-07 19:48:37,101 [WARN] PackLoader:240 - Cannot read IP mode file for STMicroelectronics.X-CUBE-NFC10.1.0.0
2026-04-07 19:48:37,103 [WARN] PackLoader:240 - Cannot read IP mode file for STMicroelectronics.X-CUBE-ST60.1.1.0
2026-04-07 19:48:37,106 [WARN] PackLoader:240 - Cannot read IP mode file for emotas.I-CUBE-CANOPEN.1.3.0
2026-04-07 19:48:37,108 [WARN] PackLoader:240 - Cannot read IP mode file for STMicroelectronics.X-CUBE-GNSS1.7.1.0
2026-04-07 19:48:37,111 [WARN] PackLoader:240 - Cannot read IP mode file for STMicroelectronics.FP-SNS-STBOX1.2.1.0
2026-04-07 19:48:37,114 [WARN] PackLoader:240 - Cannot read IP mode file for STMicroelectronics.FP-SNS-SMARTAG2.1.2.0
2026-04-07 19:48:37,116 [WARN] PackLoader:240 - Cannot read IP mode file for STMicroelectronics.FP-SNS-FLIGHT1.5.1.0
2026-04-07 19:48:37,119 [INFO] LogOutputStream:77 - [STDOUT_REDIRECT] 1 : Invalid condition id : UX_CORESTACK_Condition cause : null
2026-04-07 19:48:37,120 [INFO] LogOutputStream:77 - [STDOUT_REDIRECT] 1 : Invalid condition id : UX_CORESTACK_Condition cause : null
2026-04-07 19:48:37,120 [INFO] LogOutputStream:77 - [STDOUT_REDIRECT] 1 : Invalid condition id : UX_CORESTACK_Condition cause : null
2026-04-07 19:48:37,120 [INFO] LogOutputStream:77 - [STDOUT_REDIRECT] 1 : Invalid condition id : UX_CORESTACK_Condition cause : null
2026-04-07 19:48:37,120 [INFO] LogOutputStream:77 - [STDOUT_REDIRECT] 1 : Invalid condition id : UX_CORESTACK_Condition cause : null
2026-04-07 19:48:37,122 [WARN] PackLoader:240 - Cannot read IP mode file for STMicroelectronics.X-CUBE-AZRTOS-WL.2.0.0
2026-04-07 19:48:37,124 [WARN] PackLoader:240 - Cannot read IP mode file for STMicroelectronics.FP-SNS-MOTENV1.5.0.0
2026-04-07 19:48:37,132 [WARN] PackLoader:240 - Cannot read IP mode file for STMicroelectronics.X-CUBE-AZRTOS-H7RS.1.2.0
2026-04-07 19:48:37,135 [WARN] PackLoader:240 - Cannot read IP mode file for STMicroelectronics.X-CUBE-BLE2.3.3.0
2026-04-07 19:48:37,144 [WARN] PackLoader:240 - Cannot read IP mode file for STMicroelectronics.X-CUBE-NFC9.1.0.0
2026-04-07 19:48:37,147 [WARN] PackLoader:240 - Cannot read IP mode file for wolfSSL.I-CUBE-wolfSSL.5.8.2
2026-04-07 19:48:37,149 [WARN] PackLoader:240 - Cannot read IP mode file for STMicroelectronics.X-CUBE-BLE1.7.1.0
2026-04-07 19:48:37,150 [WARN] PackLoader:240 - Cannot read IP mode file for wolfSSL.I-CUBE-wolfMQTT.1.19.2
2026-04-07 19:48:37,153 [WARN] PackLoader:240 - Cannot read IP mode file for STMicroelectronics.X-CUBE-EEPRMA1.5.2.0
2026-04-07 19:48:37,156 [WARN] PackLoader:240 - Cannot read IP mode file for STMicroelectronics.X-CUBE-ST67W61.1.1.0
2026-04-07 19:48:37,163 [WARN] PackLoader:240 - Cannot read IP mode file for STMicroelectronics.X-CUBE-AZRTOS-G0.1.1.0
2026-04-07 19:48:37,166 [WARN] PackLoader:240 - Cannot read IP mode file for STMicroelectronics.X-CUBE-SAFEA1.1.2.2
2026-04-07 19:48:37,169 [WARN] PackLoader:240 - Cannot read IP mode file for STMicroelectronics.X-CUBE-NFC4.3.0.0
2026-04-07 19:48:37,173 [WARN] PackLoader:240 - Cannot read IP mode file for EmbeddedOffice.I-CUBE-FS-RTOS.1.0.1
2026-04-07 19:48:37,176 [WARN] PackLoader:240 - Cannot read IP mode file for STMicroelectronics.X-CUBE-WB05N.2.0.0
2026-04-07 19:48:37,178 [WARN] PackLoader:240 - Cannot read IP mode file for wolfSSL.I-CUBE-wolfTPM.3.8.0
2026-04-07 19:48:37,180 [WARN] PackLoader:240 - Cannot read IP mode file for STMicroelectronics.X-CUBE-TCPP.4.2.0
2026-04-07 19:48:37,183 [WARN] PackLoader:240 - Cannot read IP mode file for RealThread.X-CUBE-RT-Thread_Nano.4.1.1
2026-04-07 19:48:37,185 [WARN] PackLoader:240 - Cannot read IP mode file for STMicroelectronics.FP-ATR-SIGFOX1.3.2.0
2026-04-07 19:48:37,187 [WARN] PackLoader:240 - Cannot read IP mode file for ITTIA_DB.I-CUBE-ITTIADB.8.9.0
2026-04-07 19:48:37,190 [WARN] PackLoader:240 - Cannot read IP mode file for STMicroelectronics.X-CUBE-NFC6.3.2.0
2026-04-07 19:48:37,193 [WARN] PackLoader:240 - Cannot read IP mode file for STMicroelectronics.X-CUBE-AI.10.2.0
2026-04-07 19:48:37,209 [WARN] PackLoader:240 - Cannot read IP mode file for SEGGER.I-CUBE-embOS.1.3.1
2026-04-07 19:48:37,248 [WARN] PackLoader:240 - Cannot read IP mode file for STMicroelectronics.X-CUBE-ALGOBUILD.1.4.0
2026-04-07 19:48:37,294 [WARN] PackLoader:240 - Cannot read IP mode file for STMicroelectronics.X-CUBE-MEMS1.11.3.0
2026-04-07 19:48:37,368 [WARN] PackLoader:240 - Cannot read IP mode file for STMicroelectronics.X-CUBE-PM33A1.1.0.0
2026-04-07 19:48:37,378 [WARN] PackLoader:240 - Cannot read IP mode file for STMicroelectronics.X-CUBE-AZRTOS-F4.1.1.0
2026-04-07 19:48:37,383 [WARN] PackLoader:240 - Cannot read IP mode file for STMicroelectronics.X-CUBE-ISPU.2.1.0
2026-04-07 19:48:37,394 [WARN] PackLoader:240 - Cannot read IP mode file for STMicroelectronics.X-CUBE-IPS.3.2.0
2026-04-07 19:48:37,401 [WARN] PackLoader:240 - Cannot read IP mode file for STMicroelectronics.eDS-WB_DPC_TT-BIDIR.2.1.1
2026-04-07 19:48:37,406 [WARN] PackLoader:240 - Cannot read IP mode file for STMicroelectronics.X-CUBE-NFC12.1.0.0
2026-04-07 19:48:37,419 [WARN] PackLoader:240 - Cannot read IP mode file for STMicroelectronics.X-CUBE-AZRTOS-L5.2.0.0
2026-04-07 19:48:37,426 [WARN] PackLoader:240 - Cannot read IP mode file for STMicroelectronics.X-CUBE-NFC6.3.1.0
2026-04-07 19:48:37,430 [WARN] PackLoader:240 - Cannot read IP mode file for STMicroelectronics.eDS-WB_DPC_VIENNA.1.2.0
2026-04-07 19:48:37,432 [WARN] PackLoader:240 - Cannot read IP mode file for STMicroelectronics.eDS-WB_DPC_3PH2L-BIDIR.1.1.1
2026-04-07 19:48:37,436 [WARN] PackLoader:240 - Cannot read IP mode file for STMicroelectronics.X-CUBE-FREERTOS.1.3.1
2026-04-07 19:48:37,439 [WARN] PackLoader:240 - Cannot read IP mode file for STMicroelectronics.X-CUBE-TOUCHGFX.4.26.0
2026-04-07 19:48:37,441 [WARN] PackLoader:240 - Cannot read IP mode file for STMicroelectronics.X-CUBE-TOUCHGFX.4.26.1
2026-04-07 19:48:37,445 [WARN] PackLoader:240 - Cannot read IP mode file for STMicroelectronics.FP-SNS-STAIOTCFT.1.0.0
2026-04-07 19:48:37,449 [WARN] PackLoader:240 - Cannot read IP mode file for STMicroelectronics.X-CUBE-DPower.1.3.0
2026-04-07 19:48:37,458 [WARN] ConditionMgr:438 - getConditionDescription Invalid condition id : LAN8742 Phy interface Condition cause : null
2026-04-07 19:48:37,459 [WARN] PackLoader:240 - Cannot read IP mode file for STMicroelectronics.X-CUBE-AZRTOS-L4.2.0.0
2026-04-07 19:48:37,459 [WARN] ConditionMgr:1044 - genDependencies : Invalid condition id : LAN8742 Phy interface Condition cause : null
2026-04-07 19:48:37,459 [WARN] ConditionMgr:1044 - genDependencies : Invalid condition id : LAN8742 Phy interface Condition cause : null
2026-04-07 19:48:37,460 [WARN] ConditionMgr:1044 - genDependencies : Invalid condition id : LAN8742 Phy interface Condition cause : null
2026-04-07 19:48:37,466 [WARN] PackLoader:240 - Cannot read IP mode file for STMicroelectronics.X-CUBE-SFXS2LP1.4.0.0
2026-04-07 19:48:37,470 [WARN] PackLoader:240 - Cannot read IP mode file for STMicroelectronics.X-CUBE-WB05N.2.1.0
2026-04-07 19:48:37,475 [WARN] PackLoader:240 - Cannot read IP mode file for STMicroelectronics.X-CUBE-ST67W61.1.2.0
2026-04-07 19:48:37,482 [WARN] PackLoader:240 - Cannot read IP mode file for STMicroelectronics.X-CUBE-BLEMGR.4.1.0
2026-04-07 19:48:37,493 [WARN] ConditionMgr:438 - getConditionDescription Invalid condition id : UX DEVICE CLASS RTOS Condition cause : null
2026-04-07 19:48:37,493 [WARN] ConditionMgr:438 - getConditionDescription Invalid condition id : UX DEVICE CLASS RTOS Condition cause : null
2026-04-07 19:48:37,494 [WARN] PackLoader:240 - Cannot read IP mode file for STMicroelectronics.X-CUBE-AZRTOS-WB.2.0.0
2026-04-07 19:48:37,495 [WARN] ConditionMgr:1044 - genDependencies : Invalid condition id : UX DEVICE CLASS RTOS Condition cause : null
2026-04-07 19:48:37,495 [WARN] ConditionMgr:1044 - genDependencies : Invalid condition id : UX DEVICE CLASS RTOS Condition cause : null
2026-04-07 19:48:37,495 [WARN] ConditionMgr:1044 - genDependencies : Invalid condition id : UX DEVICE CLASS RTOS Condition cause : null
2026-04-07 19:48:37,495 [WARN] ConditionMgr:1044 - genDependencies : Invalid condition id : UX DEVICE CLASS RTOS Condition cause : null
2026-04-07 19:48:37,495 [WARN] ConditionMgr:1044 - genDependencies : Invalid condition id : UX DEVICE CLASS RTOS Condition cause : null
2026-04-07 19:48:37,499 [WARN] PackLoader:240 - Cannot read IP mode file for STMicroelectronics.X-CUBE-GNSS1.7.0.1
2026-04-07 19:48:37,504 [WARN] ConditionMgr:438 - getConditionDescription Invalid condition id : Cortex-A Device cause : null
2026-04-07 19:48:37,512 [WARN] ConditionMgr:1044 - genDependencies : Invalid condition id : Cortex-A Device cause : null
2026-04-07 19:48:37,512 [WARN] ConditionMgr:1044 - genDependencies : Invalid condition id : Cortex-A Device cause : null
2026-04-07 19:48:37,512 [WARN] ConditionMgr:1044 - genDependencies : Invalid condition id : Cortex-A Device cause : null
2026-04-07 19:48:37,516 [WARN] PackLoader:240 - Cannot read IP mode file for STMicroelectronics.X-CUBE-STSE01.2.0.0
2026-04-07 19:48:37,522 [WARN] PackLoader:240 - Cannot read IP mode file for STMicroelectronics.X-CUBE-SUBG2.5.0.0
2026-04-07 19:48:37,531 [WARN] PackLoader:240 - Cannot read IP mode file for STMicroelectronics.X-CUBE-AZRTOS-H7RS.1.1.0
2026-04-07 19:48:37,537 [WARN] PackLoader:240 - Cannot read IP mode file for STMicroelectronics.X-CUBE-AZRTOS-G4.2.0.0
2026-04-07 19:48:37,539 [WARN] PackLoader:240 - Cannot read IP mode file for wolfSSL.I-CUBE-wolfSSH.1.4.20
2026-04-07 19:48:37,541 [WARN] PackLoader:240 - Cannot read IP mode file for STMicroelectronics.X-CUBE-NFC7.2.0.0
2026-04-07 19:48:37,542 [WARN] PackLoader:240 - Cannot read IP mode file for STMicroelectronics.X-CUBE-ALS.1.0.2
2026-04-07 19:48:37,545 [WARN] PackLoader:240 - Cannot read IP mode file for STMicroelectronics.X-CUBE-STSE01.1.0.0
2026-04-07 19:48:37,549 [WARN] PackLoader:240 - Cannot read IP mode file for STMicroelectronics.X-CUBE-TOF1.3.4.3
2026-04-07 19:48:37,553 [INFO] ThirdParty:978 - Integrity check success = true
2026-04-07 19:48:37,553 [INFO] IntegrityCheckThread:100 - exiting critical section [integrity check]
2026-04-07 19:48:37,553 [INFO] IntegrityCheckThread:103 - End integrity checks thread
2026-04-07 19:49:02,996 [ERROR] LogOutputStream:75 - [STDERR_REDIRECT] Apr 07, 2026 7:49:02 PM java.util.prefs.FileSystemPreferences checkLockFile0ErrorCode
2026-04-07 19:49:02,996 [ERROR] LogOutputStream:75 - [STDERR_REDIRECT] WARNING: Could not lock System prefs. Unix error code 2.
2026-04-07 19:49:02,996 [ERROR] LogOutputStream:75 - [STDERR_REDIRECT] 
2026-04-07 19:49:02,997 [ERROR] LogOutputStream:75 - [STDERR_REDIRECT] Apr 07, 2026 7:49:02 PM java.util.prefs.FileSystemPreferences syncWorld
2026-04-07 19:49:02,997 [ERROR] LogOutputStream:75 - [STDERR_REDIRECT] WARNING: Couldn't flush system prefs: java.util.prefs.BackingStoreException: Couldn't get file lock.
2026-04-07 19:49:02,997 [ERROR] LogOutputStream:75 - [STDERR_REDIRECT] 
2026-04-07 19:49:32,994 [ERROR] LogOutputStream:75 - [STDERR_REDIRECT] Apr 07, 2026 7:49:32 PM java.util.prefs.FileSystemPreferences checkLockFile0ErrorCode
2026-04-07 19:49:32,995 [ERROR] LogOutputStream:75 - [STDERR_REDIRECT] WARNING: Could not lock System prefs. Unix error code 2.
2026-04-07 19:49:32,995 [ERROR] LogOutputStream:75 - [STDERR_REDIRECT] 
2026-04-07 19:49:32,996 [ERROR] LogOutputStream:75 - [STDERR_REDIRECT] Apr 07, 2026 7:49:32 PM java.util.prefs.FileSystemPreferences syncWorld
2026-04-07 19:49:32,997 [ERROR] LogOutputStream:75 - [STDERR_REDIRECT] WARNING: Couldn't flush system prefs: java.util.prefs.BackingStoreException: Couldn't get file lock.
2026-04-07 19:49:32,997 [ERROR] LogOutputStream:75 - [STDERR_REDIRECT] 
2026-04-07 19:50:02,994 [ERROR] LogOutputStream:75 - [STDERR_REDIRECT] Apr 07, 2026 7:50:02 PM java.util.prefs.FileSystemPreferences checkLockFile0ErrorCode
2026-04-07 19:50:02,994 [ERROR] LogOutputStream:75 - [STDERR_REDIRECT] WARNING: Could not lock System prefs. Unix error code 2.
2026-04-07 19:50:02,995 [ERROR] LogOutputStream:75 - [STDERR_REDIRECT] 
2026-04-07 19:50:02,995 [ERROR] LogOutputStream:75 - [STDERR_REDIRECT] Apr 07, 2026 7:50:02 PM java.util.prefs.FileSystemPreferences syncWorld
2026-04-07 19:50:02,996 [ERROR] LogOutputStream:75 - [STDERR_REDIRECT] WARNING: Couldn't flush system prefs: java.util.prefs.BackingStoreException: Couldn't get file lock.
2026-04-07 19:50:02,996 [ERROR] LogOutputStream:75 - [STDERR_REDIRECT] 
2026-04-07 19:50:32,994 [ERROR] LogOutputStream:75 - [STDERR_REDIRECT] Apr 07, 2026 7:50:32 PM java.util.prefs.FileSystemPreferences checkLockFile0ErrorCode
2026-04-07 19:50:32,995 [ERROR] LogOutputStream:75 - [STDERR_REDIRECT] WARNING: Could not lock System prefs. Unix error code 2.
2026-04-07 19:50:32,995 [ERROR] LogOutputStream:75 - [STDERR_REDIRECT] 
2026-04-07 19:50:32,995 [ERROR] LogOutputStream:75 - [STDERR_REDIRECT] Apr 07, 2026 7:50:32 PM java.util.prefs.FileSystemPreferences syncWorld
2026-04-07 19:50:32,995 [ERROR] LogOutputStream:75 - [STDERR_REDIRECT] WARNING: Couldn't flush system prefs: java.util.prefs.BackingStoreException: Couldn't get file lock.
2026-04-07 19:50:32,996 [ERROR] LogOutputStream:75 - [STDERR_REDIRECT] 
2026-04-07 19:50:39,369 [INFO] McuFinderGlobals:63 - Set McuFinder mode to 2 (CubeIDE integrated)
2026-04-07 19:50:39,370 [INFO] UserAuth:487 - Internet connection configuration mode: 1
2026-04-07 19:51:02,992 [ERROR] LogOutputStream:75 - [STDERR_REDIRECT] Apr 07, 2026 7:51:02 PM java.util.prefs.FileSystemPreferences checkLockFile0ErrorCode
2026-04-07 19:51:02,992 [ERROR] LogOutputStream:75 - [STDERR_REDIRECT] WARNING: Could not lock System prefs. Unix error code 2.
2026-04-07 19:51:02,992 [ERROR] LogOutputStream:75 - [STDERR_REDIRECT] 
2026-04-07 19:51:02,992 [ERROR] LogOutputStream:75 - [STDERR_REDIRECT] Apr 07, 2026 7:51:02 PM java.util.prefs.FileSystemPreferences syncWorld
2026-04-07 19:51:02,992 [ERROR] LogOutputStream:75 - [STDERR_REDIRECT] WARNING: Couldn't flush system prefs: java.util.prefs.BackingStoreException: Couldn't get file lock.
2026-04-07 19:51:02,992 [ERROR] LogOutputStream:75 - [STDERR_REDIRECT] 
2026-04-07 19:51:32,994 [ERROR] LogOutputStream:75 - [STDERR_REDIRECT] Apr 07, 2026 7:51:32 PM java.util.prefs.FileSystemPreferences checkLockFile0ErrorCode
2026-04-07 19:51:32,995 [ERROR] LogOutputStream:75 - [STDERR_REDIRECT] WARNING: Could not lock System prefs. Unix error code 2.
2026-04-07 19:51:32,995 [ERROR] LogOutputStream:75 - [STDERR_REDIRECT] 
2026-04-07 19:51:32,996 [ERROR] LogOutputStream:75 - [STDERR_REDIRECT] Apr 07, 2026 7:51:32 PM java.util.prefs.FileSystemPreferences syncWorld
2026-04-07 19:51:32,997 [ERROR] LogOutputStream:75 - [STDERR_REDIRECT] WARNING: Couldn't flush system prefs: java.util.prefs.BackingStoreException: Couldn't get file lock.
2026-04-07 19:51:32,997 [ERROR] LogOutputStream:75 - [STDERR_REDIRECT] 
2026-04-07 19:52:02,994 [ERROR] LogOutputStream:75 - [STDERR_REDIRECT] Apr 07, 2026 7:52:02 PM java.util.prefs.FileSystemPreferences checkLockFile0ErrorCode
2026-04-07 19:52:02,995 [ERROR] LogOutputStream:75 - [STDERR_REDIRECT] WARNING: Could not lock System prefs. Unix error code 2.
2026-04-07 19:52:02,995 [ERROR] LogOutputStream:75 - [STDERR_REDIRECT] 
2026-04-07 19:52:02,996 [ERROR] LogOutputStream:75 - [STDERR_REDIRECT] Apr 07, 2026 7:52:02 PM java.util.prefs.FileSystemPreferences syncWorld
2026-04-07 19:52:02,996 [ERROR] LogOutputStream:75 - [STDERR_REDIRECT] WARNING: Couldn't flush system prefs: java.util.prefs.BackingStoreException: Couldn't get file lock.
2026-04-07 19:52:02,996 [ERROR] LogOutputStream:75 - [STDERR_REDIRECT] 
2026-04-07 19:52:32,994 [ERROR] LogOutputStream:75 - [STDERR_REDIRECT] Apr 07, 2026 7:52:32 PM java.util.prefs.FileSystemPreferences checkLockFile0ErrorCode
2026-04-07 19:52:32,995 [ERROR] LogOutputStream:75 - [STDERR_REDIRECT] WARNING: Could not lock System prefs. Unix error code 2.
2026-04-07 19:52:32,995 [ERROR] LogOutputStream:75 - [STDERR_REDIRECT] 
2026-04-07 19:52:32,996 [ERROR] LogOutputStream:75 - [STDERR_REDIRECT] Apr 07, 2026 7:52:32 PM java.util.prefs.FileSystemPreferences syncWorld
2026-04-07 19:52:32,996 [ERROR] LogOutputStream:75 - [STDERR_REDIRECT] WARNING: Couldn't flush system prefs: java.util.prefs.BackingStoreException: Couldn't get file lock.
2026-04-07 19:52:32,996 [ERROR] LogOutputStream:75 - [STDERR_REDIRECT] 
2026-04-07 19:53:02,992 [ERROR] LogOutputStream:75 - [STDERR_REDIRECT] Apr 07, 2026 7:53:02 PM java.util.prefs.FileSystemPreferences checkLockFile0ErrorCode
2026-04-07 19:53:02,992 [ERROR] LogOutputStream:75 - [STDERR_REDIRECT] WARNING: Could not lock System prefs. Unix error code 2.
2026-04-07 19:53:02,992 [ERROR] LogOutputStream:75 - [STDERR_REDIRECT] 
2026-04-07 19:53:02,992 [ERROR] LogOutputStream:75 - [STDERR_REDIRECT] Apr 07, 2026 7:53:02 PM java.util.prefs.FileSystemPreferences syncWorld
2026-04-07 19:53:02,992 [ERROR] LogOutputStream:75 - [STDERR_REDIRECT] WARNING: Couldn't flush system prefs: java.util.prefs.BackingStoreException: Couldn't get file lock.
2026-04-07 19:53:02,992 [ERROR] LogOutputStream:75 - [STDERR_REDIRECT] 
2026-04-07 19:53:32,993 [ERROR] LogOutputStream:75 - [STDERR_REDIRECT] Apr 07, 2026 7:53:32 PM java.util.prefs.FileSystemPreferences checkLockFile0ErrorCode
2026-04-07 19:53:32,993 [ERROR] LogOutputStream:75 - [STDERR_REDIRECT] WARNING: Could not lock System prefs. Unix error code 2.
2026-04-07 19:53:32,993 [ERROR] LogOutputStream:75 - [STDERR_REDIRECT] 
2026-04-07 19:53:32,993 [ERROR] LogOutputStream:75 - [STDERR_REDIRECT] Apr 07, 2026 7:53:32 PM java.util.prefs.FileSystemPreferences syncWorld
2026-04-07 19:53:32,993 [ERROR] LogOutputStream:75 - [STDERR_REDIRECT] WARNING: Couldn't flush system prefs: java.util.prefs.BackingStoreException: Couldn't get file lock.
2026-04-07 19:53:32,994 [ERROR] LogOutputStream:75 - [STDERR_REDIRECT] 
2026-04-07 19:54:02,992 [ERROR] LogOutputStream:75 - [STDERR_REDIRECT] Apr 07, 2026 7:54:02 PM java.util.prefs.FileSystemPreferences checkLockFile0ErrorCode
2026-04-07 19:54:02,992 [ERROR] LogOutputStream:75 - [STDERR_REDIRECT] WARNING: Could not lock System prefs. Unix error code 2.
2026-04-07 19:54:02,992 [ERROR] LogOutputStream:75 - [STDERR_REDIRECT] 
2026-04-07 19:54:02,993 [ERROR] LogOutputStream:75 - [STDERR_REDIRECT] Apr 07, 2026 7:54:02 PM java.util.prefs.FileSystemPreferences syncWorld
2026-04-07 19:54:02,993 [ERROR] LogOutputStream:75 - [STDERR_REDIRECT] WARNING: Couldn't flush system prefs: java.util.prefs.BackingStoreException: Couldn't get file lock.
2026-04-07 19:54:02,993 [ERROR] LogOutputStream:75 - [STDERR_REDIRECT] 
2026-04-07 19:54:32,993 [ERROR] LogOutputStream:75 - [STDERR_REDIRECT] Apr 07, 2026 7:54:32 PM java.util.prefs.FileSystemPreferences checkLockFile0ErrorCode
2026-04-07 19:54:32,993 [ERROR] LogOutputStream:75 - [STDERR_REDIRECT] WARNING: Could not lock System prefs. Unix error code 2.
2026-04-07 19:54:32,993 [ERROR] LogOutputStream:75 - [STDERR_REDIRECT] 
2026-04-07 19:54:32,994 [ERROR] LogOutputStream:75 - [STDERR_REDIRECT] Apr 07, 2026 7:54:32 PM java.util.prefs.FileSystemPreferences syncWorld
2026-04-07 19:54:32,994 [ERROR] LogOutputStream:75 - [STDERR_REDIRECT] WARNING: Couldn't flush system prefs: java.util.prefs.BackingStoreException: Couldn't get file lock.
2026-04-07 19:54:32,994 [ERROR] LogOutputStream:75 - [STDERR_REDIRECT] 
2026-04-07 19:55:02,993 [ERROR] LogOutputStream:75 - [STDERR_REDIRECT] Apr 07, 2026 7:55:02 PM java.util.prefs.FileSystemPreferences checkLockFile0ErrorCode
2026-04-07 19:55:02,993 [ERROR] LogOutputStream:75 - [STDERR_REDIRECT] WARNING: Could not lock System prefs. Unix error code 2.
2026-04-07 19:55:02,994 [ERROR] LogOutputStream:75 - [STDERR_REDIRECT] 
2026-04-07 19:55:02,994 [ERROR] LogOutputStream:75 - [STDERR_REDIRECT] Apr 07, 2026 7:55:02 PM java.util.prefs.FileSystemPreferences syncWorld
2026-04-07 19:55:02,994 [ERROR] LogOutputStream:75 - [STDERR_REDIRECT] WARNING: Couldn't flush system prefs: java.util.prefs.BackingStoreException: Couldn't get file lock.
2026-04-07 19:55:02,994 [ERROR] LogOutputStream:75 - [STDERR_REDIRECT] 
2026-04-07 19:55:32,994 [ERROR] LogOutputStream:75 - [STDERR_REDIRECT] Apr 07, 2026 7:55:32 PM java.util.prefs.FileSystemPreferences checkLockFile0ErrorCode
2026-04-07 19:55:32,994 [ERROR] LogOutputStream:75 - [STDERR_REDIRECT] WARNING: Could not lock System prefs. Unix error code 2.
2026-04-07 19:55:32,994 [ERROR] LogOutputStream:75 - [STDERR_REDIRECT] 
2026-04-07 19:55:32,995 [ERROR] LogOutputStream:75 - [STDERR_REDIRECT] Apr 07, 2026 7:55:32 PM java.util.prefs.FileSystemPreferences syncWorld
2026-04-07 19:55:32,995 [ERROR] LogOutputStream:75 - [STDERR_REDIRECT] WARNING: Couldn't flush system prefs: java.util.prefs.BackingStoreException: Couldn't get file lock.
2026-04-07 19:55:32,995 [ERROR] LogOutputStream:75 - [STDERR_REDIRECT] 
2026-04-07 19:56:02,994 [ERROR] LogOutputStream:75 - [STDERR_REDIRECT] Apr 07, 2026 7:56:02 PM java.util.prefs.FileSystemPreferences checkLockFile0ErrorCode
2026-04-07 19:56:02,995 [ERROR] LogOutputStream:75 - [STDERR_REDIRECT] WARNING: Could not lock System prefs. Unix error code 2.
2026-04-07 19:56:02,995 [ERROR] LogOutputStream:75 - [STDERR_REDIRECT] 
2026-04-07 19:56:02,996 [ERROR] LogOutputStream:75 - [STDERR_REDIRECT] Apr 07, 2026 7:56:02 PM java.util.prefs.FileSystemPreferences syncWorld
2026-04-07 19:56:02,996 [ERROR] LogOutputStream:75 - [STDERR_REDIRECT] WARNING: Couldn't flush system prefs: java.util.prefs.BackingStoreException: Couldn't get file lock.
2026-04-07 19:56:02,996 [ERROR] LogOutputStream:75 - [STDERR_REDIRECT] 
2026-04-07 19:56:32,996 [ERROR] LogOutputStream:75 - [STDERR_REDIRECT] Apr 07, 2026 7:56:32 PM java.util.prefs.FileSystemPreferences checkLockFile0ErrorCode
2026-04-07 19:56:32,997 [ERROR] LogOutputStream:75 - [STDERR_REDIRECT] WARNING: Could not lock System prefs. Unix error code 2.
2026-04-07 19:56:32,997 [ERROR] LogOutputStream:75 - [STDERR_REDIRECT] 
2026-04-07 19:56:32,998 [ERROR] LogOutputStream:75 - [STDERR_REDIRECT] Apr 07, 2026 7:56:32 PM java.util.prefs.FileSystemPreferences syncWorld
2026-04-07 19:56:32,998 [ERROR] LogOutputStream:75 - [STDERR_REDIRECT] WARNING: Couldn't flush system prefs: java.util.prefs.BackingStoreException: Couldn't get file lock.
2026-04-07 19:56:32,998 [ERROR] LogOutputStream:75 - [STDERR_REDIRECT] 
2026-04-07 19:57:02,996 [ERROR] LogOutputStream:75 - [STDERR_REDIRECT] Apr 07, 2026 7:57:02 PM java.util.prefs.FileSystemPreferences checkLockFile0ErrorCode
2026-04-07 19:57:02,996 [ERROR] LogOutputStream:75 - [STDERR_REDIRECT] WARNING: Could not lock System prefs. Unix error code 2.
2026-04-07 19:57:02,996 [ERROR] LogOutputStream:75 - [STDERR_REDIRECT] 
2026-04-07 19:57:02,997 [ERROR] LogOutputStream:75 - [STDERR_REDIRECT] Apr 07, 2026 7:57:02 PM java.util.prefs.FileSystemPreferences syncWorld
2026-04-07 19:57:02,997 [ERROR] LogOutputStream:75 - [STDERR_REDIRECT] WARNING: Couldn't flush system prefs: java.util.prefs.BackingStoreException: Couldn't get file lock.
2026-04-07 19:57:02,997 [ERROR] LogOutputStream:75 - [STDERR_REDIRECT] 
2026-04-07 19:57:04,972 [ERROR] LogOutputStream:75 - [STDERR_REDIRECT] 
2026-04-07 19:57:04,972 [ERROR] LogOutputStream:75 - [STDERR_REDIRECT] 
2026-04-07 19:57:10,191 [INFO] Activator:176 - 


2026-04-07 19:57:10,192 [INFO] Activator:177 - !SESSION log4j initialized
2026-04-07 19:57:11,797 [INFO] LogOutputStream:77 - [STDOUT_REDIRECT] 
2026-04-07 20:02:12,967 [INFO] Activator:176 - 


2026-04-07 20:02:12,968 [INFO] Activator:177 - !SESSION log4j initialized
2026-04-07 20:02:14,328 [INFO] LogOutputStream:77 - [STDOUT_REDIRECT] 
