2026-04-07 19:41:58,119 [INFO] Activator:176 - 


2026-04-07 19:41:58,120 [INFO] Activator:177 - !SESSION log4j initialized
2026-04-07 19:41:59,299 [INFO] LogOutputStream:77 - [STDOUT_REDIRECT] 
2026-04-07 19:42:00,153 [INFO] ApplicationProperties:184 - Using Application install path: /opt/st/stm32cubeide_1.19.0/plugins/com.st.stm32cube.common.mx_6.15.0.202507011659
2026-04-07 19:42:00,164 [INFO] DbMcusXml:78 - Set database path to: /opt/st/stm32cubeide_1.19.0/plugins/com.st.stm32cube.common.mx_6.15.0.202507011659//db//mcu/
2026-04-07 19:42:00,165 [INFO] ApiDb:274 - Set plugin database path to: /opt/st/stm32cubeide_1.19.0/plugins/com.st.stm32cube.common.mx_6.15.0.202507011659//db//plugins/boardmanager/
2026-04-07 19:42:00,165 [WARN] ApiDb:259 - Overriding images path with different value:  => /opt/st/stm32cubeide_1.19.0/plugins/com.st.stm32cube.common.mx_6.15.0.202507011659//db//plugins/mcufinder/images/
2026-04-07 19:42:00,169 [INFO] ApiDb:250 - Set database path to: /home/bcomerfo/.stmcufinder/plugins/mcufinder//mcu/
2026-04-07 19:42:00,170 [INFO] DbMcusAds:125 - Set database path to: /home/bcomerfo/.stmcufinder/plugins/mcufinder//mcu/
2026-04-07 19:42:00,172 [INFO] CrossReferenceDbSqlite:203 - Set database path to: /home/bcomerfo/.stmcufinder/plugins/mcufinder//mcu/cs/
2026-04-07 19:42:00,248 [INFO] RulesReader:64 - Compatibility file has been processed (317 Rules)
2026-04-07 19:42:00,282 [INFO] DbMcusXml:78 - Set database path to: /opt/st/stm32cubeide_1.19.0/plugins/com.st.stm32cube.common.mx_6.15.0.202507011659//db//mcu/
2026-04-07 19:42:00,282 [INFO] ApiDb:274 - Set plugin database path to: /opt/st/stm32cubeide_1.19.0/plugins/com.st.stm32cube.common.mx_6.15.0.202507011659//db//plugins/boardmanager/
2026-04-07 19:42:00,282 [INFO] ApiDb:261 - Set plugin images path to: /opt/st/stm32cubeide_1.19.0/plugins/com.st.stm32cube.common.mx_6.15.0.202507011659//db//plugins/mcufinder/images/
2026-04-07 19:42:00,282 [WARN] DbFile:41 - Overriding database path with different value: /home/bcomerfo/.stmcufinder/plugins/mcufinder/ => /home/bcomerfo/.stmcufinder/plugins/mcufinder
2026-04-07 19:42:00,282 [INFO] ApiDb:250 - Set database path to: /home/bcomerfo/.stmcufinder/plugins/mcufinder//mcu/
2026-04-07 19:42:00,282 [WARN] DbFile:41 - Overriding database path with different value: /home/bcomerfo/.stmcufinder/plugins/mcufinder/ => /home/bcomerfo/.stmcufinder/plugins/mcufinder
2026-04-07 19:42:00,282 [INFO] DbMcusAds:125 - Set database path to: /home/bcomerfo/.stmcufinder/plugins/mcufinder//mcu/
2026-04-07 19:42:00,282 [WARN] DbFile:41 - Overriding database path with different value: /home/bcomerfo/.stmcufinder/plugins/mcufinder/ => /home/bcomerfo/.stmcufinder/plugins/mcufinder
2026-04-07 19:42:00,282 [WARN] DbFile:41 - Overriding database path with different value: /home/bcomerfo/.stmcufinder/plugins/mcufinder/ => /home/bcomerfo/.stmcufinder/plugins/mcufinder
2026-04-07 19:42:00,282 [INFO] CrossReferenceDbSqlite:203 - Set database path to: /home/bcomerfo/.stmcufinder/plugins/mcufinder//mcu/cs/
2026-04-07 19:42:00,320 [INFO] MainPanel:274 - HeapMemory: 268435456
2026-04-07 19:42:00,410 [INFO] DbMcusXml:78 - Set database path to: /opt/st/stm32cubeide_1.19.0/plugins/com.st.stm32cube.common.mx_6.15.0.202507011659//db//mcu/
2026-04-07 19:42:00,410 [INFO] ApiDb:274 - Set plugin database path to: /opt/st/stm32cubeide_1.19.0/plugins/com.st.stm32cube.common.mx_6.15.0.202507011659//db//plugins/boardmanager/
2026-04-07 19:42:00,410 [INFO] ApiDb:261 - Set plugin images path to: /opt/st/stm32cubeide_1.19.0/plugins/com.st.stm32cube.common.mx_6.15.0.202507011659//db//plugins/mcufinder/images/
2026-04-07 19:42:00,410 [WARN] DbFile:41 - Overriding database path with different value: /home/bcomerfo/.stmcufinder/plugins/mcufinder/ => /home/bcomerfo/.stmcufinder/plugins/mcufinder
2026-04-07 19:42:00,410 [INFO] ApiDb:250 - Set database path to: /home/bcomerfo/.stmcufinder/plugins/mcufinder//mcu/
2026-04-07 19:42:00,410 [WARN] DbFile:41 - Overriding database path with different value: /home/bcomerfo/.stmcufinder/plugins/mcufinder/ => /home/bcomerfo/.stmcufinder/plugins/mcufinder
2026-04-07 19:42:00,410 [INFO] DbMcusAds:125 - Set database path to: /home/bcomerfo/.stmcufinder/plugins/mcufinder//mcu/
2026-04-07 19:42:00,410 [WARN] DbFile:41 - Overriding database path with different value: /home/bcomerfo/.stmcufinder/plugins/mcufinder/ => /home/bcomerfo/.stmcufinder/plugins/mcufinder
2026-04-07 19:42:00,410 [WARN] DbFile:41 - Overriding database path with different value: /home/bcomerfo/.stmcufinder/plugins/mcufinder/ => /home/bcomerfo/.stmcufinder/plugins/mcufinder
2026-04-07 19:42:00,411 [INFO] CrossReferenceDbSqlite:203 - Set database path to: /home/bcomerfo/.stmcufinder/plugins/mcufinder//mcu/cs/
2026-04-07 19:42:00,420 [INFO] ApplicationProperties:184 - Using Application install path: /opt/st/stm32cubeide_1.19.0/plugins/com.st.stm32cube.common.mx_6.15.0.202507011659
2026-04-07 19:42:00,421 [INFO] PluginManage:196 - Search for loadable plugins [exclusion list=, ]
2026-04-07 19:42:00,421 [INFO] PluginManage:310 - Check plugin analytics
2026-04-07 19:42:00,501 [INFO] AnalyticsPlugin:253 - Accepted Software Licenses: 
2026-04-07 19:42:00,501 [INFO] AnalyticsPlugin:255 - Accepted CMSIS Pack Licenses: 
2026-04-07 19:42:00,501 [INFO] AnalyticsPlugin:257 - Accepted Firmware Licenses: FW.G4.1.6.0,FW.L4.1.18.0
2026-04-07 19:42:00,502 [INFO] PluginManage:359 - Loaded plugin analytics (category:tool,tabindex:-1)
2026-04-07 19:42:00,502 [INFO] PluginManage:310 - Check plugin cadmodel
2026-04-07 19:42:00,505 [INFO] CADModel:105 - Init CAD model plugin
2026-04-07 19:42:00,505 [INFO] PluginManage:359 - Loaded plugin cadmodel (category:power,tabindex:5)
2026-04-07 19:42:00,505 [INFO] PluginManage:310 - Check plugin clock
2026-04-07 19:42:00,510 [INFO] PluginManage:359 - Loaded plugin clock (category:base,tabindex:2)
2026-04-07 19:42:00,510 [INFO] PluginManage:310 - Check plugin ddr
2026-04-07 19:42:00,511 [INFO] PluginManage:359 - Loaded plugin ddr (category:tool,tabindex:6)
2026-04-07 19:42:00,511 [INFO] PluginManage:310 - Check plugin filemanager
2026-04-07 19:42:00,615 [INFO] PluginManage:359 - Loaded plugin filemanager (category:base,tabindex:10)
2026-04-07 19:42:00,615 [INFO] PluginManage:310 - Check plugin ipmanager
2026-04-07 19:42:00,622 [INFO] PluginManage:359 - Loaded plugin ipmanager (category:base,tabindex:5)
2026-04-07 19:42:00,622 [INFO] PluginManage:310 - Check plugin lpbam
2026-04-07 19:42:00,644 [INFO] PluginManage:359 - Loaded plugin lpbam (category:base,tabindex:0)
2026-04-07 19:42:00,644 [INFO] PluginManage:310 - Check plugin memorymap
2026-04-07 19:42:00,657 [INFO] PluginManage:359 - Loaded plugin memorymap (category:base,tabindex:4)
2026-04-07 19:42:00,657 [INFO] PluginManage:310 - Check plugin pinoutandconfiguration
2026-04-07 19:42:00,663 [INFO] PluginManage:359 - Loaded plugin pinoutandconfiguration (category:base,tabindex:1)
2026-04-07 19:42:00,663 [INFO] PluginManage:310 - Check plugin pinoutconfig
2026-04-07 19:42:00,708 [WARN] SupportedApi:132 - Cannot load RTOS API schema: s4s-elt-must-match.1: The content of 'definitions' must match (annotation?, (simpleType | complexType)?, (unique | key | keyref)*)). A problem was found starting at: attribute.
2026-04-07 19:42:00,774 [INFO] PluginManage:359 - Loaded plugin pinoutconfig (category:base,tabindex:0)
2026-04-07 19:42:00,774 [INFO] PluginManage:310 - Check plugin power
2026-04-07 19:42:00,779 [INFO] PluginManage:359 - Loaded plugin power (category:power,tabindex:4)
2026-04-07 19:42:00,779 [INFO] PluginManage:310 - Check plugin projectmanager
2026-04-07 19:42:00,788 [INFO] PluginManage:359 - Loaded plugin projectmanager (category:projectmanager,tabindex:4)
2026-04-07 19:42:00,788 [INFO] PluginManage:310 - Check plugin rif
2026-04-07 19:42:00,793 [INFO] PluginManage:359 - Loaded plugin rif (category:base,tabindex:3)
2026-04-07 19:42:00,793 [INFO] PluginManage:310 - Check plugin thirdparty
2026-04-07 19:42:00,854 [INFO] PluginManage:359 - Loaded plugin thirdparty (category:base,tabindex:-1)
2026-04-07 19:42:00,854 [INFO] PluginManage:310 - Check plugin tools
2026-04-07 19:42:00,854 [WARN] IntegrityCheckThread:84 - waiting for thirdparty lock release [integrity check]
2026-04-07 19:42:00,854 [INFO] IntegrityCheckThread:86 - entering critical section [integrity check]
2026-04-07 19:42:00,855 [INFO] ThirdPartyUpdaterWithRetryManager:70 - Updater plugin not ready yet. [1/15]
2026-04-07 19:42:00,855 [INFO] PluginManage:359 - Loaded plugin tools (category:base,tabindex:7)
2026-04-07 19:42:00,856 [INFO] PluginManage:310 - Check plugin tutovideos
2026-04-07 19:42:00,959 [INFO] PluginManage:359 - Loaded plugin tutovideos (category:base,tabindex:-1)
2026-04-07 19:42:00,959 [INFO] PluginManage:310 - Check plugin updater
2026-04-07 19:42:00,972 [INFO] PluginManage:359 - Loaded plugin updater (category:base,tabindex:12)
2026-04-07 19:42:00,972 [INFO] PluginManage:310 - Check plugin userauth
2026-04-07 19:42:00,974 [INFO] UserAuth:118 - Init User Auth plugin
2026-04-07 19:42:00,974 [INFO] PluginManage:359 - Loaded plugin userauth (category:base,tabindex:14)
2026-04-07 19:42:00,975 [INFO] PluginManage:283 - PluginManage : Loaded plugins [18]
2026-04-07 19:42:01,066 [INFO] PinOutPanel:1589 - setPackage(No Configuration,No Configuration)
2026-04-07 19:42:01,102 [INFO] CADModel:165 - CPN selected for project level
2026-04-07 19:42:01,102 [INFO] CADModel:114 - Register for checkConnection events
2026-04-07 19:42:01,107 [INFO] IPUIPlugin:80 - create IPUIPlugin
2026-04-07 19:42:01,107 [INFO] PluginManager:220 - loadIPPluginJar : add tim
2026-04-07 19:42:01,111 [INFO] IPUIPlugin:80 - create IPUIPlugin
2026-04-07 19:42:01,111 [INFO] PluginManager:220 - loadIPPluginJar : add mdma
2026-04-07 19:42:01,112 [INFO] IPUIPlugin:80 - create IPUIPlugin
2026-04-07 19:42:01,112 [INFO] PluginManager:220 - loadIPPluginJar : add fatfs
2026-04-07 19:42:01,115 [INFO] IPUIPlugin:80 - create IPUIPlugin
2026-04-07 19:42:01,115 [INFO] PluginManager:220 - loadIPPluginJar : add linkedlist
2026-04-07 19:42:01,116 [INFO] IPUIPlugin:80 - create IPUIPlugin
2026-04-07 19:42:01,117 [INFO] PluginManager:220 - loadIPPluginJar : add openamp
2026-04-07 19:42:01,117 [INFO] IPUIPlugin:80 - create IPUIPlugin
2026-04-07 19:42:01,118 [INFO] PluginManager:220 - loadIPPluginJar : add radio
2026-04-07 19:42:01,120 [INFO] IPUIPlugin:80 - create IPUIPlugin
2026-04-07 19:42:01,120 [INFO] PluginManager:220 - loadIPPluginJar : add touchsensing
2026-04-07 19:42:01,121 [INFO] IPUIPlugin:80 - create IPUIPlugin
2026-04-07 19:42:01,121 [INFO] PluginManager:220 - loadIPPluginJar : add tracer_emb
2026-04-07 19:42:01,123 [INFO] IPUIPlugin:80 - create IPUIPlugin
2026-04-07 19:42:01,123 [INFO] PluginManager:220 - loadIPPluginJar : add extmemmanager
2026-04-07 19:42:01,124 [INFO] IPUIPlugin:80 - create IPUIPlugin
2026-04-07 19:42:01,125 [INFO] PluginManager:220 - loadIPPluginJar : add opamp
2026-04-07 19:42:01,126 [INFO] IPUIPlugin:80 - create IPUIPlugin
2026-04-07 19:42:01,126 [INFO] PluginManager:220 - loadIPPluginJar : add can
2026-04-07 19:42:01,126 [INFO] IPUIPlugin:80 - create IPUIPlugin
2026-04-07 19:42:01,126 [INFO] PluginManager:220 - loadIPPluginJar : add tsc
2026-04-07 19:42:01,128 [INFO] IPUIPlugin:80 - create IPUIPlugin
2026-04-07 19:42:01,128 [INFO] PluginManager:220 - loadIPPluginJar : add pdm2pcm
2026-04-07 19:42:01,129 [INFO] IPUIPlugin:80 - create IPUIPlugin
2026-04-07 19:42:01,129 [INFO] PluginManager:220 - loadIPPluginJar : add spi
2026-04-07 19:42:01,130 [INFO] IPUIPlugin:80 - create IPUIPlugin
2026-04-07 19:42:01,130 [INFO] PluginManager:220 - loadIPPluginJar : add hash
2026-04-07 19:42:01,133 [INFO] IPUIPlugin:80 - create IPUIPlugin
2026-04-07 19:42:01,133 [INFO] PluginManager:220 - loadIPPluginJar : add stm32_wpan
2026-04-07 19:42:01,134 [INFO] IPUIPlugin:80 - create IPUIPlugin
2026-04-07 19:42:01,134 [INFO] PluginManager:220 - loadIPPluginJar : add dma3
2026-04-07 19:42:01,135 [INFO] IPUIPlugin:80 - create IPUIPlugin
2026-04-07 19:42:01,135 [INFO] PluginManager:220 - loadIPPluginJar : add quadspi
2026-04-07 19:42:01,136 [INFO] IPUIPlugin:80 - create IPUIPlugin
2026-04-07 19:42:01,136 [INFO] PluginManager:220 - loadIPPluginJar : add usbx
2026-04-07 19:42:01,137 [INFO] IPUIPlugin:80 - create IPUIPlugin
2026-04-07 19:42:01,137 [INFO] PluginManager:220 - loadIPPluginJar : add ucpd
2026-04-07 19:42:01,138 [INFO] IPUIPlugin:80 - create IPUIPlugin
2026-04-07 19:42:01,138 [INFO] PluginManager:220 - loadIPPluginJar : add i2c
2026-04-07 19:42:01,140 [INFO] IPUIPlugin:80 - create IPUIPlugin
2026-04-07 19:42:01,140 [INFO] PluginManager:220 - loadIPPluginJar : add ipddr
2026-04-07 19:42:01,141 [INFO] IPUIPlugin:80 - create IPUIPlugin
2026-04-07 19:42:01,141 [INFO] PluginManager:220 - loadIPPluginJar : add ltdc
2026-04-07 19:42:01,142 [INFO] IPUIPlugin:80 - create IPUIPlugin
2026-04-07 19:42:01,142 [INFO] PluginManager:220 - loadIPPluginJar : add comp
2026-04-07 19:42:01,143 [INFO] IPUIPlugin:80 - create IPUIPlugin
2026-04-07 19:42:01,143 [INFO] PluginManager:220 - loadIPPluginJar : add genericplugin
2026-04-07 19:42:01,146 [INFO] IPUIPlugin:80 - create IPUIPlugin
2026-04-07 19:42:01,146 [INFO] PluginManager:220 - loadIPPluginJar : add adc
2026-04-07 19:42:01,147 [INFO] IPUIPlugin:80 - create IPUIPlugin
2026-04-07 19:42:01,147 [INFO] PluginManager:220 - loadIPPluginJar : add aes
2026-04-07 19:42:01,148 [INFO] IPUIPlugin:80 - create IPUIPlugin
2026-04-07 19:42:01,148 [INFO] PluginManager:220 - loadIPPluginJar : add ddr_ctrl_phy
2026-04-07 19:42:01,152 [INFO] IPUIPlugin:80 - create IPUIPlugin
2026-04-07 19:42:01,153 [INFO] PluginManager:220 - loadIPPluginJar : add plateformsettings
2026-04-07 19:42:01,155 [INFO] IPUIPlugin:80 - create IPUIPlugin
2026-04-07 19:42:01,155 [INFO] PluginManager:220 - loadIPPluginJar : add resmgrutility
2026-04-07 19:42:01,156 [INFO] IPUIPlugin:80 - create IPUIPlugin
2026-04-07 19:42:01,156 [INFO] PluginManager:220 - loadIPPluginJar : add dfsdm
2026-04-07 19:42:01,157 [INFO] IPUIPlugin:80 - create IPUIPlugin
2026-04-07 19:42:01,157 [INFO] PluginManager:220 - loadIPPluginJar : add i2s
2026-04-07 19:42:01,158 [INFO] IPUIPlugin:80 - create IPUIPlugin
2026-04-07 19:42:01,158 [INFO] PluginManager:220 - loadIPPluginJar : add gfxmmu
2026-04-07 19:42:01,161 [INFO] IPUIPlugin:80 - create IPUIPlugin
2026-04-07 19:42:01,161 [INFO] PluginManager:220 - loadIPPluginJar : add gpio
2026-04-07 19:42:01,163 [INFO] IPUIPlugin:80 - create IPUIPlugin
2026-04-07 19:42:01,163 [INFO] PluginManager:220 - loadIPPluginJar : add gic
2026-04-07 19:42:01,164 [INFO] IPUIPlugin:80 - create IPUIPlugin
2026-04-07 19:42:01,164 [INFO] PluginManager:220 - loadIPPluginJar : add usart
2026-04-07 19:42:01,166 [INFO] IPUIPlugin:80 - create IPUIPlugin
2026-04-07 19:42:01,166 [INFO] PluginManager:220 - loadIPPluginJar : add gtzc
2026-04-07 19:42:01,168 [INFO] IPUIPlugin:80 - create IPUIPlugin
2026-04-07 19:42:01,168 [INFO] PluginManager:220 - loadIPPluginJar : add fmc
2026-04-07 19:42:01,169 [INFO] IPUIPlugin:80 - create IPUIPlugin
2026-04-07 19:42:01,169 [INFO] PluginManager:220 - loadIPPluginJar : add ts
2026-04-07 19:42:01,171 [INFO] IPUIPlugin:80 - create IPUIPlugin
2026-04-07 19:42:01,171 [INFO] PluginManager:220 - loadIPPluginJar : add nvic
2026-04-07 19:42:01,172 [INFO] IPUIPlugin:80 - create IPUIPlugin
2026-04-07 19:42:01,172 [INFO] PluginManager:220 - loadIPPluginJar : add lorawan
2026-04-07 19:42:01,173 [INFO] IPUIPlugin:80 - create IPUIPlugin
2026-04-07 19:42:01,173 [INFO] PluginManager:220 - loadIPPluginJar : add i3c
2026-04-07 19:42:01,174 [INFO] IPUIPlugin:80 - create IPUIPlugin
2026-04-07 19:42:01,174 [INFO] PluginManager:220 - loadIPPluginJar : add cryp
2026-04-07 19:42:01,175 [INFO] IPUIPlugin:80 - create IPUIPlugin
2026-04-07 19:42:01,175 [INFO] PluginManager:220 - loadIPPluginJar : add sai
2026-04-07 19:42:01,178 [INFO] IPUIPlugin:80 - create IPUIPlugin
2026-04-07 19:42:01,178 [INFO] PluginManager:220 - loadIPPluginJar : add freertos
2026-04-07 19:42:01,181 [INFO] IPUIPlugin:80 - create IPUIPlugin
2026-04-07 19:42:01,181 [INFO] PluginManager:220 - loadIPPluginJar : add dma
2026-04-07 19:42:01,269 [FATAL] Updater:351 - Updater called before beeing initialized
2026-04-07 19:42:01,293 [INFO] RulesReader:64 - Compatibility file has been processed (317 Rules)
2026-04-07 19:42:01,299 [INFO] RulesReader:64 - Compatibility file has been processed (317 Rules)
2026-04-07 19:42:01,303 [INFO] CADModel:165 - CPN selected for project level
2026-04-07 19:42:01,303 [INFO] CADModel:114 - Register for checkConnection events
2026-04-07 19:42:01,303 [FATAL] Updater:351 - Updater called before beeing initialized
2026-04-07 19:42:01,303 [ERROR] CADModel:125 - Updater not yet initialized, retry later 
2026-04-07 19:42:01,366 [FATAL] Updater:351 - Updater called before beeing initialized
2026-04-07 19:42:01,367 [INFO] CADModel:165 - CPN selected for project level
2026-04-07 19:42:01,367 [INFO] CADModel:114 - Register for checkConnection events
2026-04-07 19:42:01,367 [FATAL] Updater:351 - Updater called before beeing initialized
2026-04-07 19:42:01,367 [ERROR] CADModel:125 - Updater not yet initialized, retry later 
2026-04-07 19:42:01,369 [FATAL] Updater:351 - Updater called before beeing initialized
2026-04-07 19:42:01,410 [FATAL] Updater:351 - Updater called before beeing initialized
2026-04-07 19:42:01,413 [INFO] DbMcusAds:53 - JSON generation date=Thu Mar 05 09:32:52 EST 2026 (1772721172890)
2026-04-07 19:42:01,413 [FATAL] Updater:351 - Updater called before beeing initialized
2026-04-07 19:42:01,432 [WARN] DetailPanel:346 - Failed to get advertising image, set to default
2026-04-07 19:42:01,478 [FATAL] Updater:351 - Updater called before beeing initialized
2026-04-07 19:42:01,479 [FATAL] Updater:351 - Updater called before beeing initialized
2026-04-07 19:42:01,479 [FATAL] Updater:351 - Updater called before beeing initialized
2026-04-07 19:42:01,479 [WARN] DetailPanel:346 - Failed to get advertising image, set to default
2026-04-07 19:42:01,480 [FATAL] Updater:351 - Updater called before beeing initialized
2026-04-07 19:42:01,500 [ERROR] Updater:1198 - MainUpdater not yet initialized. External WinMGr cannot be set.
2026-04-07 19:42:01,501 [INFO] Updater:1134 - Updater Version found : 6.15.0
2026-04-07 19:42:01,511 [INFO] ApplicationProperties:184 - Using Application install path: /opt/st/stm32cubeide_1.19.0/plugins/com.st.stm32cube.common.mx_6.15.0.202507011659
2026-04-07 19:42:01,519 [ERROR] LogOutputStream:75 - [STDERR_REDIRECT] Apr 07, 2026 7:42:01 PM java.util.prefs.FileSystemPreferences$2 run
2026-04-07 19:42:01,519 [ERROR] LogOutputStream:75 - [STDERR_REDIRECT] WARNING: Could not create system preferences directory. System preferences are unusable.
2026-04-07 19:42:01,519 [ERROR] LogOutputStream:75 - [STDERR_REDIRECT] 
2026-04-07 19:42:01,656 [INFO] MainUpdater:2872 - connection check result : 10
2026-04-07 19:42:01,656 [INFO] MainUpdater:3604 - Updater definition file requires update
2026-04-07 19:42:01,657 [INFO] MainUpdater:289 - Updater Check For Update Now.
2026-04-07 19:42:01,657 [INFO] MicroXplorer:498 - Change Database Version : DB.6.0.150
2026-04-07 19:42:01,660 [INFO] McuFinderGlobals:63 - Set McuFinder mode to 2 (CubeIDE integrated)
2026-04-07 19:42:01,660 [INFO] UserAuth:487 - Internet connection configuration mode: 1
2026-04-07 19:42:01,669 [INFO] JxBrowserEngine:152 - Initiate JxBrowser Engine with user profile folder
2026-04-07 19:42:01,725 [INFO] ServerAccessManage:452 - Complete download http(s) 200
2026-04-07 19:42:01,726 [INFO] ServerAccessManage:509 - Download File updaters.zip
2026-04-07 19:42:01,792 [INFO] FileExtend:248 - Unzip File : updaters.zip
2026-04-07 19:42:01,792 [INFO] FileExtend:263 - Standard Zip Deflate
2026-04-07 19:42:01,932 [INFO] ServerAccessManage:452 - Complete download http(s) 200
2026-04-07 19:42:01,932 [INFO] ServerAccessManage:509 - Download File PacksControlFlags.xml
2026-04-07 19:42:02,015 [INFO] ServerAccessManage:452 - Complete download http(s) 200
2026-04-07 19:42:02,015 [INFO] ServerAccessManage:509 - Download File cubemx.pidx
2026-04-07 19:42:02,312 [INFO] WebApp:169 - Instantiating new browser for Auth
2026-04-07 19:42:02,441 [INFO] ServerAccessManage:452 - Complete download http(s) 200
2026-04-07 19:42:02,442 [INFO] ServerAccessManage:509 - Download File STMicroelectronics.X-CUBE-NFC6.pdsc
2026-04-07 19:42:02,758 [INFO] WebApp:463 - Apply proxy settings
2026-04-07 19:42:02,759 [INFO] WebApp:548 - Chromium requires no authentication
2026-04-07 19:42:02,763 [INFO] WebApp:491 - Direct internet connection detected
2026-04-07 19:42:02,775 [INFO] WebApp:900 - Register for checkConnection events
2026-04-07 19:42:02,775 [INFO] WebApp:463 - Apply proxy settings
2026-04-07 19:42:02,775 [INFO] WebApp:548 - Chromium requires no authentication
2026-04-07 19:42:02,775 [INFO] WebApp:491 - Direct internet connection detected
2026-04-07 19:42:02,852 [INFO] WebApp:225 - Starting web application
2026-04-07 19:42:02,852 [INFO] WebApp:593 - Web application path used /opt/st/stm32cubeide_1.19.0/plugins/com.st.stm32cube.common.mx_6.15.0.202507011659/db/plugins/mcufinder/reactClient1/index.html
2026-04-07 19:42:02,912 [INFO] UserAuth:487 - Internet connection configuration mode: 1
2026-04-07 19:42:03,001 [INFO] WebApp:191 - Connection restablished
2026-04-07 19:42:03,074 [INFO] ServerAccessManage:452 - Complete download http(s) 200
2026-04-07 19:42:03,074 [INFO] ServerAccessManage:509 - Download File STMicroelectronics.X-CUBE-ST67W61.pdsc
2026-04-07 19:42:03,247 [INFO] ServerAccessManage:452 - Complete download http(s) 200
2026-04-07 19:42:03,247 [INFO] ServerAccessManage:509 - Download File STMicroelectronics.X-CUBE-STSE01.pdsc
2026-04-07 19:42:03,856 [WARN] MainUpdater:1193 - Updater busy. Cannot search thirdparties
2026-04-07 19:42:03,856 [INFO] ThirdPartyUpdaterWithRetryManager:96 - Updater plugin is busy. [1/15]
2026-04-07 19:42:03,987 [INFO] ServerAccessManage:452 - Complete download http(s) 200
2026-04-07 19:42:03,988 [INFO] ServerAccessManage:509 - Download File STMicroelectronics.X-CUBE-TOUCHGFX.pdsc
2026-04-07 19:42:06,857 [WARN] MainUpdater:1193 - Updater busy. Cannot search thirdparties
2026-04-07 19:42:06,858 [INFO] ThirdPartyUpdaterWithRetryManager:96 - Updater plugin is busy. [2/15]
2026-04-07 19:42:09,859 [WARN] MainUpdater:1193 - Updater busy. Cannot search thirdparties
2026-04-07 19:42:09,859 [INFO] ThirdPartyUpdaterWithRetryManager:96 - Updater plugin is busy. [3/15]
2026-04-07 19:42:12,860 [WARN] MainUpdater:1193 - Updater busy. Cannot search thirdparties
2026-04-07 19:42:12,860 [INFO] ThirdPartyUpdaterWithRetryManager:96 - Updater plugin is busy. [4/15]
2026-04-07 19:42:14,597 [INFO] ServerAccessManage:452 - Complete download http(s) 200
2026-04-07 19:42:14,597 [INFO] ServerAccessManage:509 - Download File STMicroelectronics.X-CUBE-AZRTOS-H7.pdsc
2026-04-07 19:42:14,848 [INFO] ServerAccessManage:452 - Complete download http(s) 200
2026-04-07 19:42:14,848 [INFO] ServerAccessManage:509 - Download File STMicroelectronics.X-CUBE-AZRTOS-H7RS.pdsc
2026-04-07 19:42:15,033 [INFO] ServerAccessManage:452 - Complete download http(s) 200
2026-04-07 19:42:15,034 [INFO] ServerAccessManage:509 - Download File STMicroelectronics.X-CUBE-WB05N.pdsc
2026-04-07 19:42:15,107 [INFO] ServerAccessManage:452 - Complete download http(s) 200
2026-04-07 19:42:15,108 [INFO] ServerAccessManage:509 - Download File STMicroelectronics.eDS-WB_DPC_VIENNA.pdsc
2026-04-07 19:42:15,455 [ERROR] ServerAccessManage:1212 - Problem, file not found on Server
2026-04-07 19:42:15,762 [ERROR] ServerAccessManage:1212 - Problem, file not found on Server
2026-04-07 19:42:15,861 [WARN] MainUpdater:1193 - Updater busy. Cannot search thirdparties
2026-04-07 19:42:15,861 [INFO] ThirdPartyUpdaterWithRetryManager:96 - Updater plugin is busy. [5/15]
2026-04-07 19:42:16,069 [ERROR] ServerAccessManage:1212 - Problem, file not found on Server
2026-04-07 19:42:16,375 [ERROR] ServerAccessManage:1212 - Problem, file not found on Server
2026-04-07 19:42:16,716 [ERROR] ServerAccessManage:1212 - Problem, file not found on Server
2026-04-07 19:42:16,766 [INFO] ServerAccessManage:452 - Complete download http(s) 200
2026-04-07 19:42:16,767 [INFO] ServerAccessManage:509 - Download File STMicroelectronics.eDS-WB_DPC_TT-BIDIR.pdsc
2026-04-07 19:42:17,040 [ERROR] ServerAccessManage:1212 - Problem, file not found on Server
2026-04-07 19:42:17,400 [ERROR] ServerAccessManage:1212 - Problem, file not found on Server
2026-04-07 19:42:17,707 [ERROR] ServerAccessManage:1212 - Problem, file not found on Server
2026-04-07 19:42:18,014 [ERROR] ServerAccessManage:1212 - Problem, file not found on Server
2026-04-07 19:42:18,066 [INFO] ServerAccessManage:452 - Complete download http(s) 200
2026-04-07 19:42:18,066 [INFO] ServerAccessManage:509 - Download File STMicroelectronics.eDS-WB_DPC_3PH2L-BIDIR.pdsc
2026-04-07 19:42:18,322 [ERROR] ServerAccessManage:1212 - Problem, file not found on Server
2026-04-07 19:42:18,431 [WARN] PackLoader:240 - Cannot read IP mode file for STMicroelectronics.X-CUBE-NFC6.3.2.0
2026-04-07 19:42:18,437 [WARN] PackLoader:240 - Cannot read IP mode file for STMicroelectronics.X-CUBE-ST67W61.1.2.0
2026-04-07 19:42:18,442 [WARN] PackLoader:240 - Cannot read IP mode file for STMicroelectronics.X-CUBE-STSE01.2.0.0
2026-04-07 19:42:18,445 [WARN] PackLoader:240 - Cannot read IP mode file for STMicroelectronics.X-CUBE-TOUCHGFX.4.26.1
2026-04-07 19:42:18,456 [WARN] PackLoader:240 - Cannot read IP mode file for STMicroelectronics.X-CUBE-AZRTOS-H7.3.5.0
2026-04-07 19:42:18,466 [WARN] PackLoader:240 - Cannot read IP mode file for STMicroelectronics.X-CUBE-AZRTOS-H7RS.1.2.0
2026-04-07 19:42:18,470 [WARN] PackLoader:240 - Cannot read IP mode file for STMicroelectronics.X-CUBE-WB05N.2.1.0
2026-04-07 19:42:18,472 [WARN] PackLoader:240 - Cannot read IP mode file for STMicroelectronics.eDS-WB_DPC_VIENNA.1.2.0
2026-04-07 19:42:18,473 [WARN] PackLoader:240 - Cannot read IP mode file for STMicroelectronics.eDS-WB_DPC_TT-BIDIR.2.1.1
2026-04-07 19:42:18,473 [WARN] PackLoader:240 - Cannot read IP mode file for STMicroelectronics.eDS-WB_DPC_3PH2L-BIDIR.1.1.1
2026-04-07 19:42:18,474 [INFO] PopulateThirdPartyThread:66 - Ending populate Thread
2026-04-07 19:42:18,474 [INFO] ThirdParty:1030 - CMSIS Pack Vendor :STMicroelectronics X-CUBE-AZRTOS-H7 3.5.0
2026-04-07 19:42:18,474 [INFO] ThirdParty:1030 - CMSIS Pack Vendor :STMicroelectronics eDS-WB_DPC_TT-BIDIR 2.1.1
2026-04-07 19:42:18,474 [INFO] ThirdParty:1030 - CMSIS Pack Vendor :STMicroelectronics eDS-WB_DPC_VIENNA 1.2.0
2026-04-07 19:42:18,474 [INFO] ThirdParty:1030 - CMSIS Pack Vendor :STMicroelectronics X-CUBE-STSE01 2.0.0
2026-04-07 19:42:18,474 [INFO] ThirdParty:1030 - CMSIS Pack Vendor :STMicroelectronics eDS-WB_DPC_3PH2L-BIDIR 1.1.1
2026-04-07 19:42:18,474 [INFO] ThirdParty:1030 - CMSIS Pack Vendor :STMicroelectronics X-CUBE-TOUCHGFX 4.26.1
2026-04-07 19:42:18,474 [INFO] ThirdParty:1030 - CMSIS Pack Vendor :STMicroelectronics X-CUBE-AZRTOS-H7RS 1.2.0
2026-04-07 19:42:18,474 [INFO] ThirdParty:1030 - CMSIS Pack Vendor :STMicroelectronics X-CUBE-NFC6 3.2.0
2026-04-07 19:42:18,474 [INFO] ThirdParty:1030 - CMSIS Pack Vendor :STMicroelectronics X-CUBE-ST67W61 1.2.0
2026-04-07 19:42:18,474 [INFO] ThirdParty:1030 - CMSIS Pack Vendor :STMicroelectronics X-CUBE-WB05N 2.1.0
2026-04-07 19:42:18,475 [INFO] LoadServerUpdatesThread:375 - End of LoadServerUpdate Thread
2026-04-07 19:42:18,537 [INFO] CheckServerUpdateThread:120 - End of CheckServer Thread
2026-04-07 19:42:18,936 [WARN] PackLoader:240 - Cannot read IP mode file for STMicroelectronics.X-CUBE-AZRTOS-H7.3.5.0
2026-04-07 19:42:18,941 [WARN] PackLoader:240 - Cannot read IP mode file for STMicroelectronics.FP-SNS-MOTENVWB1.1.4.0
2026-04-07 19:42:18,943 [WARN] PackLoader:240 - Cannot read IP mode file for STMicroelectronics.FP-ATR-ASTRA1.2.0.2
2026-04-07 19:42:18,945 [WARN] PackLoader:240 - Cannot read IP mode file for STMicroelectronics.X-CUBE-SMBUS.2.1.0
2026-04-07 19:42:18,951 [WARN] PackLoader:240 - Cannot read IP mode file for STMicroelectronics.X-CUBE-AZRTOS-F7.1.1.0
2026-04-07 19:42:18,953 [WARN] PackLoader:240 - Cannot read IP mode file for Cesanta.I-CUBE-Mongoose.7.19.0
2026-04-07 19:42:18,954 [WARN] PackLoader:240 - Cannot read IP mode file for STMicroelectronics.FP-SNS-MOTENV1.5.1.0
2026-04-07 19:42:18,957 [WARN] PackLoader:240 - Cannot read IP mode file for WES.I-CUBE-Cesium.1.4.0
2026-04-07 19:42:18,964 [WARN] PackLoader:240 - Cannot read IP mode file for Infineon.AIROC-Wi-Fi-Bluetooth-STM32.1.7.1
2026-04-07 19:42:18,973 [WARN] PackLoader:240 - Cannot read IP mode file for STMicroelectronics.X-CUBE-AZRTOS-H7.3.4.0
2026-04-07 19:42:18,976 [WARN] PackLoader:240 - Cannot read IP mode file for STMicroelectronics.X-CUBE-DISPLAY.3.0.0
2026-04-07 19:42:18,980 [WARN] PackLoader:240 - Cannot read IP mode file for STMicroelectronics.X-CUBE-NFC10.1.0.0
2026-04-07 19:42:18,982 [WARN] PackLoader:240 - Cannot read IP mode file for STMicroelectronics.X-CUBE-ST60.1.1.0
2026-04-07 19:42:18,983 [WARN] PackLoader:240 - Cannot read IP mode file for emotas.I-CUBE-CANOPEN.1.3.0
2026-04-07 19:42:18,985 [WARN] PackLoader:240 - Cannot read IP mode file for STMicroelectronics.X-CUBE-GNSS1.7.1.0
2026-04-07 19:42:18,988 [WARN] PackLoader:240 - Cannot read IP mode file for STMicroelectronics.FP-SNS-STBOX1.2.1.0
2026-04-07 19:42:18,990 [WARN] PackLoader:240 - Cannot read IP mode file for STMicroelectronics.FP-SNS-SMARTAG2.1.2.0
2026-04-07 19:42:18,991 [WARN] PackLoader:240 - Cannot read IP mode file for STMicroelectronics.FP-SNS-FLIGHT1.5.1.0
2026-04-07 19:42:18,994 [INFO] LogOutputStream:77 - [STDOUT_REDIRECT] 1 : Invalid condition id : UX_CORESTACK_Condition cause : null
2026-04-07 19:42:18,994 [INFO] LogOutputStream:77 - [STDOUT_REDIRECT] 1 : Invalid condition id : UX_CORESTACK_Condition cause : null
2026-04-07 19:42:18,995 [INFO] LogOutputStream:77 - [STDOUT_REDIRECT] 1 : Invalid condition id : UX_CORESTACK_Condition cause : null
2026-04-07 19:42:18,995 [INFO] LogOutputStream:77 - [STDOUT_REDIRECT] 1 : Invalid condition id : UX_CORESTACK_Condition cause : null
2026-04-07 19:42:18,995 [INFO] LogOutputStream:77 - [STDOUT_REDIRECT] 1 : Invalid condition id : UX_CORESTACK_Condition cause : null
2026-04-07 19:42:18,996 [WARN] PackLoader:240 - Cannot read IP mode file for STMicroelectronics.X-CUBE-AZRTOS-WL.2.0.0
2026-04-07 19:42:18,997 [WARN] PackLoader:240 - Cannot read IP mode file for STMicroelectronics.FP-SNS-MOTENV1.5.0.0
2026-04-07 19:42:19,004 [WARN] PackLoader:240 - Cannot read IP mode file for STMicroelectronics.X-CUBE-AZRTOS-H7RS.1.2.0
2026-04-07 19:42:19,007 [WARN] PackLoader:240 - Cannot read IP mode file for STMicroelectronics.X-CUBE-BLE2.3.3.0
2026-04-07 19:42:19,013 [WARN] PackLoader:240 - Cannot read IP mode file for STMicroelectronics.X-CUBE-NFC9.1.0.0
2026-04-07 19:42:19,015 [WARN] PackLoader:240 - Cannot read IP mode file for wolfSSL.I-CUBE-wolfSSL.5.8.2
2026-04-07 19:42:19,017 [WARN] PackLoader:240 - Cannot read IP mode file for STMicroelectronics.X-CUBE-BLE1.7.1.0
2026-04-07 19:42:19,018 [WARN] PackLoader:240 - Cannot read IP mode file for wolfSSL.I-CUBE-wolfMQTT.1.19.2
2026-04-07 19:42:19,020 [WARN] PackLoader:240 - Cannot read IP mode file for STMicroelectronics.X-CUBE-EEPRMA1.5.2.0
2026-04-07 19:42:19,023 [WARN] PackLoader:240 - Cannot read IP mode file for STMicroelectronics.X-CUBE-ST67W61.1.1.0
2026-04-07 19:42:19,035 [WARN] PackLoader:240 - Cannot read IP mode file for STMicroelectronics.X-CUBE-AZRTOS-G0.1.1.0
2026-04-07 19:42:19,038 [WARN] PackLoader:240 - Cannot read IP mode file for STMicroelectronics.X-CUBE-SAFEA1.1.2.2
2026-04-07 19:42:19,040 [WARN] PackLoader:240 - Cannot read IP mode file for STMicroelectronics.X-CUBE-NFC4.3.0.0
2026-04-07 19:42:19,043 [WARN] PackLoader:240 - Cannot read IP mode file for EmbeddedOffice.I-CUBE-FS-RTOS.1.0.1
2026-04-07 19:42:19,046 [WARN] PackLoader:240 - Cannot read IP mode file for STMicroelectronics.X-CUBE-WB05N.2.0.0
2026-04-07 19:42:19,048 [WARN] PackLoader:240 - Cannot read IP mode file for wolfSSL.I-CUBE-wolfTPM.3.8.0
2026-04-07 19:42:19,050 [WARN] PackLoader:240 - Cannot read IP mode file for STMicroelectronics.X-CUBE-TCPP.4.2.0
2026-04-07 19:42:19,052 [WARN] PackLoader:240 - Cannot read IP mode file for RealThread.X-CUBE-RT-Thread_Nano.4.1.1
2026-04-07 19:42:19,053 [WARN] PackLoader:240 - Cannot read IP mode file for STMicroelectronics.FP-ATR-SIGFOX1.3.2.0
2026-04-07 19:42:19,056 [WARN] PackLoader:240 - Cannot read IP mode file for ITTIA_DB.I-CUBE-ITTIADB.8.9.0
2026-04-07 19:42:19,060 [WARN] PackLoader:240 - Cannot read IP mode file for STMicroelectronics.X-CUBE-NFC6.3.2.0
2026-04-07 19:42:19,064 [WARN] PackLoader:240 - Cannot read IP mode file for STMicroelectronics.X-CUBE-AI.10.2.0
2026-04-07 19:42:19,077 [WARN] PackLoader:240 - Cannot read IP mode file for SEGGER.I-CUBE-embOS.1.3.1
2026-04-07 19:42:19,093 [WARN] PackLoader:240 - Cannot read IP mode file for STMicroelectronics.X-CUBE-ALGOBUILD.1.4.0
2026-04-07 19:42:19,109 [WARN] PackLoader:240 - Cannot read IP mode file for STMicroelectronics.X-CUBE-MEMS1.11.3.0
2026-04-07 19:42:19,159 [WARN] PackLoader:240 - Cannot read IP mode file for STMicroelectronics.X-CUBE-PM33A1.1.0.0
2026-04-07 19:42:19,165 [WARN] PackLoader:240 - Cannot read IP mode file for STMicroelectronics.X-CUBE-AZRTOS-F4.1.1.0
2026-04-07 19:42:19,167 [WARN] PackLoader:240 - Cannot read IP mode file for STMicroelectronics.X-CUBE-ISPU.2.1.0
2026-04-07 19:42:19,171 [WARN] PackLoader:240 - Cannot read IP mode file for STMicroelectronics.X-CUBE-IPS.3.2.0
2026-04-07 19:42:19,175 [WARN] PackLoader:240 - Cannot read IP mode file for STMicroelectronics.eDS-WB_DPC_TT-BIDIR.2.1.1
2026-04-07 19:42:19,177 [WARN] PackLoader:240 - Cannot read IP mode file for STMicroelectronics.X-CUBE-NFC12.1.0.0
2026-04-07 19:42:19,183 [WARN] PackLoader:240 - Cannot read IP mode file for STMicroelectronics.X-CUBE-AZRTOS-L5.2.0.0
2026-04-07 19:42:19,186 [WARN] PackLoader:240 - Cannot read IP mode file for STMicroelectronics.X-CUBE-NFC6.3.1.0
2026-04-07 19:42:19,188 [WARN] PackLoader:240 - Cannot read IP mode file for STMicroelectronics.eDS-WB_DPC_VIENNA.1.2.0
2026-04-07 19:42:19,188 [WARN] PackLoader:240 - Cannot read IP mode file for STMicroelectronics.eDS-WB_DPC_3PH2L-BIDIR.1.1.1
2026-04-07 19:42:19,190 [WARN] PackLoader:240 - Cannot read IP mode file for STMicroelectronics.X-CUBE-FREERTOS.1.3.1
2026-04-07 19:42:19,191 [WARN] PackLoader:240 - Cannot read IP mode file for STMicroelectronics.X-CUBE-TOUCHGFX.4.26.0
2026-04-07 19:42:19,191 [WARN] PackLoader:240 - Cannot read IP mode file for STMicroelectronics.X-CUBE-TOUCHGFX.4.26.1
2026-04-07 19:42:19,193 [WARN] PackLoader:240 - Cannot read IP mode file for STMicroelectronics.FP-SNS-STAIOTCFT.1.0.0
2026-04-07 19:42:19,195 [WARN] PackLoader:240 - Cannot read IP mode file for STMicroelectronics.X-CUBE-DPower.1.3.0
2026-04-07 19:42:19,200 [WARN] ConditionMgr:438 - getConditionDescription Invalid condition id : LAN8742 Phy interface Condition cause : null
2026-04-07 19:42:19,200 [WARN] PackLoader:240 - Cannot read IP mode file for STMicroelectronics.X-CUBE-AZRTOS-L4.2.0.0
2026-04-07 19:42:19,201 [WARN] ConditionMgr:1044 - genDependencies : Invalid condition id : LAN8742 Phy interface Condition cause : null
2026-04-07 19:42:19,201 [WARN] ConditionMgr:1044 - genDependencies : Invalid condition id : LAN8742 Phy interface Condition cause : null
2026-04-07 19:42:19,201 [WARN] ConditionMgr:1044 - genDependencies : Invalid condition id : LAN8742 Phy interface Condition cause : null
2026-04-07 19:42:19,204 [WARN] PackLoader:240 - Cannot read IP mode file for STMicroelectronics.X-CUBE-SFXS2LP1.4.0.0
2026-04-07 19:42:19,205 [WARN] PackLoader:240 - Cannot read IP mode file for STMicroelectronics.X-CUBE-WB05N.2.1.0
2026-04-07 19:42:19,208 [WARN] PackLoader:240 - Cannot read IP mode file for STMicroelectronics.X-CUBE-ST67W61.1.2.0
2026-04-07 19:42:19,211 [WARN] PackLoader:240 - Cannot read IP mode file for STMicroelectronics.X-CUBE-BLEMGR.4.1.0
2026-04-07 19:42:19,222 [WARN] ConditionMgr:438 - getConditionDescription Invalid condition id : UX DEVICE CLASS RTOS Condition cause : null
2026-04-07 19:42:19,222 [WARN] ConditionMgr:438 - getConditionDescription Invalid condition id : UX DEVICE CLASS RTOS Condition cause : null
2026-04-07 19:42:19,223 [WARN] PackLoader:240 - Cannot read IP mode file for STMicroelectronics.X-CUBE-AZRTOS-WB.2.0.0
2026-04-07 19:42:19,223 [WARN] ConditionMgr:1044 - genDependencies : Invalid condition id : UX DEVICE CLASS RTOS Condition cause : null
2026-04-07 19:42:19,223 [WARN] ConditionMgr:1044 - genDependencies : Invalid condition id : UX DEVICE CLASS RTOS Condition cause : null
2026-04-07 19:42:19,224 [WARN] ConditionMgr:1044 - genDependencies : Invalid condition id : UX DEVICE CLASS RTOS Condition cause : null
2026-04-07 19:42:19,224 [WARN] ConditionMgr:1044 - genDependencies : Invalid condition id : UX DEVICE CLASS RTOS Condition cause : null
2026-04-07 19:42:19,224 [WARN] ConditionMgr:1044 - genDependencies : Invalid condition id : UX DEVICE CLASS RTOS Condition cause : null
2026-04-07 19:42:19,226 [WARN] PackLoader:240 - Cannot read IP mode file for STMicroelectronics.X-CUBE-GNSS1.7.0.1
2026-04-07 19:42:19,227 [WARN] ConditionMgr:438 - getConditionDescription Invalid condition id : Cortex-A Device cause : null
2026-04-07 19:42:19,230 [WARN] ConditionMgr:1044 - genDependencies : Invalid condition id : Cortex-A Device cause : null
2026-04-07 19:42:19,230 [WARN] ConditionMgr:1044 - genDependencies : Invalid condition id : Cortex-A Device cause : null
2026-04-07 19:42:19,230 [WARN] ConditionMgr:1044 - genDependencies : Invalid condition id : Cortex-A Device cause : null
2026-04-07 19:42:19,232 [WARN] PackLoader:240 - Cannot read IP mode file for STMicroelectronics.X-CUBE-STSE01.2.0.0
2026-04-07 19:42:19,236 [WARN] PackLoader:240 - Cannot read IP mode file for STMicroelectronics.X-CUBE-SUBG2.5.0.0
2026-04-07 19:42:19,256 [WARN] PackLoader:240 - Cannot read IP mode file for STMicroelectronics.X-CUBE-AZRTOS-H7RS.1.1.0
2026-04-07 19:42:19,262 [WARN] PackLoader:240 - Cannot read IP mode file for STMicroelectronics.X-CUBE-AZRTOS-G4.2.0.0
2026-04-07 19:42:19,264 [WARN] PackLoader:240 - Cannot read IP mode file for wolfSSL.I-CUBE-wolfSSH.1.4.20
2026-04-07 19:42:19,266 [WARN] PackLoader:240 - Cannot read IP mode file for STMicroelectronics.X-CUBE-NFC7.2.0.0
2026-04-07 19:42:19,267 [WARN] PackLoader:240 - Cannot read IP mode file for STMicroelectronics.X-CUBE-ALS.1.0.2
2026-04-07 19:42:19,270 [WARN] PackLoader:240 - Cannot read IP mode file for STMicroelectronics.X-CUBE-STSE01.1.0.0
2026-04-07 19:42:19,274 [WARN] PackLoader:240 - Cannot read IP mode file for STMicroelectronics.X-CUBE-TOF1.3.4.3
2026-04-07 19:42:19,278 [INFO] ThirdParty:978 - Integrity check success = true
2026-04-07 19:42:19,278 [INFO] IntegrityCheckThread:100 - exiting critical section [integrity check]
2026-04-07 19:42:19,278 [INFO] IntegrityCheckThread:103 - End integrity checks thread
2026-04-07 19:42:29,501 [ERROR] LogOutputStream:75 - [STDERR_REDIRECT] Apr 07, 2026 7:42:29 PM java.util.prefs.FileSystemPreferences checkLockFile0ErrorCode
2026-04-07 19:42:29,501 [ERROR] LogOutputStream:75 - [STDERR_REDIRECT] WARNING: Could not lock System prefs. Unix error code 2.
2026-04-07 19:42:29,501 [ERROR] LogOutputStream:75 - [STDERR_REDIRECT] 
2026-04-07 19:42:29,501 [ERROR] LogOutputStream:75 - [STDERR_REDIRECT] Apr 07, 2026 7:42:29 PM java.util.prefs.FileSystemPreferences syncWorld
2026-04-07 19:42:29,501 [ERROR] LogOutputStream:75 - [STDERR_REDIRECT] WARNING: Couldn't flush system prefs: java.util.prefs.BackingStoreException: Couldn't get file lock.
2026-04-07 19:42:29,501 [ERROR] LogOutputStream:75 - [STDERR_REDIRECT] 
2026-04-07 19:42:47,143 [ERROR] LogOutputStream:75 - [STDERR_REDIRECT] 
2026-04-07 19:42:47,144 [ERROR] LogOutputStream:75 - [STDERR_REDIRECT] 
2026-04-07 19:44:16,534 [INFO] Activator:176 - 


2026-04-07 19:44:16,535 [INFO] Activator:177 - !SESSION log4j initialized
2026-04-07 19:44:17,644 [INFO] LogOutputStream:77 - [STDOUT_REDIRECT] 
2026-04-07 19:44:18,614 [INFO] ApplicationProperties:184 - Using Application install path: /opt/st/stm32cubeide_1.19.0/plugins/com.st.stm32cube.common.mx_6.15.0.202507011659
2026-04-07 19:44:18,622 [INFO] DbMcusXml:78 - Set database path to: /opt/st/stm32cubeide_1.19.0/plugins/com.st.stm32cube.common.mx_6.15.0.202507011659//db//mcu/
2026-04-07 19:44:18,623 [INFO] ApiDb:274 - Set plugin database path to: /opt/st/stm32cubeide_1.19.0/plugins/com.st.stm32cube.common.mx_6.15.0.202507011659//db//plugins/boardmanager/
2026-04-07 19:44:18,623 [WARN] ApiDb:259 - Overriding images path with different value:  => /opt/st/stm32cubeide_1.19.0/plugins/com.st.stm32cube.common.mx_6.15.0.202507011659//db//plugins/mcufinder/images/
2026-04-07 19:44:18,624 [INFO] ApiDb:250 - Set database path to: /home/bcomerfo/.stmcufinder/plugins/mcufinder//mcu/
2026-04-07 19:44:18,625 [INFO] DbMcusAds:125 - Set database path to: /home/bcomerfo/.stmcufinder/plugins/mcufinder//mcu/
2026-04-07 19:44:18,626 [INFO] CrossReferenceDbSqlite:203 - Set database path to: /home/bcomerfo/.stmcufinder/plugins/mcufinder//mcu/cs/
2026-04-07 19:44:18,681 [INFO] RulesReader:64 - Compatibility file has been processed (317 Rules)
2026-04-07 19:44:18,709 [INFO] DbMcusXml:78 - Set database path to: /opt/st/stm32cubeide_1.19.0/plugins/com.st.stm32cube.common.mx_6.15.0.202507011659//db//mcu/
2026-04-07 19:44:18,709 [INFO] ApiDb:274 - Set plugin database path to: /opt/st/stm32cubeide_1.19.0/plugins/com.st.stm32cube.common.mx_6.15.0.202507011659//db//plugins/boardmanager/
2026-04-07 19:44:18,709 [INFO] ApiDb:261 - Set plugin images path to: /opt/st/stm32cubeide_1.19.0/plugins/com.st.stm32cube.common.mx_6.15.0.202507011659//db//plugins/mcufinder/images/
2026-04-07 19:44:18,709 [WARN] DbFile:41 - Overriding database path with different value: /home/bcomerfo/.stmcufinder/plugins/mcufinder/ => /home/bcomerfo/.stmcufinder/plugins/mcufinder
2026-04-07 19:44:18,709 [INFO] ApiDb:250 - Set database path to: /home/bcomerfo/.stmcufinder/plugins/mcufinder//mcu/
2026-04-07 19:44:18,709 [WARN] DbFile:41 - Overriding database path with different value: /home/bcomerfo/.stmcufinder/plugins/mcufinder/ => /home/bcomerfo/.stmcufinder/plugins/mcufinder
2026-04-07 19:44:18,709 [INFO] DbMcusAds:125 - Set database path to: /home/bcomerfo/.stmcufinder/plugins/mcufinder//mcu/
2026-04-07 19:44:18,709 [WARN] DbFile:41 - Overriding database path with different value: /home/bcomerfo/.stmcufinder/plugins/mcufinder/ => /home/bcomerfo/.stmcufinder/plugins/mcufinder
2026-04-07 19:44:18,709 [WARN] DbFile:41 - Overriding database path with different value: /home/bcomerfo/.stmcufinder/plugins/mcufinder/ => /home/bcomerfo/.stmcufinder/plugins/mcufinder
2026-04-07 19:44:18,709 [INFO] CrossReferenceDbSqlite:203 - Set database path to: /home/bcomerfo/.stmcufinder/plugins/mcufinder//mcu/cs/
2026-04-07 19:44:18,737 [INFO] MainPanel:274 - HeapMemory: 268435456
2026-04-07 19:44:18,790 [INFO] DbMcusXml:78 - Set database path to: /opt/st/stm32cubeide_1.19.0/plugins/com.st.stm32cube.common.mx_6.15.0.202507011659//db//mcu/
2026-04-07 19:44:18,790 [INFO] ApiDb:274 - Set plugin database path to: /opt/st/stm32cubeide_1.19.0/plugins/com.st.stm32cube.common.mx_6.15.0.202507011659//db//plugins/boardmanager/
2026-04-07 19:44:18,791 [INFO] ApiDb:261 - Set plugin images path to: /opt/st/stm32cubeide_1.19.0/plugins/com.st.stm32cube.common.mx_6.15.0.202507011659//db//plugins/mcufinder/images/
2026-04-07 19:44:18,791 [WARN] DbFile:41 - Overriding database path with different value: /home/bcomerfo/.stmcufinder/plugins/mcufinder/ => /home/bcomerfo/.stmcufinder/plugins/mcufinder
2026-04-07 19:44:18,791 [INFO] ApiDb:250 - Set database path to: /home/bcomerfo/.stmcufinder/plugins/mcufinder//mcu/
2026-04-07 19:44:18,791 [WARN] DbFile:41 - Overriding database path with different value: /home/bcomerfo/.stmcufinder/plugins/mcufinder/ => /home/bcomerfo/.stmcufinder/plugins/mcufinder
2026-04-07 19:44:18,791 [INFO] DbMcusAds:125 - Set database path to: /home/bcomerfo/.stmcufinder/plugins/mcufinder//mcu/
2026-04-07 19:44:18,791 [WARN] DbFile:41 - Overriding database path with different value: /home/bcomerfo/.stmcufinder/plugins/mcufinder/ => /home/bcomerfo/.stmcufinder/plugins/mcufinder
2026-04-07 19:44:18,791 [WARN] DbFile:41 - Overriding database path with different value: /home/bcomerfo/.stmcufinder/plugins/mcufinder/ => /home/bcomerfo/.stmcufinder/plugins/mcufinder
2026-04-07 19:44:18,791 [INFO] CrossReferenceDbSqlite:203 - Set database path to: /home/bcomerfo/.stmcufinder/plugins/mcufinder//mcu/cs/
2026-04-07 19:44:18,799 [INFO] ApplicationProperties:184 - Using Application install path: /opt/st/stm32cubeide_1.19.0/plugins/com.st.stm32cube.common.mx_6.15.0.202507011659
2026-04-07 19:44:18,799 [INFO] PluginManage:196 - Search for loadable plugins [exclusion list=, ]
2026-04-07 19:44:18,800 [INFO] PluginManage:310 - Check plugin analytics
2026-04-07 19:44:18,873 [INFO] AnalyticsPlugin:253 - Accepted Software Licenses: 
2026-04-07 19:44:18,873 [INFO] AnalyticsPlugin:255 - Accepted CMSIS Pack Licenses: 
2026-04-07 19:44:18,873 [INFO] AnalyticsPlugin:257 - Accepted Firmware Licenses: FW.G4.1.6.0,FW.L4.1.18.0
2026-04-07 19:44:18,874 [INFO] PluginManage:359 - Loaded plugin analytics (category:tool,tabindex:-1)
2026-04-07 19:44:18,874 [INFO] PluginManage:310 - Check plugin cadmodel
2026-04-07 19:44:18,876 [INFO] CADModel:105 - Init CAD model plugin
2026-04-07 19:44:18,876 [INFO] PluginManage:359 - Loaded plugin cadmodel (category:power,tabindex:5)
2026-04-07 19:44:18,876 [INFO] PluginManage:310 - Check plugin clock
2026-04-07 19:44:18,880 [INFO] PluginManage:359 - Loaded plugin clock (category:base,tabindex:2)
2026-04-07 19:44:18,880 [INFO] PluginManage:310 - Check plugin ddr
2026-04-07 19:44:18,881 [INFO] PluginManage:359 - Loaded plugin ddr (category:tool,tabindex:6)
2026-04-07 19:44:18,882 [INFO] PluginManage:310 - Check plugin filemanager
2026-04-07 19:44:18,969 [INFO] PluginManage:359 - Loaded plugin filemanager (category:base,tabindex:10)
2026-04-07 19:44:18,969 [INFO] PluginManage:310 - Check plugin ipmanager
2026-04-07 19:44:18,972 [INFO] PluginManage:359 - Loaded plugin ipmanager (category:base,tabindex:5)
2026-04-07 19:44:18,972 [INFO] PluginManage:310 - Check plugin lpbam
2026-04-07 19:44:18,976 [INFO] PluginManage:359 - Loaded plugin lpbam (category:base,tabindex:0)
2026-04-07 19:44:18,976 [INFO] PluginManage:310 - Check plugin memorymap
2026-04-07 19:44:18,982 [INFO] PluginManage:359 - Loaded plugin memorymap (category:base,tabindex:4)
2026-04-07 19:44:18,983 [INFO] PluginManage:310 - Check plugin pinoutandconfiguration
2026-04-07 19:44:18,986 [INFO] PluginManage:359 - Loaded plugin pinoutandconfiguration (category:base,tabindex:1)
2026-04-07 19:44:18,986 [INFO] PluginManage:310 - Check plugin pinoutconfig
2026-04-07 19:44:19,033 [WARN] SupportedApi:132 - Cannot load RTOS API schema: s4s-elt-must-match.1: The content of 'definitions' must match (annotation?, (simpleType | complexType)?, (unique | key | keyref)*)). A problem was found starting at: attribute.
2026-04-07 19:44:19,153 [INFO] PluginManage:359 - Loaded plugin pinoutconfig (category:base,tabindex:0)
2026-04-07 19:44:19,153 [INFO] PluginManage:310 - Check plugin power
2026-04-07 19:44:19,158 [INFO] PluginManage:359 - Loaded plugin power (category:power,tabindex:4)
2026-04-07 19:44:19,158 [INFO] PluginManage:310 - Check plugin projectmanager
2026-04-07 19:44:19,167 [INFO] PluginManage:359 - Loaded plugin projectmanager (category:projectmanager,tabindex:4)
2026-04-07 19:44:19,167 [INFO] PluginManage:310 - Check plugin rif
2026-04-07 19:44:19,171 [INFO] PluginManage:359 - Loaded plugin rif (category:base,tabindex:3)
2026-04-07 19:44:19,171 [INFO] PluginManage:310 - Check plugin thirdparty
2026-04-07 19:44:19,225 [INFO] PluginManage:359 - Loaded plugin thirdparty (category:base,tabindex:-1)
2026-04-07 19:44:19,225 [INFO] PluginManage:310 - Check plugin tools
2026-04-07 19:44:19,225 [WARN] IntegrityCheckThread:84 - waiting for thirdparty lock release [integrity check]
2026-04-07 19:44:19,225 [INFO] IntegrityCheckThread:86 - entering critical section [integrity check]
2026-04-07 19:44:19,226 [INFO] ThirdPartyUpdaterWithRetryManager:70 - Updater plugin not ready yet. [1/15]
2026-04-07 19:44:19,226 [INFO] PluginManage:359 - Loaded plugin tools (category:base,tabindex:7)
2026-04-07 19:44:19,226 [INFO] PluginManage:310 - Check plugin tutovideos
2026-04-07 19:44:19,317 [INFO] PluginManage:359 - Loaded plugin tutovideos (category:base,tabindex:-1)
2026-04-07 19:44:19,318 [INFO] PluginManage:310 - Check plugin updater
2026-04-07 19:44:19,330 [INFO] PluginManage:359 - Loaded plugin updater (category:base,tabindex:12)
2026-04-07 19:44:19,330 [INFO] PluginManage:310 - Check plugin userauth
2026-04-07 19:44:19,332 [INFO] UserAuth:118 - Init User Auth plugin
2026-04-07 19:44:19,332 [INFO] PluginManage:359 - Loaded plugin userauth (category:base,tabindex:14)
2026-04-07 19:44:19,333 [INFO] PluginManage:283 - PluginManage : Loaded plugins [18]
2026-04-07 19:44:19,411 [INFO] PinOutPanel:1589 - setPackage(No Configuration,No Configuration)
2026-04-07 19:44:19,441 [INFO] CADModel:165 - CPN selected for project level
2026-04-07 19:44:19,441 [INFO] CADModel:114 - Register for checkConnection events
2026-04-07 19:44:19,445 [INFO] IPUIPlugin:80 - create IPUIPlugin
2026-04-07 19:44:19,445 [INFO] PluginManager:220 - loadIPPluginJar : add tim
2026-04-07 19:44:19,448 [INFO] IPUIPlugin:80 - create IPUIPlugin
2026-04-07 19:44:19,448 [INFO] PluginManager:220 - loadIPPluginJar : add mdma
2026-04-07 19:44:19,448 [INFO] IPUIPlugin:80 - create IPUIPlugin
2026-04-07 19:44:19,448 [INFO] PluginManager:220 - loadIPPluginJar : add fatfs
2026-04-07 19:44:19,452 [INFO] IPUIPlugin:80 - create IPUIPlugin
2026-04-07 19:44:19,452 [INFO] PluginManager:220 - loadIPPluginJar : add linkedlist
2026-04-07 19:44:19,452 [INFO] IPUIPlugin:80 - create IPUIPlugin
2026-04-07 19:44:19,453 [INFO] PluginManager:220 - loadIPPluginJar : add openamp
2026-04-07 19:44:19,453 [INFO] IPUIPlugin:80 - create IPUIPlugin
2026-04-07 19:44:19,453 [INFO] PluginManager:220 - loadIPPluginJar : add radio
2026-04-07 19:44:19,455 [INFO] IPUIPlugin:80 - create IPUIPlugin
2026-04-07 19:44:19,455 [INFO] PluginManager:220 - loadIPPluginJar : add touchsensing
2026-04-07 19:44:19,456 [INFO] IPUIPlugin:80 - create IPUIPlugin
2026-04-07 19:44:19,456 [INFO] PluginManager:220 - loadIPPluginJar : add tracer_emb
2026-04-07 19:44:19,457 [INFO] IPUIPlugin:80 - create IPUIPlugin
2026-04-07 19:44:19,457 [INFO] PluginManager:220 - loadIPPluginJar : add extmemmanager
2026-04-07 19:44:19,459 [INFO] IPUIPlugin:80 - create IPUIPlugin
2026-04-07 19:44:19,459 [INFO] PluginManager:220 - loadIPPluginJar : add opamp
2026-04-07 19:44:19,460 [INFO] IPUIPlugin:80 - create IPUIPlugin
2026-04-07 19:44:19,460 [INFO] PluginManager:220 - loadIPPluginJar : add can
2026-04-07 19:44:19,460 [INFO] IPUIPlugin:80 - create IPUIPlugin
2026-04-07 19:44:19,460 [INFO] PluginManager:220 - loadIPPluginJar : add tsc
2026-04-07 19:44:19,461 [INFO] IPUIPlugin:80 - create IPUIPlugin
2026-04-07 19:44:19,461 [INFO] PluginManager:220 - loadIPPluginJar : add pdm2pcm
2026-04-07 19:44:19,462 [INFO] IPUIPlugin:80 - create IPUIPlugin
2026-04-07 19:44:19,462 [INFO] PluginManager:220 - loadIPPluginJar : add spi
2026-04-07 19:44:19,463 [INFO] IPUIPlugin:80 - create IPUIPlugin
2026-04-07 19:44:19,463 [INFO] PluginManager:220 - loadIPPluginJar : add hash
2026-04-07 19:44:19,465 [INFO] IPUIPlugin:80 - create IPUIPlugin
2026-04-07 19:44:19,465 [INFO] PluginManager:220 - loadIPPluginJar : add stm32_wpan
2026-04-07 19:44:19,466 [INFO] IPUIPlugin:80 - create IPUIPlugin
2026-04-07 19:44:19,466 [INFO] PluginManager:220 - loadIPPluginJar : add dma3
2026-04-07 19:44:19,467 [INFO] IPUIPlugin:80 - create IPUIPlugin
2026-04-07 19:44:19,467 [INFO] PluginManager:220 - loadIPPluginJar : add quadspi
2026-04-07 19:44:19,468 [INFO] IPUIPlugin:80 - create IPUIPlugin
2026-04-07 19:44:19,468 [INFO] PluginManager:220 - loadIPPluginJar : add usbx
2026-04-07 19:44:19,468 [INFO] IPUIPlugin:80 - create IPUIPlugin
2026-04-07 19:44:19,468 [INFO] PluginManager:220 - loadIPPluginJar : add ucpd
2026-04-07 19:44:19,469 [INFO] IPUIPlugin:80 - create IPUIPlugin
2026-04-07 19:44:19,469 [INFO] PluginManager:220 - loadIPPluginJar : add i2c
2026-04-07 19:44:19,471 [INFO] IPUIPlugin:80 - create IPUIPlugin
2026-04-07 19:44:19,471 [INFO] PluginManager:220 - loadIPPluginJar : add ipddr
2026-04-07 19:44:19,471 [INFO] IPUIPlugin:80 - create IPUIPlugin
2026-04-07 19:44:19,471 [INFO] PluginManager:220 - loadIPPluginJar : add ltdc
2026-04-07 19:44:19,472 [INFO] IPUIPlugin:80 - create IPUIPlugin
2026-04-07 19:44:19,472 [INFO] PluginManager:220 - loadIPPluginJar : add comp
2026-04-07 19:44:19,473 [INFO] IPUIPlugin:80 - create IPUIPlugin
2026-04-07 19:44:19,473 [INFO] PluginManager:220 - loadIPPluginJar : add genericplugin
2026-04-07 19:44:19,475 [INFO] IPUIPlugin:80 - create IPUIPlugin
2026-04-07 19:44:19,475 [INFO] PluginManager:220 - loadIPPluginJar : add adc
2026-04-07 19:44:19,476 [INFO] IPUIPlugin:80 - create IPUIPlugin
2026-04-07 19:44:19,476 [INFO] PluginManager:220 - loadIPPluginJar : add aes
2026-04-07 19:44:19,477 [INFO] IPUIPlugin:80 - create IPUIPlugin
2026-04-07 19:44:19,477 [INFO] PluginManager:220 - loadIPPluginJar : add ddr_ctrl_phy
2026-04-07 19:44:19,479 [INFO] IPUIPlugin:80 - create IPUIPlugin
2026-04-07 19:44:19,481 [INFO] PluginManager:220 - loadIPPluginJar : add plateformsettings
2026-04-07 19:44:19,482 [INFO] IPUIPlugin:80 - create IPUIPlugin
2026-04-07 19:44:19,482 [INFO] PluginManager:220 - loadIPPluginJar : add resmgrutility
2026-04-07 19:44:19,482 [INFO] IPUIPlugin:80 - create IPUIPlugin
2026-04-07 19:44:19,482 [INFO] PluginManager:220 - loadIPPluginJar : add dfsdm
2026-04-07 19:44:19,483 [INFO] IPUIPlugin:80 - create IPUIPlugin
2026-04-07 19:44:19,483 [INFO] PluginManager:220 - loadIPPluginJar : add i2s
2026-04-07 19:44:19,484 [INFO] IPUIPlugin:80 - create IPUIPlugin
2026-04-07 19:44:19,484 [INFO] PluginManager:220 - loadIPPluginJar : add gfxmmu
2026-04-07 19:44:19,485 [INFO] IPUIPlugin:80 - create IPUIPlugin
2026-04-07 19:44:19,485 [INFO] PluginManager:220 - loadIPPluginJar : add gpio
2026-04-07 19:44:19,487 [INFO] IPUIPlugin:80 - create IPUIPlugin
2026-04-07 19:44:19,487 [INFO] PluginManager:220 - loadIPPluginJar : add gic
2026-04-07 19:44:19,488 [INFO] IPUIPlugin:80 - create IPUIPlugin
2026-04-07 19:44:19,488 [INFO] PluginManager:220 - loadIPPluginJar : add usart
2026-04-07 19:44:19,489 [INFO] IPUIPlugin:80 - create IPUIPlugin
2026-04-07 19:44:19,489 [INFO] PluginManager:220 - loadIPPluginJar : add gtzc
2026-04-07 19:44:19,491 [INFO] IPUIPlugin:80 - create IPUIPlugin
2026-04-07 19:44:19,491 [INFO] PluginManager:220 - loadIPPluginJar : add fmc
2026-04-07 19:44:19,491 [INFO] IPUIPlugin:80 - create IPUIPlugin
2026-04-07 19:44:19,491 [INFO] PluginManager:220 - loadIPPluginJar : add ts
2026-04-07 19:44:19,493 [INFO] IPUIPlugin:80 - create IPUIPlugin
2026-04-07 19:44:19,493 [INFO] PluginManager:220 - loadIPPluginJar : add nvic
2026-04-07 19:44:19,494 [INFO] IPUIPlugin:80 - create IPUIPlugin
2026-04-07 19:44:19,494 [INFO] PluginManager:220 - loadIPPluginJar : add lorawan
2026-04-07 19:44:19,495 [INFO] IPUIPlugin:80 - create IPUIPlugin
2026-04-07 19:44:19,495 [INFO] PluginManager:220 - loadIPPluginJar : add i3c
2026-04-07 19:44:19,495 [INFO] IPUIPlugin:80 - create IPUIPlugin
2026-04-07 19:44:19,495 [INFO] PluginManager:220 - loadIPPluginJar : add cryp
2026-04-07 19:44:19,496 [INFO] IPUIPlugin:80 - create IPUIPlugin
2026-04-07 19:44:19,496 [INFO] PluginManager:220 - loadIPPluginJar : add sai
2026-04-07 19:44:19,499 [INFO] IPUIPlugin:80 - create IPUIPlugin
2026-04-07 19:44:19,499 [INFO] PluginManager:220 - loadIPPluginJar : add freertos
2026-04-07 19:44:19,501 [INFO] IPUIPlugin:80 - create IPUIPlugin
2026-04-07 19:44:19,501 [INFO] PluginManager:220 - loadIPPluginJar : add dma
2026-04-07 19:44:19,588 [FATAL] Updater:351 - Updater called before beeing initialized
2026-04-07 19:44:19,611 [INFO] RulesReader:64 - Compatibility file has been processed (317 Rules)
2026-04-07 19:44:19,617 [INFO] RulesReader:64 - Compatibility file has been processed (317 Rules)
2026-04-07 19:44:19,621 [INFO] CADModel:165 - CPN selected for project level
2026-04-07 19:44:19,621 [INFO] CADModel:114 - Register for checkConnection events
2026-04-07 19:44:19,621 [FATAL] Updater:351 - Updater called before beeing initialized
2026-04-07 19:44:19,621 [ERROR] CADModel:125 - Updater not yet initialized, retry later 
2026-04-07 19:44:19,684 [FATAL] Updater:351 - Updater called before beeing initialized
2026-04-07 19:44:19,684 [INFO] CADModel:165 - CPN selected for project level
2026-04-07 19:44:19,684 [INFO] CADModel:114 - Register for checkConnection events
2026-04-07 19:44:19,684 [FATAL] Updater:351 - Updater called before beeing initialized
2026-04-07 19:44:19,684 [ERROR] CADModel:125 - Updater not yet initialized, retry later 
2026-04-07 19:44:19,686 [FATAL] Updater:351 - Updater called before beeing initialized
2026-04-07 19:44:19,724 [FATAL] Updater:351 - Updater called before beeing initialized
2026-04-07 19:44:19,726 [INFO] DbMcusAds:53 - JSON generation date=Thu Mar 05 09:32:52 EST 2026 (1772721172890)
2026-04-07 19:44:19,726 [FATAL] Updater:351 - Updater called before beeing initialized
2026-04-07 19:44:19,745 [WARN] DetailPanel:346 - Failed to get advertising image, set to default
2026-04-07 19:44:19,792 [FATAL] Updater:351 - Updater called before beeing initialized
2026-04-07 19:44:19,793 [FATAL] Updater:351 - Updater called before beeing initialized
2026-04-07 19:44:19,793 [FATAL] Updater:351 - Updater called before beeing initialized
2026-04-07 19:44:19,794 [WARN] DetailPanel:346 - Failed to get advertising image, set to default
2026-04-07 19:44:19,794 [FATAL] Updater:351 - Updater called before beeing initialized
2026-04-07 19:44:19,810 [ERROR] Updater:1198 - MainUpdater not yet initialized. External WinMGr cannot be set.
2026-04-07 19:44:19,811 [INFO] Updater:1134 - Updater Version found : 6.15.0
2026-04-07 19:44:19,820 [INFO] ApplicationProperties:184 - Using Application install path: /opt/st/stm32cubeide_1.19.0/plugins/com.st.stm32cube.common.mx_6.15.0.202507011659
2026-04-07 19:44:19,826 [ERROR] LogOutputStream:75 - [STDERR_REDIRECT] Apr 07, 2026 7:44:19 PM java.util.prefs.FileSystemPreferences$2 run
2026-04-07 19:44:19,826 [ERROR] LogOutputStream:75 - [STDERR_REDIRECT] WARNING: Could not create system preferences directory. System preferences are unusable.
2026-04-07 19:44:19,826 [ERROR] LogOutputStream:75 - [STDERR_REDIRECT] 
2026-04-07 19:44:19,943 [INFO] MainUpdater:2872 - connection check result : 10
2026-04-07 19:44:19,944 [INFO] MainUpdater:289 - Updater Check For Update Now.
2026-04-07 19:44:19,944 [INFO] MicroXplorer:498 - Change Database Version : DB.6.0.150
2026-04-07 19:44:19,946 [INFO] McuFinderGlobals:63 - Set McuFinder mode to 2 (CubeIDE integrated)
2026-04-07 19:44:19,946 [INFO] UserAuth:487 - Internet connection configuration mode: 1
2026-04-07 19:44:19,953 [INFO] JxBrowserEngine:152 - Initiate JxBrowser Engine with user profile folder
2026-04-07 19:44:20,105 [INFO] CheckServerUpdateThread:120 - End of CheckServer Thread
2026-04-07 19:44:20,376 [INFO] WebApp:169 - Instantiating new browser for Auth
2026-04-07 19:44:20,761 [INFO] WebApp:463 - Apply proxy settings
2026-04-07 19:44:20,761 [INFO] WebApp:548 - Chromium requires no authentication
2026-04-07 19:44:20,767 [INFO] WebApp:491 - Direct internet connection detected
2026-04-07 19:44:20,781 [INFO] WebApp:900 - Register for checkConnection events
2026-04-07 19:44:20,781 [INFO] WebApp:463 - Apply proxy settings
2026-04-07 19:44:20,781 [INFO] WebApp:548 - Chromium requires no authentication
2026-04-07 19:44:20,781 [INFO] WebApp:491 - Direct internet connection detected
2026-04-07 19:44:20,849 [INFO] WebApp:225 - Starting web application
2026-04-07 19:44:20,849 [INFO] WebApp:593 - Web application path used /opt/st/stm32cubeide_1.19.0/plugins/com.st.stm32cube.common.mx_6.15.0.202507011659/db/plugins/mcufinder/reactClient1/index.html
2026-04-07 19:44:20,900 [INFO] UserAuth:487 - Internet connection configuration mode: 1
2026-04-07 19:44:21,064 [INFO] WebApp:191 - Connection restablished
2026-04-07 19:44:22,328 [WARN] PackLoader:240 - Cannot read IP mode file for STMicroelectronics.X-CUBE-AZRTOS-H7.3.5.0
2026-04-07 19:44:22,335 [WARN] PackLoader:240 - Cannot read IP mode file for STMicroelectronics.FP-SNS-MOTENVWB1.1.4.0
2026-04-07 19:44:22,337 [WARN] PackLoader:240 - Cannot read IP mode file for STMicroelectronics.FP-ATR-ASTRA1.2.0.2
2026-04-07 19:44:22,340 [WARN] PackLoader:240 - Cannot read IP mode file for STMicroelectronics.X-CUBE-SMBUS.2.1.0
2026-04-07 19:44:22,356 [WARN] PackLoader:240 - Cannot read IP mode file for STMicroelectronics.X-CUBE-AZRTOS-F7.1.1.0
2026-04-07 19:44:22,361 [WARN] PackLoader:240 - Cannot read IP mode file for Cesanta.I-CUBE-Mongoose.7.19.0
2026-04-07 19:44:22,362 [WARN] PackLoader:240 - Cannot read IP mode file for STMicroelectronics.FP-SNS-MOTENV1.5.1.0
2026-04-07 19:44:22,372 [WARN] PackLoader:240 - Cannot read IP mode file for WES.I-CUBE-Cesium.1.4.0
2026-04-07 19:44:22,382 [WARN] PackLoader:240 - Cannot read IP mode file for Infineon.AIROC-Wi-Fi-Bluetooth-STM32.1.7.1
2026-04-07 19:44:22,395 [WARN] PackLoader:240 - Cannot read IP mode file for STMicroelectronics.X-CUBE-AZRTOS-H7.3.4.0
2026-04-07 19:44:22,404 [WARN] PackLoader:240 - Cannot read IP mode file for STMicroelectronics.X-CUBE-DISPLAY.3.0.0
2026-04-07 19:44:22,409 [WARN] PackLoader:240 - Cannot read IP mode file for STMicroelectronics.X-CUBE-NFC10.1.0.0
2026-04-07 19:44:22,412 [WARN] PackLoader:240 - Cannot read IP mode file for STMicroelectronics.X-CUBE-ST60.1.1.0
2026-04-07 19:44:22,414 [WARN] PackLoader:240 - Cannot read IP mode file for emotas.I-CUBE-CANOPEN.1.3.0
2026-04-07 19:44:22,416 [WARN] PackLoader:240 - Cannot read IP mode file for STMicroelectronics.X-CUBE-GNSS1.7.1.0
2026-04-07 19:44:22,420 [WARN] PackLoader:240 - Cannot read IP mode file for STMicroelectronics.FP-SNS-STBOX1.2.1.0
2026-04-07 19:44:22,423 [WARN] PackLoader:240 - Cannot read IP mode file for STMicroelectronics.FP-SNS-SMARTAG2.1.2.0
2026-04-07 19:44:22,425 [WARN] PackLoader:240 - Cannot read IP mode file for STMicroelectronics.FP-SNS-FLIGHT1.5.1.0
2026-04-07 19:44:22,428 [INFO] LogOutputStream:77 - [STDOUT_REDIRECT] 1 : Invalid condition id : UX_CORESTACK_Condition cause : null
2026-04-07 19:44:22,428 [INFO] LogOutputStream:77 - [STDOUT_REDIRECT] 1 : Invalid condition id : UX_CORESTACK_Condition cause : null
2026-04-07 19:44:22,429 [INFO] LogOutputStream:77 - [STDOUT_REDIRECT] 1 : Invalid condition id : UX_CORESTACK_Condition cause : null
2026-04-07 19:44:22,429 [INFO] LogOutputStream:77 - [STDOUT_REDIRECT] 1 : Invalid condition id : UX_CORESTACK_Condition cause : null
2026-04-07 19:44:22,429 [INFO] LogOutputStream:77 - [STDOUT_REDIRECT] 1 : Invalid condition id : UX_CORESTACK_Condition cause : null
2026-04-07 19:44:22,430 [WARN] PackLoader:240 - Cannot read IP mode file for STMicroelectronics.X-CUBE-AZRTOS-WL.2.0.0
2026-04-07 19:44:22,432 [WARN] PackLoader:240 - Cannot read IP mode file for STMicroelectronics.FP-SNS-MOTENV1.5.0.0
2026-04-07 19:44:22,440 [WARN] PackLoader:240 - Cannot read IP mode file for STMicroelectronics.X-CUBE-AZRTOS-H7RS.1.2.0
2026-04-07 19:44:22,443 [WARN] PackLoader:240 - Cannot read IP mode file for STMicroelectronics.X-CUBE-BLE2.3.3.0
2026-04-07 19:44:22,451 [WARN] PackLoader:240 - Cannot read IP mode file for STMicroelectronics.X-CUBE-NFC9.1.0.0
2026-04-07 19:44:22,453 [WARN] PackLoader:240 - Cannot read IP mode file for wolfSSL.I-CUBE-wolfSSL.5.8.2
2026-04-07 19:44:22,455 [WARN] PackLoader:240 - Cannot read IP mode file for STMicroelectronics.X-CUBE-BLE1.7.1.0
2026-04-07 19:44:22,456 [WARN] PackLoader:240 - Cannot read IP mode file for wolfSSL.I-CUBE-wolfMQTT.1.19.2
2026-04-07 19:44:22,458 [WARN] PackLoader:240 - Cannot read IP mode file for STMicroelectronics.X-CUBE-EEPRMA1.5.2.0
2026-04-07 19:44:22,461 [WARN] PackLoader:240 - Cannot read IP mode file for STMicroelectronics.X-CUBE-ST67W61.1.1.0
2026-04-07 19:44:22,467 [WARN] PackLoader:240 - Cannot read IP mode file for STMicroelectronics.X-CUBE-AZRTOS-G0.1.1.0
2026-04-07 19:44:22,470 [WARN] PackLoader:240 - Cannot read IP mode file for STMicroelectronics.X-CUBE-SAFEA1.1.2.2
2026-04-07 19:44:22,473 [WARN] PackLoader:240 - Cannot read IP mode file for STMicroelectronics.X-CUBE-NFC4.3.0.0
2026-04-07 19:44:22,477 [WARN] PackLoader:240 - Cannot read IP mode file for EmbeddedOffice.I-CUBE-FS-RTOS.1.0.1
2026-04-07 19:44:22,479 [WARN] PackLoader:240 - Cannot read IP mode file for STMicroelectronics.X-CUBE-WB05N.2.0.0
2026-04-07 19:44:22,480 [WARN] PackLoader:240 - Cannot read IP mode file for wolfSSL.I-CUBE-wolfTPM.3.8.0
2026-04-07 19:44:22,483 [WARN] PackLoader:240 - Cannot read IP mode file for STMicroelectronics.X-CUBE-TCPP.4.2.0
2026-04-07 19:44:22,485 [WARN] PackLoader:240 - Cannot read IP mode file for RealThread.X-CUBE-RT-Thread_Nano.4.1.1
2026-04-07 19:44:22,487 [WARN] PackLoader:240 - Cannot read IP mode file for STMicroelectronics.FP-ATR-SIGFOX1.3.2.0
2026-04-07 19:44:22,489 [WARN] PackLoader:240 - Cannot read IP mode file for ITTIA_DB.I-CUBE-ITTIADB.8.9.0
2026-04-07 19:44:22,491 [WARN] PackLoader:240 - Cannot read IP mode file for STMicroelectronics.X-CUBE-NFC6.3.2.0
2026-04-07 19:44:22,494 [WARN] PackLoader:240 - Cannot read IP mode file for STMicroelectronics.X-CUBE-AI.10.2.0
2026-04-07 19:44:22,511 [WARN] PackLoader:240 - Cannot read IP mode file for SEGGER.I-CUBE-embOS.1.3.1
2026-04-07 19:44:22,562 [WARN] PackLoader:240 - Cannot read IP mode file for STMicroelectronics.X-CUBE-ALGOBUILD.1.4.0
2026-04-07 19:44:22,581 [WARN] PackLoader:240 - Cannot read IP mode file for STMicroelectronics.X-CUBE-MEMS1.11.3.0
2026-04-07 19:44:22,645 [WARN] PackLoader:240 - Cannot read IP mode file for STMicroelectronics.X-CUBE-PM33A1.1.0.0
2026-04-07 19:44:22,657 [WARN] PackLoader:240 - Cannot read IP mode file for STMicroelectronics.X-CUBE-AZRTOS-F4.1.1.0
2026-04-07 19:44:22,661 [WARN] PackLoader:240 - Cannot read IP mode file for STMicroelectronics.X-CUBE-ISPU.2.1.0
2026-04-07 19:44:22,670 [WARN] PackLoader:240 - Cannot read IP mode file for STMicroelectronics.X-CUBE-IPS.3.2.0
2026-04-07 19:44:22,677 [WARN] PackLoader:240 - Cannot read IP mode file for STMicroelectronics.eDS-WB_DPC_TT-BIDIR.2.1.1
2026-04-07 19:44:22,680 [WARN] PackLoader:240 - Cannot read IP mode file for STMicroelectronics.X-CUBE-NFC12.1.0.0
2026-04-07 19:44:22,691 [WARN] PackLoader:240 - Cannot read IP mode file for STMicroelectronics.X-CUBE-AZRTOS-L5.2.0.0
2026-04-07 19:44:22,696 [WARN] PackLoader:240 - Cannot read IP mode file for STMicroelectronics.X-CUBE-NFC6.3.1.0
2026-04-07 19:44:22,698 [WARN] PackLoader:240 - Cannot read IP mode file for STMicroelectronics.eDS-WB_DPC_VIENNA.1.2.0
2026-04-07 19:44:22,699 [WARN] PackLoader:240 - Cannot read IP mode file for STMicroelectronics.eDS-WB_DPC_3PH2L-BIDIR.1.1.1
2026-04-07 19:44:22,701 [WARN] PackLoader:240 - Cannot read IP mode file for STMicroelectronics.X-CUBE-FREERTOS.1.3.1
2026-04-07 19:44:22,703 [WARN] PackLoader:240 - Cannot read IP mode file for STMicroelectronics.X-CUBE-TOUCHGFX.4.26.0
2026-04-07 19:44:22,704 [WARN] PackLoader:240 - Cannot read IP mode file for STMicroelectronics.X-CUBE-TOUCHGFX.4.26.1
2026-04-07 19:44:22,705 [WARN] PackLoader:240 - Cannot read IP mode file for STMicroelectronics.FP-SNS-STAIOTCFT.1.0.0
2026-04-07 19:44:22,706 [WARN] PackLoader:240 - Cannot read IP mode file for STMicroelectronics.X-CUBE-DPower.1.3.0
2026-04-07 19:44:22,712 [WARN] ConditionMgr:438 - getConditionDescription Invalid condition id : LAN8742 Phy interface Condition cause : null
2026-04-07 19:44:22,713 [WARN] PackLoader:240 - Cannot read IP mode file for STMicroelectronics.X-CUBE-AZRTOS-L4.2.0.0
2026-04-07 19:44:22,713 [WARN] ConditionMgr:1044 - genDependencies : Invalid condition id : LAN8742 Phy interface Condition cause : null
2026-04-07 19:44:22,713 [WARN] ConditionMgr:1044 - genDependencies : Invalid condition id : LAN8742 Phy interface Condition cause : null
2026-04-07 19:44:22,714 [WARN] ConditionMgr:1044 - genDependencies : Invalid condition id : LAN8742 Phy interface Condition cause : null
2026-04-07 19:44:22,716 [WARN] PackLoader:240 - Cannot read IP mode file for STMicroelectronics.X-CUBE-SFXS2LP1.4.0.0
2026-04-07 19:44:22,719 [WARN] PackLoader:240 - Cannot read IP mode file for STMicroelectronics.X-CUBE-WB05N.2.1.0
2026-04-07 19:44:22,721 [WARN] PackLoader:240 - Cannot read IP mode file for STMicroelectronics.X-CUBE-ST67W61.1.2.0
2026-04-07 19:44:22,725 [WARN] PackLoader:240 - Cannot read IP mode file for STMicroelectronics.X-CUBE-BLEMGR.4.1.0
2026-04-07 19:44:22,730 [WARN] ConditionMgr:438 - getConditionDescription Invalid condition id : UX DEVICE CLASS RTOS Condition cause : null
2026-04-07 19:44:22,731 [WARN] ConditionMgr:438 - getConditionDescription Invalid condition id : UX DEVICE CLASS RTOS Condition cause : null
2026-04-07 19:44:22,731 [WARN] PackLoader:240 - Cannot read IP mode file for STMicroelectronics.X-CUBE-AZRTOS-WB.2.0.0
2026-04-07 19:44:22,732 [WARN] ConditionMgr:1044 - genDependencies : Invalid condition id : UX DEVICE CLASS RTOS Condition cause : null
2026-04-07 19:44:22,732 [WARN] ConditionMgr:1044 - genDependencies : Invalid condition id : UX DEVICE CLASS RTOS Condition cause : null
2026-04-07 19:44:22,732 [WARN] ConditionMgr:1044 - genDependencies : Invalid condition id : UX DEVICE CLASS RTOS Condition cause : null
2026-04-07 19:44:22,732 [WARN] ConditionMgr:1044 - genDependencies : Invalid condition id : UX DEVICE CLASS RTOS Condition cause : null
2026-04-07 19:44:22,732 [WARN] ConditionMgr:1044 - genDependencies : Invalid condition id : UX DEVICE CLASS RTOS Condition cause : null
2026-04-07 19:44:22,738 [WARN] PackLoader:240 - Cannot read IP mode file for STMicroelectronics.X-CUBE-GNSS1.7.0.1
2026-04-07 19:44:22,741 [WARN] ConditionMgr:438 - getConditionDescription Invalid condition id : Cortex-A Device cause : null
2026-04-07 19:44:22,748 [WARN] ConditionMgr:1044 - genDependencies : Invalid condition id : Cortex-A Device cause : null
2026-04-07 19:44:22,748 [WARN] ConditionMgr:1044 - genDependencies : Invalid condition id : Cortex-A Device cause : null
2026-04-07 19:44:22,748 [WARN] ConditionMgr:1044 - genDependencies : Invalid condition id : Cortex-A Device cause : null
2026-04-07 19:44:22,752 [WARN] PackLoader:240 - Cannot read IP mode file for STMicroelectronics.X-CUBE-STSE01.2.0.0
2026-04-07 19:44:22,759 [WARN] PackLoader:240 - Cannot read IP mode file for STMicroelectronics.X-CUBE-SUBG2.5.0.0
2026-04-07 19:44:22,773 [WARN] PackLoader:240 - Cannot read IP mode file for STMicroelectronics.X-CUBE-AZRTOS-H7RS.1.1.0
2026-04-07 19:44:22,783 [WARN] PackLoader:240 - Cannot read IP mode file for STMicroelectronics.X-CUBE-AZRTOS-G4.2.0.0
2026-04-07 19:44:22,786 [WARN] PackLoader:240 - Cannot read IP mode file for wolfSSL.I-CUBE-wolfSSH.1.4.20
2026-04-07 19:44:22,789 [WARN] PackLoader:240 - Cannot read IP mode file for STMicroelectronics.X-CUBE-NFC7.2.0.0
2026-04-07 19:44:22,791 [WARN] PackLoader:240 - Cannot read IP mode file for STMicroelectronics.X-CUBE-ALS.1.0.2
2026-04-07 19:44:22,795 [WARN] PackLoader:240 - Cannot read IP mode file for STMicroelectronics.X-CUBE-STSE01.1.0.0
2026-04-07 19:44:22,801 [WARN] PackLoader:240 - Cannot read IP mode file for STMicroelectronics.X-CUBE-TOF1.3.4.3
2026-04-07 19:44:22,809 [INFO] ThirdParty:978 - Integrity check success = true
2026-04-07 19:44:22,809 [INFO] IntegrityCheckThread:100 - exiting critical section [integrity check]
2026-04-07 19:44:22,809 [INFO] IntegrityCheckThread:103 - End integrity checks thread
2026-04-07 19:44:48,241 [ERROR] LogOutputStream:75 - [STDERR_REDIRECT] Apr 07, 2026 7:44:48 PM java.util.prefs.FileSystemPreferences checkLockFile0ErrorCode
2026-04-07 19:44:48,242 [ERROR] LogOutputStream:75 - [STDERR_REDIRECT] WARNING: Could not lock System prefs. Unix error code 2.
2026-04-07 19:44:48,243 [ERROR] LogOutputStream:75 - [STDERR_REDIRECT] 
2026-04-07 19:44:48,244 [ERROR] LogOutputStream:75 - [STDERR_REDIRECT] Apr 07, 2026 7:44:48 PM java.util.prefs.FileSystemPreferences syncWorld
2026-04-07 19:44:48,244 [ERROR] LogOutputStream:75 - [STDERR_REDIRECT] WARNING: Couldn't flush system prefs: java.util.prefs.BackingStoreException: Couldn't get file lock.
2026-04-07 19:44:48,244 [ERROR] LogOutputStream:75 - [STDERR_REDIRECT] 
2026-04-07 19:45:18,232 [ERROR] LogOutputStream:75 - [STDERR_REDIRECT] Apr 07, 2026 7:45:18 PM java.util.prefs.FileSystemPreferences checkLockFile0ErrorCode
2026-04-07 19:45:18,233 [ERROR] LogOutputStream:75 - [STDERR_REDIRECT] WARNING: Could not lock System prefs. Unix error code 2.
2026-04-07 19:45:18,233 [ERROR] LogOutputStream:75 - [STDERR_REDIRECT] 
2026-04-07 19:45:18,233 [ERROR] LogOutputStream:75 - [STDERR_REDIRECT] Apr 07, 2026 7:45:18 PM java.util.prefs.FileSystemPreferences syncWorld
2026-04-07 19:45:18,234 [ERROR] LogOutputStream:75 - [STDERR_REDIRECT] WARNING: Couldn't flush system prefs: java.util.prefs.BackingStoreException: Couldn't get file lock.
2026-04-07 19:45:18,234 [ERROR] LogOutputStream:75 - [STDERR_REDIRECT] 
2026-04-07 19:45:48,231 [ERROR] LogOutputStream:75 - [STDERR_REDIRECT] Apr 07, 2026 7:45:48 PM java.util.prefs.FileSystemPreferences checkLockFile0ErrorCode
2026-04-07 19:45:48,232 [ERROR] LogOutputStream:75 - [STDERR_REDIRECT] WARNING: Could not lock System prefs. Unix error code 2.
2026-04-07 19:45:48,232 [ERROR] LogOutputStream:75 - [STDERR_REDIRECT] 
2026-04-07 19:45:48,233 [ERROR] LogOutputStream:75 - [STDERR_REDIRECT] Apr 07, 2026 7:45:48 PM java.util.prefs.FileSystemPreferences syncWorld
2026-04-07 19:45:48,233 [ERROR] LogOutputStream:75 - [STDERR_REDIRECT] WARNING: Couldn't flush system prefs: java.util.prefs.BackingStoreException: Couldn't get file lock.
2026-04-07 19:45:48,234 [ERROR] LogOutputStream:75 - [STDERR_REDIRECT] 
2026-04-07 19:46:18,233 [ERROR] LogOutputStream:75 - [STDERR_REDIRECT] Apr 07, 2026 7:46:18 PM java.util.prefs.FileSystemPreferences checkLockFile0ErrorCode
2026-04-07 19:46:18,233 [ERROR] LogOutputStream:75 - [STDERR_REDIRECT] WARNING: Could not lock System prefs. Unix error code 2.
2026-04-07 19:46:18,233 [ERROR] LogOutputStream:75 - [STDERR_REDIRECT] 
2026-04-07 19:46:18,234 [ERROR] LogOutputStream:75 - [STDERR_REDIRECT] Apr 07, 2026 7:46:18 PM java.util.prefs.FileSystemPreferences syncWorld
2026-04-07 19:46:18,234 [ERROR] LogOutputStream:75 - [STDERR_REDIRECT] WARNING: Couldn't flush system prefs: java.util.prefs.BackingStoreException: Couldn't get file lock.
2026-04-07 19:46:18,234 [ERROR] LogOutputStream:75 - [STDERR_REDIRECT] 
2026-04-07 19:46:48,234 [ERROR] LogOutputStream:75 - [STDERR_REDIRECT] Apr 07, 2026 7:46:48 PM java.util.prefs.FileSystemPreferences checkLockFile0ErrorCode
2026-04-07 19:46:48,234 [ERROR] LogOutputStream:75 - [STDERR_REDIRECT] WARNING: Could not lock System prefs. Unix error code 2.
2026-04-07 19:46:48,234 [ERROR] LogOutputStream:75 - [STDERR_REDIRECT] 
2026-04-07 19:46:48,235 [ERROR] LogOutputStream:75 - [STDERR_REDIRECT] Apr 07, 2026 7:46:48 PM java.util.prefs.FileSystemPreferences syncWorld
2026-04-07 19:46:48,236 [ERROR] LogOutputStream:75 - [STDERR_REDIRECT] WARNING: Couldn't flush system prefs: java.util.prefs.BackingStoreException: Couldn't get file lock.
2026-04-07 19:46:48,236 [ERROR] LogOutputStream:75 - [STDERR_REDIRECT] 
2026-04-07 19:47:18,233 [ERROR] LogOutputStream:75 - [STDERR_REDIRECT] Apr 07, 2026 7:47:18 PM java.util.prefs.FileSystemPreferences checkLockFile0ErrorCode
2026-04-07 19:47:18,234 [ERROR] LogOutputStream:75 - [STDERR_REDIRECT] WARNING: Could not lock System prefs. Unix error code 2.
2026-04-07 19:47:18,234 [ERROR] LogOutputStream:75 - [STDERR_REDIRECT] 
2026-04-07 19:47:18,235 [ERROR] LogOutputStream:75 - [STDERR_REDIRECT] Apr 07, 2026 7:47:18 PM java.util.prefs.FileSystemPreferences syncWorld
2026-04-07 19:47:18,235 [ERROR] LogOutputStream:75 - [STDERR_REDIRECT] WARNING: Couldn't flush system prefs: java.util.prefs.BackingStoreException: Couldn't get file lock.
2026-04-07 19:47:18,235 [ERROR] LogOutputStream:75 - [STDERR_REDIRECT] 
2026-04-07 19:47:48,234 [ERROR] LogOutputStream:75 - [STDERR_REDIRECT] Apr 07, 2026 7:47:48 PM java.util.prefs.FileSystemPreferences checkLockFile0ErrorCode
2026-04-07 19:47:48,234 [ERROR] LogOutputStream:75 - [STDERR_REDIRECT] WARNING: Could not lock System prefs. Unix error code 2.
2026-04-07 19:47:48,234 [ERROR] LogOutputStream:75 - [STDERR_REDIRECT] 
2026-04-07 19:47:48,235 [ERROR] LogOutputStream:75 - [STDERR_REDIRECT] Apr 07, 2026 7:47:48 PM java.util.prefs.FileSystemPreferences syncWorld
2026-04-07 19:47:48,235 [ERROR] LogOutputStream:75 - [STDERR_REDIRECT] WARNING: Couldn't flush system prefs: java.util.prefs.BackingStoreException: Couldn't get file lock.
2026-04-07 19:47:48,235 [ERROR] LogOutputStream:75 - [STDERR_REDIRECT] 
2026-04-07 19:48:18,018 [ERROR] LogOutputStream:75 - [STDERR_REDIRECT] 
2026-04-07 19:48:18,019 [ERROR] LogOutputStream:75 - [STDERR_REDIRECT] 
